#
# There is insufficient memory for the Java Runtime Environment to continue.
# Native memory allocation (malloc) failed to allocate 1182896 bytes for Chunk::new
# Possible reasons:
#   The system is out of physical RAM or swap space
#   The process is running with CompressedOops enabled, and the Java Heap may be blocking the growth of the native heap
# Possible solutions:
#   Reduce memory load on the system
#   Increase physical memory or swap space
#   Check if swap backing store is full
#   Decrease Java heap size (-Xmx/-Xms)
#   Decrease number of Java threads
#   Decrease Java thread stack sizes (-Xss)
#   Set larger code cache with -XX:ReservedCodeCacheSize=
#   JVM is running with Unscaled Compressed Oops mode in which the Java heap is
#     placed in the first 4GB address space. The Java Heap base address is the
#     maximum limit for the native heap growth. Please use -XX:HeapBaseMinAddress
#     to set the Java Heap base and to place the Java Heap above 4GB virtual address.
# This output file may be truncated or incomplete.
#
#  Out of Memory Error (./src/hotspot/share/memory/arena.cpp:197), pid=8004, tid=13780
#
# JRE version: OpenJDK Runtime Environment (11.0.12+7) (build 11.0.12+7-b1504.28-7817840)
# Java VM: OpenJDK 64-Bit Server VM (11.0.12+7-b1504.28-7817840, mixed mode, tiered, compressed oops, g1 gc, windows-amd64)
# No core dump will be written. Minidumps are not enabled by default on client versions of Windows
#

---------------  S U M M A R Y ------------

Command Line: --add-opens=java.base/java.util=ALL-UNNAMED --add-opens=java.base/java.lang=ALL-UNNAMED --add-opens=java.base/java.lang.invoke=ALL-UNNAMED --add-opens=java.base/java.util=ALL-UNNAMED --add-opens=java.prefs/java.util.prefs=ALL-UNNAMED --add-opens=java.prefs/java.util.prefs=ALL-UNNAMED --add-opens=java.base/java.nio.charset=ALL-UNNAMED --add-opens=java.base/java.net=ALL-UNNAMED --add-opens=java.base/java.util.concurrent.atomic=ALL-UNNAMED -Xmx2048m -Dfile.encoding=UTF-8 -Duser.country=IN -Duser.language=en -Duser.variant org.gradle.launcher.daemon.bootstrap.GradleDaemon 7.2

Host: Intel(R) Core(TM) i5-8250U CPU @ 1.60GHz, 8 cores, 7G,  Windows 10 , 64 bit Build 19041 (10.0.19041.1889)
Time: Tue Aug 30 10:06:12 2022 India Standard Time elapsed time: 12.044888 seconds (0d 0h 0m 12s)

---------------  T H R E A D  ---------------

Current thread (0x0000019b48ab7000):  JavaThread "C2 CompilerThread0" daemon [_thread_in_native, id=13780, stack(0x0000005bd6e00000,0x0000005bd6f00000)]


Current CompileTask:
C2:  12044 8423 %     4       org.gradle.internal.instantiation.generator.AbstractClassGenerator::inspectType @ 77 (560 bytes)

Stack: [0x0000005bd6e00000,0x0000005bd6f00000]
Native frames: (J=compiled Java code, j=interpreted, Vv=VM code, C=native code)
V  [jvm.dll+0x5fbcea]
V  [jvm.dll+0x731905]
V  [jvm.dll+0x732f1d]
V  [jvm.dll+0x7335d3]
V  [jvm.dll+0x247bf8]
V  [jvm.dll+0xc018c]
V  [jvm.dll+0xc06cc]
V  [jvm.dll+0x2bcc04]
V  [jvm.dll+0x5113a8]
V  [jvm.dll+0x208303]
V  [jvm.dll+0x201fe0]
V  [jvm.dll+0x1ff71f]
V  [jvm.dll+0x18868c]
V  [jvm.dll+0x20e0d7]
V  [jvm.dll+0x20c901]
V  [jvm.dll+0x6f9b7f]
V  [jvm.dll+0x6f26a5]
V  [jvm.dll+0x5fabf6]
C  [ucrtbase.dll+0x21bb2]
C  [KERNEL32.DLL+0x17034]
C  [ntdll.dll+0x52651]


---------------  P R O C E S S  ---------------

Threads class SMR info:
_java_thread_list=0x0000019b4c772f80, length=125, elements={
0x0000019b2e60e800, 0x0000019b48a94800, 0x0000019b48a96800, 0x0000019b48aae800,
0x0000019b48aaf800, 0x0000019b48ab2000, 0x0000019b48ab7000, 0x0000019b48ab8800,
0x0000019b48abd000, 0x0000019b49580000, 0x0000019b4ad9f000, 0x0000019b49698800,
0x0000019b4b59a800, 0x0000019b4b2d8800, 0x0000019b4b681000, 0x0000019b4b778000,
0x0000019b4b7a7800, 0x0000019b4b607800, 0x0000019b4ad12000, 0x0000019b4c0dd800,
0x0000019b4c0e0000, 0x0000019b4c0de000, 0x0000019b4c0da000, 0x0000019b4c0dc800,
0x0000019b4c0df000, 0x0000019b4c0db800, 0x0000019b4c0e0800, 0x0000019b4c0db000,
0x0000019b4f1cf000, 0x0000019b4f1ce000, 0x0000019b4f1d4000, 0x0000019b4f1d1800,
0x0000019b4f1d5800, 0x0000019b4f1d8000, 0x0000019b4f1d2000, 0x0000019b4f1da800,
0x0000019b4f1d9800, 0x0000019b4f1d8800, 0x0000019b4f1db000, 0x0000019b4f1dc000,
0x0000019b4f1dd000, 0x0000019b4fb99000, 0x0000019b4fb99800, 0x0000019b4fb9a800,
0x0000019b4fb9b800, 0x0000019b4fb98000, 0x0000019b4fb9c000, 0x0000019b4fb97800,
0x0000019b4fba1000, 0x0000019b4fb9f800, 0x0000019b4fba2800, 0x0000019b4fb9d000,
0x0000019b4fba0800, 0x0000019b4fb9e000, 0x0000019b4fba4800, 0x0000019b4fba3800,
0x0000019b4fb9e800, 0x0000019b4fba5000, 0x0000019b4fba2000, 0x0000019b4fba6000,
0x0000019b4d2cc800, 0x0000019b4d2ce000, 0x0000019b4d2cf000, 0x0000019b4d2cd800,
0x0000019b4d2ca000, 0x0000019b4d2d0000, 0x0000019b4d2d0800, 0x0000019b4d2cb000,
0x0000019b4d2d1800, 0x0000019b4d2cc000, 0x0000019b4d2d3000, 0x0000019b4d2d4800,
0x0000019b4d2d5800, 0x0000019b4d2d6800, 0x0000019b4d2d4000, 0x0000019b4d2d7000,
0x0000019b4d2d8000, 0x0000019b4d2d2800, 0x0000019b4d2d9000, 0x0000019b4cf6f000,
0x0000019b4cf6d800, 0x0000019b4cf70800, 0x0000019b4cf71800, 0x0000019b4cf6c800,
0x0000019b4cf70000, 0x0000019b4cf72000, 0x0000019b4cf73000, 0x0000019b4cf74000,
0x0000019b4cf6e000, 0x0000019b4cf7a800, 0x0000019b4cf76800, 0x0000019b4cf75800,
0x0000019b4cf74800, 0x0000019b4cf77000, 0x0000019b4cf79800, 0x0000019b4cf7b000,
0x0000019b4cf78000, 0x0000019b4cf78800, 0x0000019b4fb52800, 0x0000019b4fb50000,
0x0000019b4fb54800, 0x0000019b4fb53800, 0x0000019b4fb55000, 0x0000019b4fb52000,
0x0000019b4fb56000, 0x0000019b4fb56800, 0x0000019b4fb51000, 0x0000019b4fb5d800,
0x0000019b4fb5c800, 0x0000019b4fb5a000, 0x0000019b4fb5b800, 0x0000019b4fb58800,
0x0000019b4fb59000, 0x0000019b4fb5b000, 0x0000019b4fb57800, 0x0000019b4fb5e000,
0x0000019b4fb5f000, 0x0000019b50009800, 0x0000019b5000d800, 0x0000019b5000c800,
0x0000019b5000b000, 0x0000019b4c4fc000, 0x0000019b49704000, 0x0000019b5000c000,
0x0000019b5000a000
}

Java Threads: ( => current thread )
  0x0000019b2e60e800 JavaThread "main" [_thread_blocked, id=17072, stack(0x0000005bd6200000,0x0000005bd6300000)]
  0x0000019b48a94800 JavaThread "Reference Handler" daemon [_thread_blocked, id=14892, stack(0x0000005bd6900000,0x0000005bd6a00000)]
  0x0000019b48a96800 JavaThread "Finalizer" daemon [_thread_blocked, id=1880, stack(0x0000005bd6a00000,0x0000005bd6b00000)]
  0x0000019b48aae800 JavaThread "Signal Dispatcher" daemon [_thread_blocked, id=14920, stack(0x0000005bd6b00000,0x0000005bd6c00000)]
  0x0000019b48aaf800 JavaThread "Attach Listener" daemon [_thread_blocked, id=7352, stack(0x0000005bd6c00000,0x0000005bd6d00000)]
  0x0000019b48ab2000 JavaThread "Service Thread" daemon [_thread_blocked, id=19448, stack(0x0000005bd6d00000,0x0000005bd6e00000)]
=>0x0000019b48ab7000 JavaThread "C2 CompilerThread0" daemon [_thread_in_native, id=13780, stack(0x0000005bd6e00000,0x0000005bd6f00000)]
  0x0000019b48ab8800 JavaThread "C1 CompilerThread0" daemon [_thread_in_native, id=8220, stack(0x0000005bd6f00000,0x0000005bd7000000)]
  0x0000019b48abd000 JavaThread "Sweeper thread" daemon [_thread_blocked, id=9080, stack(0x0000005bd7000000,0x0000005bd7100000)]
  0x0000019b49580000 JavaThread "Common-Cleaner" daemon [_thread_blocked, id=14752, stack(0x0000005bd7100000,0x0000005bd7200000)]
  0x0000019b4ad9f000 JavaThread "Daemon health stats" [_thread_blocked, id=6840, stack(0x0000005bd7700000,0x0000005bd7800000)]
  0x0000019b49698800 JavaThread "Incoming local TCP Connector on port 56211" [_thread_in_native, id=16432, stack(0x0000005bd7300000,0x0000005bd7400000)]
  0x0000019b4b59a800 JavaThread "Daemon periodic checks" [_thread_blocked, id=15184, stack(0x0000005bd7400000,0x0000005bd7500000)]
  0x0000019b4b2d8800 JavaThread "Daemon" [_thread_blocked, id=7072, stack(0x0000005bd7800000,0x0000005bd7900000)]
  0x0000019b4b681000 JavaThread "Handler for socket connection from /127.0.0.1:56211 to /127.0.0.1:56212" [_thread_in_native, id=17232, stack(0x0000005bd7900000,0x0000005bd7a00000)]
  0x0000019b4b778000 JavaThread "Cancel handler" [_thread_blocked, id=20960, stack(0x0000005bd7a00000,0x0000005bd7b00000)]
  0x0000019b4b7a7800 JavaThread "Daemon worker" [_thread_in_Java, id=14340, stack(0x0000005bd7b00000,0x0000005bd7c00000)]
  0x0000019b4b607800 JavaThread "Asynchronous log dispatcher for DefaultDaemonConnection: socket connection from /127.0.0.1:56211 to /127.0.0.1:56212" [_thread_blocked, id=10012, stack(0x0000005bd7c00000,0x0000005bd7d00000)]
  0x0000019b4ad12000 JavaThread "Stdin handler" [_thread_blocked, id=11872, stack(0x0000005bd7d00000,0x0000005bd7e00000)]
  0x0000019b4c0dd800 JavaThread "Daemon client event forwarder" [_thread_blocked, id=21156, stack(0x0000005bd7e00000,0x0000005bd7f00000)]
  0x0000019b4c0e0000 JavaThread "Cache worker for journal cache (C:\Users\user\.gradle\caches\journal-1)" [_thread_blocked, id=20540, stack(0x0000005bd8400000,0x0000005bd8500000)]
  0x0000019b4c0de000 JavaThread "File lock request listener" [_thread_in_native, id=21276, stack(0x0000005bd8500000,0x0000005bd8600000)]
  0x0000019b4c0da000 JavaThread "Cache worker for file hash cache (C:\Users\user\.gradle\caches\7.2\fileHashes)" [_thread_blocked, id=19332, stack(0x0000005bd8600000,0x0000005bd8700000)]
  0x0000019b4c0dc800 JavaThread "Cache worker for file hash cache (D:\Android Project\machine_enquiry\.gradle\7.2\fileHashes)" [_thread_blocked, id=8380, stack(0x0000005bd8900000,0x0000005bd8a00000)]
  0x0000019b4c0df000 JavaThread "File watcher server" daemon [_thread_in_native, id=1208, stack(0x0000005bd8a00000,0x0000005bd8b00000)]
  0x0000019b4c0db800 JavaThread "File watcher consumer" daemon [_thread_blocked, id=16268, stack(0x0000005bd8b00000,0x0000005bd8c00000)]
  0x0000019b4c0e0800 JavaThread "Cache worker for checksums cache (D:\Android Project\machine_enquiry\.gradle\checksums)" [_thread_blocked, id=16576, stack(0x0000005bd8c00000,0x0000005bd8d00000)]
  0x0000019b4c0db000 JavaThread "Cache worker for cache directory md-supplier (C:\Users\user\.gradle\caches\7.2\md-supplier)" [_thread_blocked, id=20180, stack(0x0000005bd8d00000,0x0000005bd8e00000)]
  0x0000019b4f1cf000 JavaThread "Cache worker for cache directory md-rule (C:\Users\user\.gradle\caches\7.2\md-rule)" [_thread_blocked, id=2168, stack(0x0000005bd8f00000,0x0000005bd9000000)]
  0x0000019b4f1ce000 JavaThread "Cache worker for execution history cache (C:\Users\user\.gradle\caches\7.2\executionHistory)" [_thread_blocked, id=20300, stack(0x0000005bd9000000,0x0000005bd9100000)]
  0x0000019b4f1d4000 JavaThread "jar transforms" [_thread_blocked, id=7480, stack(0x0000005bd9100000,0x0000005bd9200000)]
  0x0000019b4f1d1800 JavaThread "jar transforms Thread 2" [_thread_blocked, id=15824, stack(0x0000005bd9200000,0x0000005bd9300000)]
  0x0000019b4f1d5800 JavaThread "Cache worker for file content cache (C:\Users\user\.gradle\caches\7.2\fileContent)" [_thread_blocked, id=13700, stack(0x0000005bd9300000,0x0000005bd9400000)]
  0x0000019b4f1d8000 JavaThread "Cache worker for dependencies-accessors (D:\Android Project\machine_enquiry\.gradle\7.2\dependencies-accessors)" [_thread_blocked, id=512, stack(0x0000005bd9400000,0x0000005bd9500000)]
  0x0000019b4f1d2000 JavaThread "jar transforms Thread 3" [_thread_blocked, id=736, stack(0x0000005bd9500000,0x0000005bd9600000)]
  0x0000019b4f1da800 JavaThread "Cache worker for Build Output Cleanup Cache (D:\Android Project\machine_enquiry\.gradle\buildOutputCleanup)" [_thread_blocked, id=17808, stack(0x0000005bd9600000,0x0000005bd9700000)]
  0x0000019b4f1d9800 JavaThread "Unconstrained build operations" [_thread_blocked, id=19608, stack(0x0000005bd9700000,0x0000005bd9800000)]
  0x0000019b4f1d8800 JavaThread "Unconstrained build operations Thread 2" [_thread_blocked, id=8748, stack(0x0000005bd9800000,0x0000005bd9900000)]
  0x0000019b4f1db000 JavaThread "Unconstrained build operations Thread 3" [_thread_blocked, id=15028, stack(0x0000005bd9900000,0x0000005bd9a00000)]
  0x0000019b4f1dc000 JavaThread "Unconstrained build operations Thread 4" [_thread_blocked, id=19784, stack(0x0000005bd9a00000,0x0000005bd9b00000)]
  0x0000019b4f1dd000 JavaThread "Unconstrained build operations Thread 5" [_thread_blocked, id=20272, stack(0x0000005bd9b00000,0x0000005bd9c00000)]
  0x0000019b4fb99000 JavaThread "Unconstrained build operations Thread 6" [_thread_blocked, id=18560, stack(0x0000005bd9c00000,0x0000005bd9d00000)]
  0x0000019b4fb99800 JavaThread "Unconstrained build operations Thread 7" [_thread_blocked, id=1740, stack(0x0000005bd9d00000,0x0000005bd9e00000)]
  0x0000019b4fb9a800 JavaThread "Unconstrained build operations Thread 8" [_thread_blocked, id=2324, stack(0x0000005bd9e00000,0x0000005bd9f00000)]
  0x0000019b4fb9b800 JavaThread "Unconstrained build operations Thread 9" [_thread_blocked, id=18632, stack(0x0000005bd9f00000,0x0000005bda000000)]
  0x0000019b4fb98000 JavaThread "Unconstrained build operations Thread 10" [_thread_blocked, id=14972, stack(0x0000005bda000000,0x0000005bda100000)]
  0x0000019b4fb9c000 JavaThread "Unconstrained build operations Thread 11" [_thread_blocked, id=2940, stack(0x0000005bda100000,0x0000005bda200000)]
  0x0000019b4fb97800 JavaThread "Unconstrained build operations Thread 12" [_thread_blocked, id=16336, stack(0x0000005bda200000,0x0000005bda300000)]
  0x0000019b4fba1000 JavaThread "Unconstrained build operations Thread 13" [_thread_blocked, id=13392, stack(0x0000005bda300000,0x0000005bda400000)]
  0x0000019b4fb9f800 JavaThread "Unconstrained build operations Thread 14" [_thread_blocked, id=7676, stack(0x0000005bda400000,0x0000005bda500000)]
  0x0000019b4fba2800 JavaThread "Unconstrained build operations Thread 15" [_thread_blocked, id=21252, stack(0x0000005bda500000,0x0000005bda600000)]
  0x0000019b4fb9d000 JavaThread "Unconstrained build operations Thread 16" [_thread_blocked, id=15320, stack(0x0000005bda600000,0x0000005bda700000)]
  0x0000019b4fba0800 JavaThread "Unconstrained build operations Thread 17" [_thread_blocked, id=21272, stack(0x0000005bda700000,0x0000005bda800000)]
  0x0000019b4fb9e000 JavaThread "Unconstrained build operations Thread 18" [_thread_blocked, id=16552, stack(0x0000005bda800000,0x0000005bda900000)]
  0x0000019b4fba4800 JavaThread "Unconstrained build operations Thread 19" [_thread_blocked, id=20492, stack(0x0000005bda900000,0x0000005bdaa00000)]
  0x0000019b4fba3800 JavaThread "Unconstrained build operations Thread 20" [_thread_blocked, id=9296, stack(0x0000005bdaa00000,0x0000005bdab00000)]
  0x0000019b4fb9e800 JavaThread "Unconstrained build operations Thread 21" [_thread_blocked, id=15568, stack(0x0000005bdab00000,0x0000005bdac00000)]
  0x0000019b4fba5000 JavaThread "Unconstrained build operations Thread 22" [_thread_blocked, id=12308, stack(0x0000005bdac00000,0x0000005bdad00000)]
  0x0000019b4fba2000 JavaThread "Unconstrained build operations Thread 23" [_thread_blocked, id=17876, stack(0x0000005bdad00000,0x0000005bdae00000)]
  0x0000019b4fba6000 JavaThread "Unconstrained build operations Thread 24" [_thread_blocked, id=19296, stack(0x0000005bdae00000,0x0000005bdaf00000)]
  0x0000019b4d2cc800 JavaThread "Unconstrained build operations Thread 25" [_thread_blocked, id=21464, stack(0x0000005bdaf00000,0x0000005bdb000000)]
  0x0000019b4d2ce000 JavaThread "Unconstrained build operations Thread 26" [_thread_blocked, id=12644, stack(0x0000005bdb000000,0x0000005bdb100000)]
  0x0000019b4d2cf000 JavaThread "Unconstrained build operations Thread 27" [_thread_blocked, id=13784, stack(0x0000005bdb100000,0x0000005bdb200000)]
  0x0000019b4d2cd800 JavaThread "Unconstrained build operations Thread 28" [_thread_blocked, id=16240, stack(0x0000005bdb200000,0x0000005bdb300000)]
  0x0000019b4d2ca000 JavaThread "Unconstrained build operations Thread 29" [_thread_blocked, id=9092, stack(0x0000005bdb300000,0x0000005bdb400000)]
  0x0000019b4d2d0000 JavaThread "Unconstrained build operations Thread 30" [_thread_blocked, id=4224, stack(0x0000005bdb400000,0x0000005bdb500000)]
  0x0000019b4d2d0800 JavaThread "Unconstrained build operations Thread 31" [_thread_blocked, id=12380, stack(0x0000005bdb500000,0x0000005bdb600000)]
  0x0000019b4d2cb000 JavaThread "Unconstrained build operations Thread 32" [_thread_blocked, id=10896, stack(0x0000005bdb600000,0x0000005bdb700000)]
  0x0000019b4d2d1800 JavaThread "Unconstrained build operations Thread 33" [_thread_blocked, id=20828, stack(0x0000005bdb700000,0x0000005bdb800000)]
  0x0000019b4d2cc000 JavaThread "Unconstrained build operations Thread 34" [_thread_blocked, id=9020, stack(0x0000005bdb800000,0x0000005bdb900000)]
  0x0000019b4d2d3000 JavaThread "Unconstrained build operations Thread 35" [_thread_blocked, id=18472, stack(0x0000005bdb900000,0x0000005bdba00000)]
  0x0000019b4d2d4800 JavaThread "Unconstrained build operations Thread 36" [_thread_blocked, id=14112, stack(0x0000005bdba00000,0x0000005bdbb00000)]
  0x0000019b4d2d5800 JavaThread "Unconstrained build operations Thread 37" [_thread_blocked, id=19300, stack(0x0000005bdbb00000,0x0000005bdbc00000)]
  0x0000019b4d2d6800 JavaThread "Unconstrained build operations Thread 38" [_thread_blocked, id=13848, stack(0x0000005bdbc00000,0x0000005bdbd00000)]
  0x0000019b4d2d4000 JavaThread "Unconstrained build operations Thread 39" [_thread_blocked, id=15572, stack(0x0000005bdbd00000,0x0000005bdbe00000)]
  0x0000019b4d2d7000 JavaThread "Unconstrained build operations Thread 40" [_thread_blocked, id=17612, stack(0x0000005bdbe00000,0x0000005bdbf00000)]
  0x0000019b4d2d8000 JavaThread "Unconstrained build operations Thread 41" [_thread_blocked, id=14864, stack(0x0000005bdbf00000,0x0000005bdc000000)]
  0x0000019b4d2d2800 JavaThread "Unconstrained build operations Thread 42" [_thread_blocked, id=9012, stack(0x0000005bdc000000,0x0000005bdc100000)]
  0x0000019b4d2d9000 JavaThread "Unconstrained build operations Thread 43" [_thread_blocked, id=11412, stack(0x0000005bdc100000,0x0000005bdc200000)]
  0x0000019b4cf6f000 JavaThread "Unconstrained build operations Thread 44" [_thread_blocked, id=12504, stack(0x0000005bdc200000,0x0000005bdc300000)]
  0x0000019b4cf6d800 JavaThread "Unconstrained build operations Thread 45" [_thread_blocked, id=12880, stack(0x0000005bdc300000,0x0000005bdc400000)]
  0x0000019b4cf70800 JavaThread "Unconstrained build operations Thread 46" [_thread_blocked, id=21380, stack(0x0000005bdc400000,0x0000005bdc500000)]
  0x0000019b4cf71800 JavaThread "Unconstrained build operations Thread 47" [_thread_blocked, id=17740, stack(0x0000005bdc500000,0x0000005bdc600000)]
  0x0000019b4cf6c800 JavaThread "Unconstrained build operations Thread 48" [_thread_blocked, id=10920, stack(0x0000005bdc600000,0x0000005bdc700000)]
  0x0000019b4cf70000 JavaThread "Unconstrained build operations Thread 49" [_thread_blocked, id=12948, stack(0x0000005bdc700000,0x0000005bdc800000)]
  0x0000019b4cf72000 JavaThread "Unconstrained build operations Thread 50" [_thread_blocked, id=8376, stack(0x0000005bdc800000,0x0000005bdc900000)]
  0x0000019b4cf73000 JavaThread "Unconstrained build operations Thread 51" [_thread_blocked, id=17596, stack(0x0000005bdc900000,0x0000005bdca00000)]
  0x0000019b4cf74000 JavaThread "Unconstrained build operations Thread 52" [_thread_blocked, id=17592, stack(0x0000005bdca00000,0x0000005bdcb00000)]
  0x0000019b4cf6e000 JavaThread "Unconstrained build operations Thread 53" [_thread_blocked, id=12472, stack(0x0000005bdcb00000,0x0000005bdcc00000)]
  0x0000019b4cf7a800 JavaThread "Unconstrained build operations Thread 54" [_thread_blocked, id=8256, stack(0x0000005bdcc00000,0x0000005bdcd00000)]
  0x0000019b4cf76800 JavaThread "Unconstrained build operations Thread 55" [_thread_blocked, id=20812, stack(0x0000005bdcd00000,0x0000005bdce00000)]
  0x0000019b4cf75800 JavaThread "Unconstrained build operations Thread 56" [_thread_blocked, id=17984, stack(0x0000005bdce00000,0x0000005bdcf00000)]
  0x0000019b4cf74800 JavaThread "Unconstrained build operations Thread 57" [_thread_blocked, id=18704, stack(0x0000005bdcf00000,0x0000005bdd000000)]
  0x0000019b4cf77000 JavaThread "Unconstrained build operations Thread 58" [_thread_blocked, id=13612, stack(0x0000005bdd000000,0x0000005bdd100000)]
  0x0000019b4cf79800 JavaThread "Unconstrained build operations Thread 59" [_thread_blocked, id=6556, stack(0x0000005bdd100000,0x0000005bdd200000)]
  0x0000019b4cf7b000 JavaThread "Unconstrained build operations Thread 60" [_thread_blocked, id=12200, stack(0x0000005bdd200000,0x0000005bdd300000)]
  0x0000019b4cf78000 JavaThread "Unconstrained build operations Thread 61" [_thread_blocked, id=4304, stack(0x0000005bdd300000,0x0000005bdd400000)]
  0x0000019b4cf78800 JavaThread "Unconstrained build operations Thread 62" [_thread_blocked, id=15272, stack(0x0000005bdd400000,0x0000005bdd500000)]
  0x0000019b4fb52800 JavaThread "Unconstrained build operations Thread 63" [_thread_blocked, id=3080, stack(0x0000005bdd500000,0x0000005bdd600000)]
  0x0000019b4fb50000 JavaThread "Unconstrained build operations Thread 64" [_thread_blocked, id=12460, stack(0x0000005bdd600000,0x0000005bdd700000)]
  0x0000019b4fb54800 JavaThread "Unconstrained build operations Thread 65" [_thread_blocked, id=13604, stack(0x0000005bdd700000,0x0000005bdd800000)]
  0x0000019b4fb53800 JavaThread "Unconstrained build operations Thread 66" [_thread_blocked, id=2276, stack(0x0000005bdd800000,0x0000005bdd900000)]
  0x0000019b4fb55000 JavaThread "Unconstrained build operations Thread 67" [_thread_blocked, id=19356, stack(0x0000005bdd900000,0x0000005bdda00000)]
  0x0000019b4fb52000 JavaThread "Unconstrained build operations Thread 68" [_thread_blocked, id=17196, stack(0x0000005bdda00000,0x0000005bddb00000)]
  0x0000019b4fb56000 JavaThread "Unconstrained build operations Thread 69" [_thread_blocked, id=15848, stack(0x0000005bddb00000,0x0000005bddc00000)]
  0x0000019b4fb56800 JavaThread "Unconstrained build operations Thread 70" [_thread_blocked, id=5500, stack(0x0000005bddc00000,0x0000005bddd00000)]
  0x0000019b4fb51000 JavaThread "Unconstrained build operations Thread 71" [_thread_blocked, id=3228, stack(0x0000005bddd00000,0x0000005bdde00000)]
  0x0000019b4fb5d800 JavaThread "Unconstrained build operations Thread 72" [_thread_blocked, id=6100, stack(0x0000005bdde00000,0x0000005bddf00000)]
  0x0000019b4fb5c800 JavaThread "Unconstrained build operations Thread 73" [_thread_blocked, id=6860, stack(0x0000005bddf00000,0x0000005bde000000)]
  0x0000019b4fb5a000 JavaThread "Unconstrained build operations Thread 74" [_thread_blocked, id=21136, stack(0x0000005bde000000,0x0000005bde100000)]
  0x0000019b4fb5b800 JavaThread "Unconstrained build operations Thread 75" [_thread_blocked, id=13852, stack(0x0000005bde100000,0x0000005bde200000)]
  0x0000019b4fb58800 JavaThread "Unconstrained build operations Thread 76" [_thread_blocked, id=3928, stack(0x0000005bde200000,0x0000005bde300000)]
  0x0000019b4fb59000 JavaThread "Unconstrained build operations Thread 77" [_thread_blocked, id=15856, stack(0x0000005bde300000,0x0000005bde400000)]
  0x0000019b4fb5b000 JavaThread "Unconstrained build operations Thread 78" [_thread_blocked, id=5404, stack(0x0000005bde400000,0x0000005bde500000)]
  0x0000019b4fb57800 JavaThread "Unconstrained build operations Thread 79" [_thread_blocked, id=16680, stack(0x0000005bde500000,0x0000005bde600000)]
  0x0000019b4fb5e000 JavaThread "Unconstrained build operations Thread 80" [_thread_blocked, id=18120, stack(0x0000005bde600000,0x0000005bde700000)]
  0x0000019b4fb5f000 JavaThread "jar transforms Thread 4" [_thread_blocked, id=4836, stack(0x0000005bde700000,0x0000005bde800000)]
  0x0000019b50009800 JavaThread "jar transforms Thread 5" [_thread_blocked, id=17012, stack(0x0000005bde800000,0x0000005bde900000)]
  0x0000019b5000d800 JavaThread "jar transforms Thread 6" [_thread_blocked, id=2164, stack(0x0000005bde900000,0x0000005bdea00000)]
  0x0000019b5000c800 JavaThread "jar transforms Thread 7" [_thread_blocked, id=11636, stack(0x0000005bdea00000,0x0000005bdeb00000)]
  0x0000019b5000b000 JavaThread "jar transforms Thread 8" [_thread_blocked, id=11252, stack(0x0000005bdeb00000,0x0000005bdec00000)]
  0x0000019b4c4fc000 JavaThread "C2 CompilerThread1" daemon [_thread_in_native, id=8536, stack(0x0000005bd8800000,0x0000005bd8900000)]
  0x0000019b49704000 JavaThread "C2 CompilerThread2" daemon [_thread_in_native, id=15536, stack(0x0000005bd8e00000,0x0000005bd8f00000)]
  0x0000019b5000c000 JavaThread "Memory manager" [_thread_blocked, id=6280, stack(0x0000005bdec00000,0x0000005bded00000)]
  0x0000019b5000a000 JavaThread "build event listener" [_thread_blocked, id=12888, stack(0x0000005bded00000,0x0000005bdee00000)]

Other Threads:
  0x0000019b48a90000 VMThread "VM Thread" [stack: 0x0000005bd6800000,0x0000005bd6900000] [id=1628]
  0x0000019b495a6800 WatcherThread [stack: 0x0000005bd7200000,0x0000005bd7300000] [id=13464]
  0x0000019b2e627000 GCTaskThread "GC Thread#0" [stack: 0x0000005bd6300000,0x0000005bd6400000] [id=19216]
  0x0000019b4a919800 GCTaskThread "GC Thread#1" [stack: 0x0000005bd7500000,0x0000005bd7600000] [id=8708]
  0x0000019b4a962800 GCTaskThread "GC Thread#2" [stack: 0x0000005bd7600000,0x0000005bd7700000] [id=12852]
  0x0000019b4ac75000 GCTaskThread "GC Thread#3" [stack: 0x0000005bd7f00000,0x0000005bd8000000] [id=8968]
  0x0000019b4a259800 GCTaskThread "GC Thread#4" [stack: 0x0000005bd8000000,0x0000005bd8100000] [id=20920]
  0x0000019b4b1c1800 GCTaskThread "GC Thread#5" [stack: 0x0000005bd8100000,0x0000005bd8200000] [id=18404]
  0x0000019b4c68e000 GCTaskThread "GC Thread#6" [stack: 0x0000005bd8200000,0x0000005bd8300000] [id=14816]
  0x0000019b4a49d000 GCTaskThread "GC Thread#7" [stack: 0x0000005bd8300000,0x0000005bd8400000] [id=18964]
  0x0000019b2e657000 ConcurrentGCThread "G1 Main Marker" [stack: 0x0000005bd6400000,0x0000005bd6500000] [id=6932]
  0x0000019b2e658800 ConcurrentGCThread "G1 Conc#0" [stack: 0x0000005bd6500000,0x0000005bd6600000] [id=17396]
  0x0000019b4a94a800 ConcurrentGCThread "G1 Conc#1" [stack: 0x0000005bd8700000,0x0000005bd8800000] [id=20712]
  0x0000019b488e0800 ConcurrentGCThread "G1 Refine#0" [stack: 0x0000005bd6600000,0x0000005bd6700000] [id=2692]
  0x0000019b488e1800 ConcurrentGCThread "G1 Young RemSet Sampling" [stack: 0x0000005bd6700000,0x0000005bd6800000] [id=12720]

Threads with active compile tasks:
C2 CompilerThread0  12091 8423 %     4       org.gradle.internal.instantiation.generator.AbstractClassGenerator::inspectType @ 77 (560 bytes)
C1 CompilerThread0  12091 8682       2       com.google.common.collect.ImmutableCollection$Builder::addAll (34 bytes)
C2 CompilerThread1  12091 8422 %     4       org.apache.commons.io.FilenameUtils::doNormalize @ 134 (534 bytes)
C2 CompilerThread2  12091 8219       4       java.lang.Class::getAnnotation (22 bytes)

VM state:not at safepoint (normal execution)

VM Mutex/Monitor currently owned by a thread: None

Heap address: 0x0000000080000000, size: 2048 MB, Compressed Oops mode: 32-bit
Narrow klass base: 0x0000000000000000, Narrow klass shift: 3
Compressed class space size: 1073741824 Address: 0x0000000100000000

Heap:
 garbage-first heap   total 187392K, used 119595K [0x0000000080000000, 0x0000000100000000)
  region size 1024K, 55 young (56320K), 10 survivors (10240K)
 Metaspace       used 84867K, capacity 86884K, committed 87040K, reserved 1124352K
  class space    used 11032K, capacity 11790K, committed 11852K, reserved 1048576K
Heap Regions: E=young(eden), S=young(survivor), O=old, HS=humongous(starts), HC=humongous(continues), CS=collection set, F=free, A=archive, TAMS=top-at-mark-start (previous, next)
|   0|0x0000000080000000, 0x0000000080100000, 0x0000000080100000|100%| O|  |TAMS 0x0000000080100000, 0x0000000080000000| Untracked 
|   1|0x0000000080100000, 0x0000000080200000, 0x0000000080200000|100%| O|  |TAMS 0x0000000080200000, 0x0000000080100000| Untracked 
|   2|0x0000000080200000, 0x0000000080300000, 0x0000000080300000|100%| O|  |TAMS 0x0000000080300000, 0x0000000080200000| Untracked 
|   3|0x0000000080300000, 0x0000000080400000, 0x0000000080400000|100%|HS|  |TAMS 0x0000000080400000, 0x0000000080300000| Complete 
|   4|0x0000000080400000, 0x0000000080500000, 0x0000000080500000|100%|HC|  |TAMS 0x0000000080500000, 0x0000000080400000| Complete 
|   5|0x0000000080500000, 0x0000000080600000, 0x0000000080600000|100%|HC|  |TAMS 0x0000000080600000, 0x0000000080500000| Complete 
|   6|0x0000000080600000, 0x0000000080700000, 0x0000000080700000|100%| O|  |TAMS 0x0000000080700000, 0x0000000080600000| Untracked 
|   7|0x0000000080700000, 0x0000000080800000, 0x0000000080800000|100%| O|  |TAMS 0x0000000080800000, 0x0000000080700000| Untracked 
|   8|0x0000000080800000, 0x0000000080900000, 0x0000000080900000|100%| O|  |TAMS 0x0000000080900000, 0x0000000080800000| Untracked 
|   9|0x0000000080900000, 0x0000000080a00000, 0x0000000080a00000|100%| O|  |TAMS 0x0000000080a00000, 0x0000000080900000| Untracked 
|  10|0x0000000080a00000, 0x0000000080b00000, 0x0000000080b00000|100%| O|  |TAMS 0x0000000080b00000, 0x0000000080a00000| Untracked 
|  11|0x0000000080b00000, 0x0000000080c00000, 0x0000000080c00000|100%| O|  |TAMS 0x0000000080c00000, 0x0000000080b00000| Untracked 
|  12|0x0000000080c00000, 0x0000000080d00000, 0x0000000080d00000|100%| O|  |TAMS 0x0000000080d00000, 0x0000000080c00000| Untracked 
|  13|0x0000000080d00000, 0x0000000080e00000, 0x0000000080e00000|100%| O|  |TAMS 0x0000000080e00000, 0x0000000080d00000| Untracked 
|  14|0x0000000080e00000, 0x0000000080f00000, 0x0000000080f00000|100%| O|  |TAMS 0x0000000080f00000, 0x0000000080e00000| Untracked 
|  15|0x0000000080f00000, 0x0000000081000000, 0x0000000081000000|100%| O|  |TAMS 0x0000000081000000, 0x0000000080f00000| Untracked 
|  16|0x0000000081000000, 0x0000000081100000, 0x0000000081100000|100%| O|  |TAMS 0x0000000081100000, 0x0000000081000000| Untracked 
|  17|0x0000000081100000, 0x0000000081200000, 0x0000000081200000|100%| O|  |TAMS 0x0000000081200000, 0x0000000081100000| Untracked 
|  18|0x0000000081200000, 0x0000000081300000, 0x0000000081300000|100%| O|  |TAMS 0x0000000081300000, 0x0000000081200000| Untracked 
|  19|0x0000000081300000, 0x0000000081400000, 0x0000000081400000|100%|HS|  |TAMS 0x0000000081400000, 0x0000000081300000| Complete 
|  20|0x0000000081400000, 0x0000000081500000, 0x0000000081500000|100%| O|  |TAMS 0x0000000081500000, 0x0000000081400000| Untracked 
|  21|0x0000000081500000, 0x0000000081600000, 0x0000000081600000|100%| O|  |TAMS 0x0000000081600000, 0x0000000081500000| Untracked 
|  22|0x0000000081600000, 0x0000000081700000, 0x0000000081700000|100%| O|  |TAMS 0x0000000081700000, 0x0000000081600000| Untracked 
|  23|0x0000000081700000, 0x0000000081800000, 0x0000000081800000|100%| O|  |TAMS 0x0000000081800000, 0x0000000081700000| Untracked 
|  24|0x0000000081800000, 0x0000000081900000, 0x0000000081900000|100%|HS|  |TAMS 0x0000000081900000, 0x0000000081800000| Complete 
|  25|0x0000000081900000, 0x0000000081a00000, 0x0000000081a00000|100%|HS|  |TAMS 0x0000000081a00000, 0x0000000081900000| Complete 
|  26|0x0000000081a00000, 0x0000000081b00000, 0x0000000081b00000|100%|HS|  |TAMS 0x0000000081b00000, 0x0000000081a00000| Complete 
|  27|0x0000000081b00000, 0x0000000081c00000, 0x0000000081c00000|100%|HS|  |TAMS 0x0000000081c00000, 0x0000000081b00000| Complete 
|  28|0x0000000081c00000, 0x0000000081d00000, 0x0000000081d00000|100%|HC|  |TAMS 0x0000000081d00000, 0x0000000081c00000| Complete 
|  29|0x0000000081d00000, 0x0000000081e00000, 0x0000000081e00000|100%|HC|  |TAMS 0x0000000081e00000, 0x0000000081d00000| Complete 
|  30|0x0000000081e00000, 0x0000000081f00000, 0x0000000081f00000|100%|HS|  |TAMS 0x0000000081f00000, 0x0000000081e00000| Complete 
|  31|0x0000000081f00000, 0x0000000082000000, 0x0000000082000000|100%|HC|  |TAMS 0x0000000082000000, 0x0000000081f00000| Complete 
|  32|0x0000000082000000, 0x0000000082100000, 0x0000000082100000|100%| O|  |TAMS 0x0000000082100000, 0x0000000082000000| Untracked 
|  33|0x0000000082100000, 0x0000000082200000, 0x0000000082200000|100%| O|  |TAMS 0x0000000082200000, 0x0000000082100000| Untracked 
|  34|0x0000000082200000, 0x0000000082300000, 0x0000000082300000|100%| O|  |TAMS 0x0000000082300000, 0x0000000082200000| Untracked 
|  35|0x0000000082300000, 0x0000000082400000, 0x0000000082400000|100%| O|  |TAMS 0x0000000082400000, 0x0000000082300000| Untracked 
|  36|0x0000000082400000, 0x0000000082500000, 0x0000000082500000|100%| O|  |TAMS 0x0000000082500000, 0x0000000082400000| Untracked 
|  37|0x0000000082500000, 0x0000000082600000, 0x0000000082600000|100%| O|  |TAMS 0x0000000082600000, 0x0000000082500000| Untracked 
|  38|0x0000000082600000, 0x0000000082700000, 0x0000000082700000|100%| O|  |TAMS 0x0000000082700000, 0x0000000082600000| Untracked 
|  39|0x0000000082700000, 0x0000000082800000, 0x0000000082800000|100%| O|  |TAMS 0x0000000082800000, 0x0000000082700000| Untracked 
|  40|0x0000000082800000, 0x0000000082900000, 0x0000000082900000|100%| O|  |TAMS 0x0000000082900000, 0x0000000082800000| Untracked 
|  41|0x0000000082900000, 0x0000000082a00000, 0x0000000082a00000|100%| O|  |TAMS 0x0000000082a00000, 0x0000000082900000| Untracked 
|  42|0x0000000082a00000, 0x0000000082b00000, 0x0000000082b00000|100%| O|  |TAMS 0x0000000082b00000, 0x0000000082a00000| Untracked 
|  43|0x0000000082b00000, 0x0000000082c00000, 0x0000000082c00000|100%| O|  |TAMS 0x0000000082c00000, 0x0000000082b00000| Untracked 
|  44|0x0000000082c00000, 0x0000000082d00000, 0x0000000082d00000|100%| O|  |TAMS 0x0000000082d00000, 0x0000000082c00000| Untracked 
|  45|0x0000000082d00000, 0x0000000082e00000, 0x0000000082e00000|100%| O|  |TAMS 0x0000000082e00000, 0x0000000082d00000| Untracked 
|  46|0x0000000082e00000, 0x0000000082f00000, 0x0000000082f00000|100%| O|  |TAMS 0x0000000082f00000, 0x0000000082e00000| Untracked 
|  47|0x0000000082f00000, 0x0000000083000000, 0x0000000083000000|100%| O|  |TAMS 0x0000000083000000, 0x0000000082f00000| Untracked 
|  48|0x0000000083000000, 0x0000000083100000, 0x0000000083100000|100%| O|  |TAMS 0x0000000083100000, 0x0000000083000000| Untracked 
|  49|0x0000000083100000, 0x0000000083200000, 0x0000000083200000|100%| O|  |TAMS 0x0000000083100000, 0x0000000083100000| Untracked 
|  50|0x0000000083200000, 0x0000000083300000, 0x0000000083300000|100%| O|  |TAMS 0x0000000083200000, 0x0000000083200000| Untracked 
|  51|0x0000000083300000, 0x0000000083400000, 0x0000000083400000|100%| O|  |TAMS 0x0000000083300000, 0x0000000083300000| Untracked 
|  52|0x0000000083400000, 0x0000000083500000, 0x0000000083500000|100%| O|  |TAMS 0x0000000083500000, 0x0000000083400000| Untracked 
|  53|0x0000000083500000, 0x0000000083600000, 0x0000000083600000|100%| O|  |TAMS 0x0000000083600000, 0x0000000083500000| Untracked 
|  54|0x0000000083600000, 0x0000000083700000, 0x0000000083700000|100%| O|  |TAMS 0x0000000083600000, 0x0000000083600000| Untracked 
|  55|0x0000000083700000, 0x0000000083800000, 0x0000000083800000|100%| O|  |TAMS 0x0000000083700000, 0x0000000083700000| Untracked 
|  56|0x0000000083800000, 0x0000000083900000, 0x0000000083900000|100%| O|  |TAMS 0x0000000083800000, 0x0000000083800000| Untracked 
|  57|0x0000000083900000, 0x0000000083a00000, 0x0000000083a00000|100%| O|  |TAMS 0x0000000083900000, 0x0000000083900000| Untracked 
|  58|0x0000000083a00000, 0x0000000083b00000, 0x0000000083b00000|100%| O|  |TAMS 0x0000000083a00000, 0x0000000083a00000| Untracked 
|  59|0x0000000083b00000, 0x0000000083c00000, 0x0000000083c00000|100%| O|  |TAMS 0x0000000083b00000, 0x0000000083b00000| Untracked 
|  60|0x0000000083c00000, 0x0000000083d00000, 0x0000000083d00000|100%| O|  |TAMS 0x0000000083c00000, 0x0000000083c00000| Untracked 
|  61|0x0000000083d00000, 0x0000000083e00000, 0x0000000083e00000|100%| O|  |TAMS 0x0000000083d00000, 0x0000000083d00000| Untracked 
|  62|0x0000000083e00000, 0x0000000083f00000, 0x0000000083f00000|100%| O|  |TAMS 0x0000000083e24c00, 0x0000000083e00000| Untracked 
|  63|0x0000000083f00000, 0x0000000083f41000, 0x0000000084000000| 25%| O|  |TAMS 0x0000000083f00000, 0x0000000083f00000| Untracked 
|  64|0x0000000084000000, 0x0000000084000000, 0x0000000084100000|  0%| F|  |TAMS 0x0000000084000000, 0x0000000084000000| Untracked 
|  65|0x0000000084100000, 0x0000000084100000, 0x0000000084200000|  0%| F|  |TAMS 0x0000000084100000, 0x0000000084100000| Untracked 
|  66|0x0000000084200000, 0x0000000084200000, 0x0000000084300000|  0%| F|  |TAMS 0x0000000084200000, 0x0000000084200000| Untracked 
|  67|0x0000000084300000, 0x0000000084300000, 0x0000000084400000|  0%| F|  |TAMS 0x0000000084300000, 0x0000000084300000| Untracked 
|  68|0x0000000084400000, 0x0000000084400000, 0x0000000084500000|  0%| F|  |TAMS 0x0000000084400000, 0x0000000084400000| Untracked 
|  69|0x0000000084500000, 0x0000000084500000, 0x0000000084600000|  0%| F|  |TAMS 0x0000000084500000, 0x0000000084500000| Untracked 
|  70|0x0000000084600000, 0x0000000084600000, 0x0000000084700000|  0%| F|  |TAMS 0x0000000084600000, 0x0000000084600000| Untracked 
|  71|0x0000000084700000, 0x0000000084700000, 0x0000000084800000|  0%| F|  |TAMS 0x0000000084700000, 0x0000000084700000| Untracked 
|  72|0x0000000084800000, 0x0000000084800000, 0x0000000084900000|  0%| F|  |TAMS 0x0000000084800000, 0x0000000084800000| Untracked 
|  73|0x0000000084900000, 0x0000000084900000, 0x0000000084a00000|  0%| F|  |TAMS 0x0000000084900000, 0x0000000084900000| Untracked 
|  74|0x0000000084a00000, 0x0000000084a00000, 0x0000000084b00000|  0%| F|  |TAMS 0x0000000084a00000, 0x0000000084a00000| Untracked 
|  75|0x0000000084b00000, 0x0000000084b00000, 0x0000000084c00000|  0%| F|  |TAMS 0x0000000084b00000, 0x0000000084b00000| Untracked 
|  76|0x0000000084c00000, 0x0000000084c00000, 0x0000000084d00000|  0%| F|  |TAMS 0x0000000084c00000, 0x0000000084c00000| Untracked 
|  77|0x0000000084d00000, 0x0000000084d00000, 0x0000000084e00000|  0%| F|  |TAMS 0x0000000084d00000, 0x0000000084d00000| Untracked 
|  78|0x0000000084e00000, 0x0000000084e00000, 0x0000000084f00000|  0%| F|  |TAMS 0x0000000084e00000, 0x0000000084e00000| Untracked 
|  79|0x0000000084f00000, 0x0000000084f00000, 0x0000000085000000|  0%| F|  |TAMS 0x0000000084f00000, 0x0000000084f00000| Untracked 
|  80|0x0000000085000000, 0x0000000085000000, 0x0000000085100000|  0%| F|  |TAMS 0x0000000085000000, 0x0000000085000000| Untracked 
|  81|0x0000000085100000, 0x0000000085100000, 0x0000000085200000|  0%| F|  |TAMS 0x0000000085100000, 0x0000000085100000| Untracked 
|  82|0x0000000085200000, 0x0000000085200000, 0x0000000085300000|  0%| F|  |TAMS 0x0000000085200000, 0x0000000085200000| Untracked 
|  83|0x0000000085300000, 0x0000000085300000, 0x0000000085400000|  0%| F|  |TAMS 0x0000000085300000, 0x0000000085300000| Untracked 
|  84|0x0000000085400000, 0x0000000085400000, 0x0000000085500000|  0%| F|  |TAMS 0x0000000085400000, 0x0000000085400000| Untracked 
|  85|0x0000000085500000, 0x0000000085500000, 0x0000000085600000|  0%| F|  |TAMS 0x0000000085500000, 0x0000000085500000| Untracked 
|  86|0x0000000085600000, 0x0000000085600000, 0x0000000085700000|  0%| F|  |TAMS 0x0000000085600000, 0x0000000085600000| Untracked 
|  87|0x0000000085700000, 0x0000000085700000, 0x0000000085800000|  0%| F|  |TAMS 0x0000000085700000, 0x0000000085700000| Untracked 
|  88|0x0000000085800000, 0x0000000085800000, 0x0000000085900000|  0%| F|  |TAMS 0x0000000085800000, 0x0000000085800000| Untracked 
|  89|0x0000000085900000, 0x0000000085900000, 0x0000000085a00000|  0%| F|  |TAMS 0x0000000085900000, 0x0000000085900000| Untracked 
|  90|0x0000000085a00000, 0x0000000085a00000, 0x0000000085b00000|  0%| F|  |TAMS 0x0000000085a00000, 0x0000000085a00000| Untracked 
|  91|0x0000000085b00000, 0x0000000085b00000, 0x0000000085c00000|  0%| F|  |TAMS 0x0000000085b00000, 0x0000000085b00000| Untracked 
|  92|0x0000000085c00000, 0x0000000085c00000, 0x0000000085d00000|  0%| F|  |TAMS 0x0000000085c00000, 0x0000000085c00000| Untracked 
|  93|0x0000000085d00000, 0x0000000085d00000, 0x0000000085e00000|  0%| F|  |TAMS 0x0000000085d00000, 0x0000000085d00000| Untracked 
|  94|0x0000000085e00000, 0x0000000085e00000, 0x0000000085f00000|  0%| F|  |TAMS 0x0000000085e00000, 0x0000000085e00000| Untracked 
|  95|0x0000000085f00000, 0x0000000085f00000, 0x0000000086000000|  0%| F|  |TAMS 0x0000000085f00000, 0x0000000085f00000| Untracked 
|  96|0x0000000086000000, 0x0000000086000000, 0x0000000086100000|  0%| F|  |TAMS 0x0000000086000000, 0x0000000086000000| Untracked 
|  97|0x0000000086100000, 0x0000000086100000, 0x0000000086200000|  0%| F|  |TAMS 0x0000000086100000, 0x0000000086100000| Untracked 
|  98|0x0000000086200000, 0x0000000086200000, 0x0000000086300000|  0%| F|  |TAMS 0x0000000086200000, 0x0000000086200000| Untracked 
|  99|0x0000000086300000, 0x0000000086389c38, 0x0000000086400000| 53%| S|CS|TAMS 0x0000000086300000, 0x0000000086300000| Complete 
| 100|0x0000000086400000, 0x0000000086500000, 0x0000000086500000|100%| S|CS|TAMS 0x0000000086400000, 0x0000000086400000| Complete 
| 101|0x0000000086500000, 0x0000000086600000, 0x0000000086600000|100%| S|CS|TAMS 0x0000000086500000, 0x0000000086500000| Complete 
| 102|0x0000000086600000, 0x0000000086600000, 0x0000000086700000|  0%| F|  |TAMS 0x0000000086600000, 0x0000000086600000| Untracked 
| 103|0x0000000086700000, 0x0000000086700000, 0x0000000086800000|  0%| F|  |TAMS 0x0000000086700000, 0x0000000086700000| Untracked 
| 104|0x0000000086800000, 0x0000000086800000, 0x0000000086900000|  0%| F|  |TAMS 0x0000000086800000, 0x0000000086800000| Untracked 
| 105|0x0000000086900000, 0x0000000086900000, 0x0000000086a00000|  0%| F|  |TAMS 0x0000000086900000, 0x0000000086900000| Untracked 
| 106|0x0000000086a00000, 0x0000000086a00000, 0x0000000086b00000|  0%| F|  |TAMS 0x0000000086a00000, 0x0000000086a00000| Untracked 
| 107|0x0000000086b00000, 0x0000000086c00000, 0x0000000086c00000|100%| S|CS|TAMS 0x0000000086b00000, 0x0000000086b00000| Complete 
| 108|0x0000000086c00000, 0x0000000086d00000, 0x0000000086d00000|100%| S|CS|TAMS 0x0000000086c00000, 0x0000000086c00000| Complete 
| 109|0x0000000086d00000, 0x0000000086e00000, 0x0000000086e00000|100%| S|CS|TAMS 0x0000000086d00000, 0x0000000086d00000| Complete 
| 110|0x0000000086e00000, 0x0000000086f00000, 0x0000000086f00000|100%| S|CS|TAMS 0x0000000086e00000, 0x0000000086e00000| Complete 
| 111|0x0000000086f00000, 0x0000000087000000, 0x0000000087000000|100%| S|CS|TAMS 0x0000000086f00000, 0x0000000086f00000| Complete 
| 112|0x0000000087000000, 0x0000000087100000, 0x0000000087100000|100%| S|CS|TAMS 0x0000000087000000, 0x0000000087000000| Complete 
| 113|0x0000000087100000, 0x0000000087200000, 0x0000000087200000|100%| S|CS|TAMS 0x0000000087100000, 0x0000000087100000| Complete 
| 114|0x0000000087200000, 0x0000000087200000, 0x0000000087300000|  0%| F|  |TAMS 0x0000000087200000, 0x0000000087200000| Untracked 
| 115|0x0000000087300000, 0x0000000087300000, 0x0000000087400000|  0%| F|  |TAMS 0x0000000087300000, 0x0000000087300000| Untracked 
| 116|0x0000000087400000, 0x0000000087400000, 0x0000000087500000|  0%| F|  |TAMS 0x0000000087400000, 0x0000000087400000| Untracked 
| 117|0x0000000087500000, 0x0000000087500000, 0x0000000087600000|  0%| F|  |TAMS 0x0000000087500000, 0x0000000087500000| Untracked 
| 118|0x0000000087600000, 0x0000000087600000, 0x0000000087700000|  0%| F|  |TAMS 0x0000000087600000, 0x0000000087600000| Untracked 
| 119|0x0000000087700000, 0x0000000087700000, 0x0000000087800000|  0%| F|  |TAMS 0x0000000087700000, 0x0000000087700000| Untracked 
| 120|0x0000000087800000, 0x0000000087800000, 0x0000000087900000|  0%| F|  |TAMS 0x0000000087800000, 0x0000000087800000| Untracked 
| 121|0x0000000087900000, 0x0000000087900000, 0x0000000087a00000|  0%| F|  |TAMS 0x0000000087900000, 0x0000000087900000| Untracked 
| 122|0x0000000087a00000, 0x0000000087a00000, 0x0000000087b00000|  0%| F|  |TAMS 0x0000000087a00000, 0x0000000087a00000| Untracked 
| 123|0x0000000087b00000, 0x0000000087b00000, 0x0000000087c00000|  0%| F|  |TAMS 0x0000000087b00000, 0x0000000087b00000| Untracked 
| 124|0x0000000087c00000, 0x0000000087c00000, 0x0000000087d00000|  0%| F|  |TAMS 0x0000000087c00000, 0x0000000087c00000| Untracked 
| 125|0x0000000087d00000, 0x0000000087d00000, 0x0000000087e00000|  0%| F|  |TAMS 0x0000000087d00000, 0x0000000087d00000| Untracked 
| 126|0x0000000087e00000, 0x0000000087e00000, 0x0000000087f00000|  0%| F|  |TAMS 0x0000000087e00000, 0x0000000087e00000| Untracked 
| 127|0x0000000087f00000, 0x0000000087f00000, 0x0000000088000000|  0%| F|  |TAMS 0x0000000087f00000, 0x0000000087f00000| Untracked 
| 128|0x0000000088000000, 0x0000000088000000, 0x0000000088100000|  0%| F|  |TAMS 0x0000000088000000, 0x0000000088000000| Untracked 
| 129|0x0000000088100000, 0x0000000088100000, 0x0000000088200000|  0%| F|  |TAMS 0x0000000088100000, 0x0000000088100000| Untracked 
| 130|0x0000000088200000, 0x0000000088200000, 0x0000000088300000|  0%| F|  |TAMS 0x0000000088200000, 0x0000000088200000| Untracked 
| 131|0x0000000088300000, 0x0000000088300000, 0x0000000088400000|  0%| F|  |TAMS 0x0000000088300000, 0x0000000088300000| Untracked 
| 132|0x0000000088400000, 0x0000000088400000, 0x0000000088500000|  0%| F|  |TAMS 0x0000000088400000, 0x0000000088400000| Untracked 
| 133|0x0000000088500000, 0x0000000088500000, 0x0000000088600000|  0%| F|  |TAMS 0x0000000088500000, 0x0000000088500000| Untracked 
| 134|0x0000000088600000, 0x0000000088600000, 0x0000000088700000|  0%| F|  |TAMS 0x0000000088600000, 0x0000000088600000| Untracked 
| 135|0x0000000088700000, 0x0000000088700000, 0x0000000088800000|  0%| F|  |TAMS 0x0000000088700000, 0x0000000088700000| Untracked 
| 136|0x0000000088800000, 0x0000000088800000, 0x0000000088900000|  0%| F|  |TAMS 0x0000000088800000, 0x0000000088800000| Untracked 
| 137|0x0000000088900000, 0x0000000088900000, 0x0000000088a00000|  0%| F|  |TAMS 0x0000000088900000, 0x0000000088900000| Untracked 
| 138|0x0000000088a00000, 0x0000000088b00000, 0x0000000088b00000|100%| E|  |TAMS 0x0000000088a00000, 0x0000000088a00000| Complete 
| 139|0x0000000088b00000, 0x0000000088c00000, 0x0000000088c00000|100%| E|CS|TAMS 0x0000000088b00000, 0x0000000088b00000| Complete 
| 140|0x0000000088c00000, 0x0000000088d00000, 0x0000000088d00000|100%| E|CS|TAMS 0x0000000088c00000, 0x0000000088c00000| Complete 
| 141|0x0000000088d00000, 0x0000000088e00000, 0x0000000088e00000|100%| E|CS|TAMS 0x0000000088d00000, 0x0000000088d00000| Complete 
| 142|0x0000000088e00000, 0x0000000088f00000, 0x0000000088f00000|100%| E|CS|TAMS 0x0000000088e00000, 0x0000000088e00000| Complete 
| 143|0x0000000088f00000, 0x0000000089000000, 0x0000000089000000|100%| E|CS|TAMS 0x0000000088f00000, 0x0000000088f00000| Complete 
| 144|0x0000000089000000, 0x0000000089100000, 0x0000000089100000|100%| E|CS|TAMS 0x0000000089000000, 0x0000000089000000| Complete 
| 145|0x0000000089100000, 0x0000000089200000, 0x0000000089200000|100%| E|CS|TAMS 0x0000000089100000, 0x0000000089100000| Complete 
| 146|0x0000000089200000, 0x0000000089300000, 0x0000000089300000|100%| E|CS|TAMS 0x0000000089200000, 0x0000000089200000| Complete 
| 147|0x0000000089300000, 0x0000000089400000, 0x0000000089400000|100%| E|CS|TAMS 0x0000000089300000, 0x0000000089300000| Complete 
| 148|0x0000000089400000, 0x0000000089500000, 0x0000000089500000|100%| E|CS|TAMS 0x0000000089400000, 0x0000000089400000| Complete 
| 149|0x0000000089500000, 0x0000000089600000, 0x0000000089600000|100%| E|CS|TAMS 0x0000000089500000, 0x0000000089500000| Complete 
| 150|0x0000000089600000, 0x0000000089700000, 0x0000000089700000|100%| E|CS|TAMS 0x0000000089600000, 0x0000000089600000| Complete 
| 151|0x0000000089700000, 0x0000000089800000, 0x0000000089800000|100%| E|CS|TAMS 0x0000000089700000, 0x0000000089700000| Complete 
| 152|0x0000000089800000, 0x0000000089900000, 0x0000000089900000|100%| E|CS|TAMS 0x0000000089800000, 0x0000000089800000| Complete 
| 153|0x0000000089900000, 0x0000000089a00000, 0x0000000089a00000|100%| E|CS|TAMS 0x0000000089900000, 0x0000000089900000| Complete 
| 154|0x0000000089a00000, 0x0000000089b00000, 0x0000000089b00000|100%| E|CS|TAMS 0x0000000089a00000, 0x0000000089a00000| Complete 
| 155|0x0000000089b00000, 0x0000000089c00000, 0x0000000089c00000|100%| E|CS|TAMS 0x0000000089b00000, 0x0000000089b00000| Complete 
| 156|0x0000000089c00000, 0x0000000089d00000, 0x0000000089d00000|100%| E|CS|TAMS 0x0000000089c00000, 0x0000000089c00000| Complete 
| 157|0x0000000089d00000, 0x0000000089e00000, 0x0000000089e00000|100%| E|CS|TAMS 0x0000000089d00000, 0x0000000089d00000| Complete 
| 158|0x0000000089e00000, 0x0000000089f00000, 0x0000000089f00000|100%| E|CS|TAMS 0x0000000089e00000, 0x0000000089e00000| Complete 
| 159|0x0000000089f00000, 0x000000008a000000, 0x000000008a000000|100%| E|CS|TAMS 0x0000000089f00000, 0x0000000089f00000| Complete 
| 160|0x000000008a000000, 0x000000008a100000, 0x000000008a100000|100%| E|CS|TAMS 0x000000008a000000, 0x000000008a000000| Complete 
| 161|0x000000008a100000, 0x000000008a200000, 0x000000008a200000|100%| E|CS|TAMS 0x000000008a100000, 0x000000008a100000| Complete 
| 162|0x000000008a200000, 0x000000008a300000, 0x000000008a300000|100%| E|CS|TAMS 0x000000008a200000, 0x000000008a200000| Complete 
| 163|0x000000008a300000, 0x000000008a400000, 0x000000008a400000|100%| E|CS|TAMS 0x000000008a300000, 0x000000008a300000| Complete 
| 164|0x000000008a400000, 0x000000008a500000, 0x000000008a500000|100%| E|CS|TAMS 0x000000008a400000, 0x000000008a400000| Complete 
| 165|0x000000008a500000, 0x000000008a600000, 0x000000008a600000|100%| E|CS|TAMS 0x000000008a500000, 0x000000008a500000| Complete 
| 166|0x000000008a600000, 0x000000008a700000, 0x000000008a700000|100%| E|CS|TAMS 0x000000008a600000, 0x000000008a600000| Complete 
| 167|0x000000008a700000, 0x000000008a800000, 0x000000008a800000|100%| E|CS|TAMS 0x000000008a700000, 0x000000008a700000| Complete 
| 168|0x000000008a800000, 0x000000008a900000, 0x000000008a900000|100%| E|CS|TAMS 0x000000008a800000, 0x000000008a800000| Complete 
| 169|0x000000008a900000, 0x000000008aa00000, 0x000000008aa00000|100%| E|CS|TAMS 0x000000008a900000, 0x000000008a900000| Complete 
| 170|0x000000008aa00000, 0x000000008ab00000, 0x000000008ab00000|100%| E|CS|TAMS 0x000000008aa00000, 0x000000008aa00000| Complete 
| 171|0x000000008ab00000, 0x000000008ac00000, 0x000000008ac00000|100%| E|CS|TAMS 0x000000008ab00000, 0x000000008ab00000| Complete 
| 172|0x000000008ac00000, 0x000000008ad00000, 0x000000008ad00000|100%| E|CS|TAMS 0x000000008ac00000, 0x000000008ac00000| Complete 
| 173|0x000000008ad00000, 0x000000008ae00000, 0x000000008ae00000|100%| E|CS|TAMS 0x000000008ad00000, 0x000000008ad00000| Complete 
| 174|0x000000008ae00000, 0x000000008af00000, 0x000000008af00000|100%| E|CS|TAMS 0x000000008ae00000, 0x000000008ae00000| Complete 
| 175|0x000000008af00000, 0x000000008b000000, 0x000000008b000000|100%| E|CS|TAMS 0x000000008af00000, 0x000000008af00000| Complete 
| 176|0x000000008b000000, 0x000000008b100000, 0x000000008b100000|100%| E|CS|TAMS 0x000000008b000000, 0x000000008b000000| Complete 
| 177|0x000000008b100000, 0x000000008b200000, 0x000000008b200000|100%| E|CS|TAMS 0x000000008b100000, 0x000000008b100000| Complete 
| 178|0x000000008b200000, 0x000000008b300000, 0x000000008b300000|100%| E|CS|TAMS 0x000000008b200000, 0x000000008b200000| Complete 
| 179|0x000000008b300000, 0x000000008b400000, 0x000000008b400000|100%| E|CS|TAMS 0x000000008b300000, 0x000000008b300000| Complete 
| 180|0x000000008b400000, 0x000000008b500000, 0x000000008b500000|100%| E|CS|TAMS 0x000000008b400000, 0x000000008b400000| Complete 
| 181|0x000000008b500000, 0x000000008b600000, 0x000000008b600000|100%| E|CS|TAMS 0x000000008b500000, 0x000000008b500000| Complete 
| 182|0x000000008b600000, 0x000000008b700000, 0x000000008b700000|100%| E|CS|TAMS 0x000000008b600000, 0x000000008b600000| Complete 

Card table byte_map: [0x0000019b41850000,0x0000019b41c50000] _byte_map_base: 0x0000019b41450000

Marking Bits (Prev, Next): (CMBitMap*) 0x0000019b2e64e3c0, (CMBitMap*) 0x0000019b2e64e388
 Prev Bits: [0x0000019b44050000, 0x0000019b46050000)
 Next Bits: [0x0000019b42050000, 0x0000019b44050000)

Polling page: 0x0000019b2c5d0000

Metaspace:

Usage:
  Non-class:     73.40 MB capacity,    72.11 MB ( 98%) used,     1.08 MB (  1%) free+waste,   211.63 KB ( <1%) overhead. 
      Class:     11.51 MB capacity,    10.77 MB ( 94%) used,   660.08 KB (  6%) free+waste,    97.31 KB ( <1%) overhead. 
       Both:     84.91 MB capacity,    82.88 MB ( 98%) used,     1.73 MB (  2%) free+waste,   308.94 KB ( <1%) overhead. 

Virtual space:
  Non-class space:       74.00 MB reserved,      73.43 MB (>99%) committed 
      Class space:        1.00 GB reserved,      11.57 MB (  1%) committed 
             Both:        1.07 GB reserved,      85.00 MB (  8%) committed 

Chunk freelists:
   Non-Class:  30.00 KB
       Class:  18.00 KB
        Both:  48.00 KB

MaxMetaspaceSize: 17179869184.00 GB
CompressedClassSpaceSize: 1.00 GB
Initial GC threshold: 20.80 MB
Current GC threshold: 98.54 MB
CDS: off

CodeHeap 'non-profiled nmethods': size=120000Kb used=5686Kb max_used=5686Kb free=114313Kb
 bounds [0x0000019b39bf0000, 0x0000019b3a180000, 0x0000019b41120000]
CodeHeap 'profiled nmethods': size=120000Kb used=18960Kb max_used=18960Kb free=101039Kb
 bounds [0x0000019b326c0000, 0x0000019b33950000, 0x0000019b39bf0000]
CodeHeap 'non-nmethods': size=5760Kb used=2364Kb max_used=2410Kb free=3395Kb
 bounds [0x0000019b32120000, 0x0000019b32390000, 0x0000019b326c0000]
 total_blobs=9524 nmethods=8648 adapters=788
 compilation: enabled
              stopped_count=0, restarted_count=0
 full_count=0

Compilation events (20 events):
Event: 12.004 Thread 0x0000019b48ab8800 nmethod 8634 0x0000019b33927190 code [0x0000019b33927360, 0x0000019b339275e8]
Event: 12.004 Thread 0x0000019b48ab8800 8635       3       org.gradle.api.internal.provider.DefaultListProperty::<init> (18 bytes)
Event: 12.005 Thread 0x0000019b48ab8800 nmethod 8635 0x0000019b33927710 code [0x0000019b339278e0, 0x0000019b33927a88]
Event: 12.005 Thread 0x0000019b48ab8800 8636       3       org.gradle.api.internal.file.DefaultFileCollectionFactory::isEmptyArray (23 bytes)
Event: 12.005 Thread 0x0000019b48ab8800 nmethod 8636 0x0000019b33927b90 code [0x0000019b33927d60, 0x0000019b33927f98]
Event: 12.005 Thread 0x0000019b48ab8800 8637       3       org.gradle.api.internal.model.DefaultObjectFactory::listProperty (33 bytes)
Event: 12.006 Thread 0x0000019b48ab8800 nmethod 8637 0x0000019b33928090 code [0x0000019b33928320, 0x0000019b33928d68]
Event: 12.006 Thread 0x0000019b48ab8800 8639       3       org.gradle.api.internal.file.collections.DefaultConfigurableFileCollection::disallowChanges (6 bytes)
Event: 12.006 Thread 0x0000019b48ab8800 nmethod 8639 0x0000019b33929110 code [0x0000019b339292c0, 0x0000019b339293b8]
Event: 12.008 Thread 0x0000019b48ab8800 8640   !   3       jdk.internal.reflect.GeneratedConstructorAccessor12::newInstance (53 bytes)
Event: 12.008 Thread 0x0000019b48ab8800 nmethod 8640 0x0000019b33929490 code [0x0000019b339296e0, 0x0000019b33929f48]
Event: 12.014 Thread 0x0000019b48ab8800 8641   !   3       jdk.internal.reflect.GeneratedConstructorAccessor34::newInstance (53 bytes)
Event: 12.015 Thread 0x0000019b48ab8800 nmethod 8641 0x0000019b3392a390 code [0x0000019b3392a5e0, 0x0000019b3392ae48]
Event: 12.019 Thread 0x0000019b48ab8800 8642       3       com.android.build.gradle.internal.services.BaseServicesImpl::getProjectInfo (8 bytes)
Event: 12.019 Thread 0x0000019b48ab8800 nmethod 8642 0x0000019b3392b290 code [0x0000019b3392b440, 0x0000019b3392b558]
Event: 12.024 Thread 0x0000019b48ab8800 8643       1       java.net.InetAddress::holder (5 bytes)
Event: 12.024 Thread 0x0000019b48ab8800 nmethod 8643 0x0000019b3a16ce90 code [0x0000019b3a16d040, 0x0000019b3a16d0f8]
Event: 12.034 Thread 0x0000019b48ab8800 8645       1       org.gradle.api.internal.artifacts.configurations.DefaultConfiguration$ConfigurationArtifactCollection::getArtifactFiles (5 bytes)
Event: 12.034 Thread 0x0000019b48ab8800 nmethod 8645 0x0000019b3a16d190 code [0x0000019b3a16d340, 0x0000019b3a16d3f8]
Event: 12.040 Thread 0x0000019b48ab8800 8646       3       org.gradle.internal.reflect.ClassInspector::visitGraph (98 bytes)

GC Heap History (20 events):
Event: 3.780 GC heap before
{Heap before GC invocations=6 (full 0):
 garbage-first heap   total 129024K, used 76885K [0x0000000080000000, 0x0000000100000000)
  region size 1024K, 59 young (60416K), 3 survivors (3072K)
 Metaspace       used 34542K, capacity 35304K, committed 35584K, reserved 1079296K
  class space    used 4499K, capacity 4807K, committed 4864K, reserved 1048576K
}
Event: 3.786 GC heap after
{Heap after GC invocations=7 (full 0):
 garbage-first heap   total 129024K, used 22936K [0x0000000080000000, 0x0000000100000000)
  region size 1024K, 7 young (7168K), 7 survivors (7168K)
 Metaspace       used 34542K, capacity 35304K, committed 35584K, reserved 1079296K
  class space    used 4499K, capacity 4807K, committed 4864K, reserved 1048576K
}
Event: 3.829 GC heap before
{Heap before GC invocations=7 (full 0):
 garbage-first heap   total 129024K, used 24984K [0x0000000080000000, 0x0000000100000000)
  region size 1024K, 10 young (10240K), 7 survivors (7168K)
 Metaspace       used 35027K, capacity 35790K, committed 35840K, reserved 1081344K
  class space    used 4564K, capacity 4863K, committed 4864K, reserved 1048576K
}
Event: 3.837 GC heap after
{Heap after GC invocations=8 (full 0):
 garbage-first heap   total 129024K, used 23631K [0x0000000080000000, 0x0000000100000000)
  region size 1024K, 5 young (5120K), 5 survivors (5120K)
 Metaspace       used 35027K, capacity 35790K, committed 35840K, reserved 1081344K
  class space    used 4564K, capacity 4863K, committed 4864K, reserved 1048576K
}
Event: 4.487 GC heap before
{Heap before GC invocations=9 (full 0):
 garbage-first heap   total 129024K, used 86095K [0x0000000080000000, 0x0000000100000000)
  region size 1024K, 64 young (65536K), 5 survivors (5120K)
 Metaspace       used 39450K, capacity 40323K, committed 40524K, reserved 1085440K
  class space    used 5057K, capacity 5388K, committed 5452K, reserved 1048576K
}
Event: 4.496 GC heap after
{Heap after GC invocations=10 (full 0):
 garbage-first heap   total 155648K, used 28119K [0x0000000080000000, 0x0000000100000000)
  region size 1024K, 8 young (8192K), 8 survivors (8192K)
 Metaspace       used 39450K, capacity 40323K, committed 40524K, reserved 1085440K
  class space    used 5057K, capacity 5388K, committed 5452K, reserved 1048576K
}
Event: 5.685 GC heap before
{Heap before GC invocations=10 (full 0):
 garbage-first heap   total 155648K, used 113111K [0x0000000080000000, 0x0000000100000000)
  region size 1024K, 91 young (93184K), 8 survivors (8192K)
 Metaspace       used 46533K, capacity 47777K, committed 47948K, reserved 1091584K
  class space    used 5965K, capacity 6437K, committed 6476K, reserved 1048576K
}
Event: 5.695 GC heap after
{Heap after GC invocations=11 (full 0):
 garbage-first heap   total 155648K, used 32380K [0x0000000080000000, 0x0000000100000000)
  region size 1024K, 9 young (9216K), 9 survivors (9216K)
 Metaspace       used 46533K, capacity 47777K, committed 47948K, reserved 1091584K
  class space    used 5965K, capacity 6437K, committed 6476K, reserved 1048576K
}
Event: 6.927 GC heap before
{Heap before GC invocations=11 (full 0):
 garbage-first heap   total 155648K, used 125564K [0x0000000080000000, 0x0000000100000000)
  region size 1024K, 91 young (93184K), 9 survivors (9216K)
 Metaspace       used 50719K, capacity 52137K, committed 52428K, reserved 1095680K
  class space    used 6461K, capacity 6978K, committed 7116K, reserved 1048576K
}
Event: 6.938 GC heap after
{Heap after GC invocations=12 (full 0):
 garbage-first heap   total 155648K, used 51995K [0x0000000080000000, 0x0000000100000000)
  region size 1024K, 12 young (12288K), 12 survivors (12288K)
 Metaspace       used 50719K, capacity 52137K, committed 52428K, reserved 1095680K
  class space    used 6461K, capacity 6978K, committed 7116K, reserved 1048576K
}
Event: 7.711 GC heap before
{Heap before GC invocations=12 (full 0):
 garbage-first heap   total 155648K, used 105243K [0x0000000080000000, 0x0000000100000000)
  region size 1024K, 65 young (66560K), 12 survivors (12288K)
 Metaspace       used 58594K, capacity 60127K, committed 60288K, reserved 1101824K
  class space    used 7455K, capacity 8017K, committed 8140K, reserved 1048576K
}
Event: 7.734 GC heap after
{Heap after GC invocations=13 (full 0):
 garbage-first heap   total 155648K, used 55443K [0x0000000080000000, 0x0000000100000000)
  region size 1024K, 3 young (3072K), 3 survivors (3072K)
 Metaspace       used 58594K, capacity 60127K, committed 60288K, reserved 1101824K
  class space    used 7455K, capacity 8017K, committed 8140K, reserved 1048576K
}
Event: 8.457 GC heap before
{Heap before GC invocations=14 (full 0):
 garbage-first heap   total 155648K, used 114835K [0x0000000080000000, 0x0000000100000000)
  region size 1024K, 61 young (62464K), 3 survivors (3072K)
 Metaspace       used 64187K, capacity 65862K, committed 66048K, reserved 1105920K
  class space    used 8136K, capacity 8721K, committed 8780K, reserved 1048576K
}
Event: 8.464 GC heap after
{Heap after GC invocations=15 (full 0):
 garbage-first heap   total 187392K, used 60469K [0x0000000080000000, 0x0000000100000000)
  region size 1024K, 8 young (8192K), 8 survivors (8192K)
 Metaspace       used 64187K, capacity 65862K, committed 66048K, reserved 1105920K
  class space    used 8136K, capacity 8721K, committed 8780K, reserved 1048576K
}
Event: 9.202 GC heap before
{Heap before GC invocations=15 (full 0):
 garbage-first heap   total 187392K, used 132149K [0x0000000080000000, 0x0000000100000000)
  region size 1024K, 78 young (79872K), 8 survivors (8192K)
 Metaspace       used 67371K, capacity 69096K, committed 69376K, reserved 1110016K
  class space    used 8539K, capacity 9175K, committed 9292K, reserved 1048576K
}
Event: 9.220 GC heap after
{Heap after GC invocations=16 (full 0):
 garbage-first heap   total 187392K, used 64753K [0x0000000080000000, 0x0000000100000000)
  region size 1024K, 6 young (6144K), 6 survivors (6144K)
 Metaspace       used 67371K, capacity 69096K, committed 69376K, reserved 1110016K
  class space    used 8539K, capacity 9175K, committed 9292K, reserved 1048576K
}
Event: 10.303 GC heap before
{Heap before GC invocations=16 (full 0):
 garbage-first heap   total 187392K, used 136433K [0x0000000080000000, 0x0000000100000000)
  region size 1024K, 76 young (77824K), 6 survivors (6144K)
 Metaspace       used 74709K, capacity 76411K, committed 76672K, reserved 1116160K
  class space    used 9673K, capacity 10325K, committed 10444K, reserved 1048576K
}
Event: 10.311 GC heap after
{Heap after GC invocations=17 (full 0):
 garbage-first heap   total 187392K, used 69428K [0x0000000080000000, 0x0000000100000000)
  region size 1024K, 5 young (5120K), 5 survivors (5120K)
 Metaspace       used 74709K, capacity 76411K, committed 76672K, reserved 1116160K
  class space    used 9673K, capacity 10325K, committed 10444K, reserved 1048576K
}
Event: 11.436 GC heap before
{Heap before GC invocations=17 (full 0):
 garbage-first heap   total 187392K, used 140084K [0x0000000080000000, 0x0000000100000000)
  region size 1024K, 74 young (75776K), 5 survivors (5120K)
 Metaspace       used 81303K, capacity 83272K, committed 83456K, reserved 1122304K
  class space    used 10562K, capacity 11308K, committed 11340K, reserved 1048576K
}
Event: 11.445 GC heap after
{Heap after GC invocations=18 (full 0):
 garbage-first heap   total 187392K, used 74539K [0x0000000080000000, 0x0000000100000000)
  region size 1024K, 10 young (10240K), 10 survivors (10240K)
 Metaspace       used 81303K, capacity 83272K, committed 83456K, reserved 1122304K
  class space    used 10562K, capacity 11308K, committed 11340K, reserved 1048576K
}

Deoptimization events (20 events):
Event: 11.893 Thread 0x0000019b4b7a7800 Uncommon trap: trap_request=0xffffffde fr.pc=0x0000019b3a0736d4 relative=0x0000000000000274
Event: 11.893 Thread 0x0000019b4b7a7800 Uncommon trap: reason=class_check action=maybe_recompile pc=0x0000019b3a0736d4 method=com.google.common.collect.ImmutableCollection$Builder.addAll(Ljava/lang/Iterable;)Lcom/google/common/collect/ImmutableCollection$Builder; @ 1 c2
Event: 11.893 Thread 0x0000019b4b7a7800 DEOPT PACKING pc=0x0000019b3a0736d4 sp=0x0000005bd7bf9d70
Event: 11.893 Thread 0x0000019b4b7a7800 DEOPT UNPACKING pc=0x0000019b3216a1af sp=0x0000005bd7bf9d30 mode 2
Event: 11.893 Thread 0x0000019b4b7a7800 Uncommon trap: trap_request=0xffffffde fr.pc=0x0000019b3a0736d4 relative=0x0000000000000274
Event: 11.893 Thread 0x0000019b4b7a7800 Uncommon trap: reason=class_check action=maybe_recompile pc=0x0000019b3a0736d4 method=com.google.common.collect.ImmutableCollection$Builder.addAll(Ljava/lang/Iterable;)Lcom/google/common/collect/ImmutableCollection$Builder; @ 1 c2
Event: 11.893 Thread 0x0000019b4b7a7800 DEOPT PACKING pc=0x0000019b3a0736d4 sp=0x0000005bd7bf9d70
Event: 11.893 Thread 0x0000019b4b7a7800 DEOPT UNPACKING pc=0x0000019b3216a1af sp=0x0000005bd7bf9d30 mode 2
Event: 11.893 Thread 0x0000019b4b7a7800 Uncommon trap: trap_request=0xffffffde fr.pc=0x0000019b3a0736d4 relative=0x0000000000000274
Event: 11.893 Thread 0x0000019b4b7a7800 Uncommon trap: reason=class_check action=maybe_recompile pc=0x0000019b3a0736d4 method=com.google.common.collect.ImmutableCollection$Builder.addAll(Ljava/lang/Iterable;)Lcom/google/common/collect/ImmutableCollection$Builder; @ 1 c2
Event: 11.893 Thread 0x0000019b4b7a7800 DEOPT PACKING pc=0x0000019b3a0736d4 sp=0x0000005bd7bf9bf0
Event: 11.893 Thread 0x0000019b4b7a7800 DEOPT UNPACKING pc=0x0000019b3216a1af sp=0x0000005bd7bf9bb0 mode 2
Event: 11.933 Thread 0x0000019b4b7a7800 DEOPT PACKING pc=0x0000019b332d38d6 sp=0x0000005bd7bf7960
Event: 11.933 Thread 0x0000019b4b7a7800 DEOPT UNPACKING pc=0x0000019b3216a95e sp=0x0000005bd7bf6f00 mode 0
Event: 11.962 Thread 0x0000019b4b7a7800 DEOPT PACKING pc=0x0000019b332d38d6 sp=0x0000005bd7bf73a0
Event: 11.962 Thread 0x0000019b4b7a7800 DEOPT UNPACKING pc=0x0000019b3216a95e sp=0x0000005bd7bf6940 mode 0
Event: 12.030 Thread 0x0000019b4b7a7800 DEOPT PACKING pc=0x0000019b3350ed8e sp=0x0000005bd7bf7500
Event: 12.030 Thread 0x0000019b4b7a7800 DEOPT UNPACKING pc=0x0000019b3216a95e sp=0x0000005bd7bf6a48 mode 0
Event: 12.036 Thread 0x0000019b4b7a7800 DEOPT PACKING pc=0x0000019b332d38d6 sp=0x0000005bd7bf73a0
Event: 12.036 Thread 0x0000019b4b7a7800 DEOPT UNPACKING pc=0x0000019b3216a95e sp=0x0000005bd7bf6940 mode 0

Classes redefined (0 events):
No events

Internal exceptions (20 events):
Event: 10.763 Thread 0x0000019b4b7a7800 Exception <a 'java/lang/ClassNotFoundException'{0x0000000089d403e8}: build_ac2h77sxpkvxsrltj2f32bjkd$_run_closure1$_closure4Customizer> (0x0000000089d403e8) thrown at [./src/hotspot/share/classfile/systemDictionary.cpp, line 231]
Event: 10.764 Thread 0x0000019b4b7a7800 Exception <a 'java/lang/ClassNotFoundException'{0x0000000089d6aae8}: build_ac2h77sxpkvxsrltj2f32bjkd$_run_closure1BeanInfo> (0x0000000089d6aae8) thrown at [./src/hotspot/share/classfile/systemDictionary.cpp, line 231]
Event: 10.765 Thread 0x0000019b4b7a7800 Exception <a 'java/lang/ClassNotFoundException'{0x0000000089d7c478}: build_ac2h77sxpkvxsrltj2f32bjkd$_run_closure1Customizer> (0x0000000089d7c478) thrown at [./src/hotspot/share/classfile/systemDictionary.cpp, line 231]
Event: 10.927 Thread 0x0000019b4b7a7800 Exception <a 'java/lang/ClassNotFoundException'{0x000000008940f300}: com/android/build/gradle/internal/api/LibraryVariantOutputImpl_DecoratedBeanInfo> (0x000000008940f300) thrown at [./src/hotspot/share/classfile/systemDictionary.cpp, line 231]
Event: 10.928 Thread 0x0000019b4b7a7800 Exception <a 'java/lang/ClassNotFoundException'{0x000000008942b838}: com/android/build/gradle/internal/api/LibraryVariantOutputImplBeanInfo> (0x000000008942b838) thrown at [./src/hotspot/share/classfile/systemDictionary.cpp, line 231]
Event: 10.929 Thread 0x0000019b4b7a7800 Exception <a 'java/lang/ClassNotFoundException'{0x0000000089447dc8}: com/android/build/gradle/internal/api/LibraryVariantOutputImplCustomizer> (0x0000000089447dc8) thrown at [./src/hotspot/share/classfile/systemDictionary.cpp, line 231]
Event: 10.930 Thread 0x0000019b4b7a7800 Exception <a 'java/lang/ClassNotFoundException'{0x000000008946ee20}: com/android/build/gradle/internal/api/LibraryVariantOutputImpl_DecoratedCustomizer> (0x000000008946ee20) thrown at [./src/hotspot/share/classfile/systemDictionary.cpp, line 231]
Event: 11.024 Thread 0x0000019b4b7a7800 Implicit null exception at 0x0000019b3a107919 to 0x0000019b3a10827c
Event: 11.024 Thread 0x0000019b4b7a7800 Implicit null exception at 0x0000019b3a10b493 to 0x0000019b3a10b7a8
Event: 11.246 Thread 0x0000019b4b7a7800 Exception <a 'sun/nio/fs/WindowsException'{0x00000000880499d0}> (0x00000000880499d0) thrown at [./src/hotspot/share/prims/jni.cpp, line 615]
Event: 11.247 Thread 0x0000019b4b7a7800 Exception <a 'sun/nio/fs/WindowsException'{0x0000000088049d98}> (0x0000000088049d98) thrown at [./src/hotspot/share/prims/jni.cpp, line 615]
Event: 11.381 Thread 0x0000019b4b7a7800 Exception <a 'java/lang/NullPointerException'{0x00000000876748b8}> (0x00000000876748b8) thrown at [./src/hotspot/share/interpreter/linkResolver.cpp, line 1440]
Event: 11.470 Thread 0x0000019b4b7a7800 Implicit null exception at 0x0000019b39f92dc7 to 0x0000019b39f94808
Event: 11.636 Thread 0x0000019b4b7a7800 Exception <a 'java/lang/NoSuchMethodError'{0x000000008aa13420}: 'int java.lang.invoke.DirectMethodHandle$Holder.invokeStatic(java.lang.Object, java.lang.Object, int, java.lang.Object)'> (0x000000008aa13420) thrown at [./src/hotspot/share/interpreter/linkResolver.cpp, line 773]
Event: 11.637 Thread 0x0000019b4b7a7800 Exception <a 'java/lang/NoSuchMethodError'{0x000000008aa1a2c8}: 'java.lang.Object java.lang.invoke.Invokers$Holder.linkToTargetMethod(java.lang.Object, int, java.lang.Object)'> (0x000000008aa1a2c8) thrown at [./src/hotspot/share/interpreter/linkResolver.cpp, line 773]
Event: 11.670 Thread 0x0000019b4b7a7800 Exception <a 'sun/nio/fs/WindowsException'{0x000000008a916080}> (0x000000008a916080) thrown at [./src/hotspot/share/prims/jni.cpp, line 615]
Event: 11.670 Thread 0x0000019b4b7a7800 Exception <a 'sun/nio/fs/WindowsException'{0x000000008a917410}> (0x000000008a917410) thrown at [./src/hotspot/share/prims/jni.cpp, line 615]
Event: 11.670 Thread 0x0000019b4b7a7800 Exception <a 'sun/nio/fs/WindowsException'{0x000000008a9187d8}> (0x000000008a9187d8) thrown at [./src/hotspot/share/prims/jni.cpp, line 615]
Event: 11.670 Thread 0x0000019b4b7a7800 Exception <a 'sun/nio/fs/WindowsException'{0x000000008a919ba0}> (0x000000008a919ba0) thrown at [./src/hotspot/share/prims/jni.cpp, line 615]
Event: 11.729 Thread 0x0000019b4b7a7800 Implicit null exception at 0x0000019b3a0baa75 to 0x0000019b3a0bbf84

Events (20 events):
Event: 12.026 loading class com/google/common/collect/Lists$TransformingSequentialList
Event: 12.026 loading class com/google/common/collect/Lists$TransformingSequentialList done
Event: 12.026 Executing VM operation: Deoptimize
Event: 12.028 Executing VM operation: Deoptimize done
Event: 12.028 loading class com/google/common/collect/Lists$TransformingSequentialList$1
Event: 12.028 loading class com/google/common/collect/Lists$TransformingSequentialList$1 done
Event: 12.028 loading class com/google/common/collect/TransformedListIterator
Event: 12.028 loading class com/google/common/collect/TransformedListIterator done
Event: 12.029 loading class com/android/build/gradle/internal/core/VariantSources$renderscriptSourceList$1
Event: 12.029 loading class com/android/build/gradle/internal/core/VariantSources$renderscriptSourceList$1 done
Event: 12.033 loading class org/gradle/api/attributes/AttributeContainer
Event: 12.033 loading class org/gradle/api/attributes/AttributeContainer done
Event: 12.033 loading class org/gradle/api/Action
Event: 12.033 loading class org/gradle/api/Action done
Event: 12.034 loading class org/gradle/api/Action
Event: 12.034 loading class org/gradle/api/Action done
Event: 12.034 loading class org/gradle/api/Action
Event: 12.034 loading class org/gradle/api/Action done
Event: 12.040 loading class com/android/build/gradle/internal/tasks/AarMetadataTask$Companion
Event: 12.040 loading class com/android/build/gradle/internal/tasks/AarMetadataTask$Companion done


Dynamic libraries:
0x00007ff78a7f0000 - 0x00007ff78a7fa000 	C:\Program Files\Android\Android Studio\jre\bin\java.exe
0x00007ffcc60f0000 - 0x00007ffcc62e8000 	C:\WINDOWS\SYSTEM32\ntdll.dll
0x00007ffcc4d40000 - 0x00007ffcc4dfd000 	C:\WINDOWS\System32\KERNEL32.DLL
0x00007ffcc3810000 - 0x00007ffcc3ade000 	C:\WINDOWS\System32\KERNELBASE.dll
0x00007ffcc3d10000 - 0x00007ffcc3e10000 	C:\WINDOWS\System32\ucrtbase.dll
0x00007ffcbd070000 - 0x00007ffcbd089000 	C:\Program Files\Android\Android Studio\jre\bin\jli.dll
0x00007ffcbd050000 - 0x00007ffcbd067000 	C:\Program Files\Android\Android Studio\jre\bin\VCRUNTIME140.dll
0x00007ffcc4800000 - 0x00007ffcc49a0000 	C:\WINDOWS\System32\USER32.dll
0x00007ffcc4070000 - 0x00007ffcc4092000 	C:\WINDOWS\System32\win32u.dll
0x00007ffcadc80000 - 0x00007ffcadf1a000 	C:\WINDOWS\WinSxS\amd64_microsoft.windows.common-controls_6595b64144ccf1df_6.0.19041.1110_none_60b5254171f9507e\COMCTL32.dll
0x00007ffcc49a0000 - 0x00007ffcc49ca000 	C:\WINDOWS\System32\GDI32.dll
0x00007ffcc4290000 - 0x00007ffcc432e000 	C:\WINDOWS\System32\msvcrt.dll
0x00007ffcc3e60000 - 0x00007ffcc3f6b000 	C:\WINDOWS\System32\gdi32full.dll
0x00007ffcc3c70000 - 0x00007ffcc3d0d000 	C:\WINDOWS\System32\msvcp_win.dll
0x00007ffcc51d0000 - 0x00007ffcc5200000 	C:\WINDOWS\System32\IMM32.DLL
0x00007ffc9f5f0000 - 0x00007ffc9f68d000 	C:\Program Files\Android\Android Studio\jre\bin\msvcp140.dll
0x00007ffc729c0000 - 0x00007ffc734a5000 	C:\Program Files\Android\Android Studio\jre\bin\server\jvm.dll
0x00007ffcc49d0000 - 0x00007ffcc4a7e000 	C:\WINDOWS\System32\ADVAPI32.dll
0x00007ffcc5be0000 - 0x00007ffcc5c7c000 	C:\WINDOWS\System32\sechost.dll
0x00007ffcc4e70000 - 0x00007ffcc4f95000 	C:\WINDOWS\System32\RPCRT4.dll
0x00007ffcc5010000 - 0x00007ffcc5018000 	C:\WINDOWS\System32\PSAPI.DLL
0x00007ffcb0ff0000 - 0x00007ffcb0ff9000 	C:\WINDOWS\SYSTEM32\WSOCK32.dll
0x00007ffcbb400000 - 0x00007ffcbb40a000 	C:\WINDOWS\SYSTEM32\VERSION.dll
0x00007ffcabcd0000 - 0x00007ffcabcf7000 	C:\WINDOWS\SYSTEM32\WINMM.dll
0x00007ffcc4fa0000 - 0x00007ffcc500b000 	C:\WINDOWS\System32\WS2_32.dll
0x00007ffcc2060000 - 0x00007ffcc2072000 	C:\WINDOWS\SYSTEM32\kernel.appcore.dll
0x00007ffc729a0000 - 0x00007ffc729b1000 	C:\Program Files\Android\Android Studio\jre\bin\verify.dll
0x00007ffcc1d70000 - 0x00007ffcc1f54000 	C:\WINDOWS\SYSTEM32\DBGHELP.DLL
0x00007ffcb0f20000 - 0x00007ffcb0f4c000 	C:\WINDOWS\SYSTEM32\dbgcore.DLL
0x00007ffcc3f70000 - 0x00007ffcc3ff2000 	C:\WINDOWS\System32\bcryptPrimitives.dll
0x00007ffc72970000 - 0x00007ffc72999000 	C:\Program Files\Android\Android Studio\jre\bin\java.dll
0x00007ffca8a10000 - 0x00007ffca8a1b000 	C:\Program Files\Android\Android Studio\jre\bin\jimage.dll
0x00007ffc72950000 - 0x00007ffc72968000 	C:\Program Files\Android\Android Studio\jre\bin\zip.dll
0x00007ffcc52e0000 - 0x00007ffcc5a24000 	C:\WINDOWS\System32\SHELL32.dll
0x00007ffcc1500000 - 0x00007ffcc1c94000 	C:\WINDOWS\SYSTEM32\windows.storage.dll
0x00007ffcc5c80000 - 0x00007ffcc5fd4000 	C:\WINDOWS\System32\combase.dll
0x00007ffcc3200000 - 0x00007ffcc3230000 	C:\WINDOWS\SYSTEM32\Wldp.dll
0x00007ffcc4150000 - 0x00007ffcc41fd000 	C:\WINDOWS\System32\SHCORE.dll
0x00007ffcc47a0000 - 0x00007ffcc47f5000 	C:\WINDOWS\System32\shlwapi.dll
0x00007ffcc3750000 - 0x00007ffcc376f000 	C:\WINDOWS\SYSTEM32\profapi.dll
0x00007ffc71f90000 - 0x00007ffc71faa000 	C:\Program Files\Android\Android Studio\jre\bin\net.dll
0x00007ffcbda30000 - 0x00007ffcbdb3a000 	C:\WINDOWS\SYSTEM32\WINHTTP.dll
0x00007ffcc2f00000 - 0x00007ffcc2f6a000 	C:\WINDOWS\system32\mswsock.dll
0x00007ffc71f70000 - 0x00007ffc71f84000 	C:\Program Files\Android\Android Studio\jre\bin\nio.dll
0x00007ffca2f00000 - 0x00007ffca2f27000 	C:\Users\user\.gradle\native\e1d6ef7f7dcc3fd88c89a11ec53ec762bb8ba0a96d01ffa2cd45eb1d1d8dd5c5\windows-amd64\native-platform.dll
0x00007ffc9e6f0000 - 0x00007ffc9e834000 	C:\Users\user\.gradle\native\5664cfc778a61ccfe75a443a1ab52a65af34e5dc3c78e0209fed803814484fcb\windows-amd64\native-platform-file-events.dll
0x00007ffc87b20000 - 0x00007ffc87b2a000 	C:\Program Files\Android\Android Studio\jre\bin\management.dll
0x00007ffc87b00000 - 0x00007ffc87b0d000 	C:\Program Files\Android\Android Studio\jre\bin\management_ext.dll
0x00007ffcc30f0000 - 0x00007ffcc3108000 	C:\WINDOWS\SYSTEM32\CRYPTSP.dll
0x00007ffcc2840000 - 0x00007ffcc2874000 	C:\WINDOWS\system32\rsaenh.dll
0x00007ffcc3c40000 - 0x00007ffcc3c67000 	C:\WINDOWS\System32\bcrypt.dll
0x00007ffcc36d0000 - 0x00007ffcc36fe000 	C:\WINDOWS\SYSTEM32\USERENV.dll
0x00007ffcc3170000 - 0x00007ffcc317c000 	C:\WINDOWS\SYSTEM32\CRYPTBASE.dll
0x00007ffcc2bd0000 - 0x00007ffcc2c0b000 	C:\WINDOWS\SYSTEM32\IPHLPAPI.DLL
0x00007ffcc51c0000 - 0x00007ffcc51c8000 	C:\WINDOWS\System32\NSI.dll
0x00007ffcb2130000 - 0x00007ffcb2147000 	C:\WINDOWS\SYSTEM32\dhcpcsvc6.DLL
0x00007ffcb2d60000 - 0x00007ffcb2d7d000 	C:\WINDOWS\SYSTEM32\dhcpcsvc.DLL
0x00007ffcc2c10000 - 0x00007ffcc2cda000 	C:\WINDOWS\SYSTEM32\DNSAPI.dll

dbghelp: loaded successfully - version: 4.0.5 - missing functions: none
symbol engine: initialized successfully - sym options: 0x614 - pdb path: .;C:\Program Files\Android\Android Studio\jre\bin;C:\WINDOWS\SYSTEM32;C:\WINDOWS\WinSxS\amd64_microsoft.windows.common-controls_6595b64144ccf1df_6.0.19041.1110_none_60b5254171f9507e;C:\Program Files\Android\Android Studio\jre\bin\server;C:\Users\user\.gradle\native\e1d6ef7f7dcc3fd88c89a11ec53ec762bb8ba0a96d01ffa2cd45eb1d1d8dd5c5\windows-amd64;C:\Users\user\.gradle\native\5664cfc778a61ccfe75a443a1ab52a65af34e5dc3c78e0209fed803814484fcb\windows-amd64

VM Arguments:
jvm_args: --add-opens=java.base/java.util=ALL-UNNAMED --add-opens=java.base/java.lang=ALL-UNNAMED --add-opens=java.base/java.lang.invoke=ALL-UNNAMED --add-opens=java.base/java.util=ALL-UNNAMED --add-opens=java.prefs/java.util.prefs=ALL-UNNAMED --add-opens=java.prefs/java.util.prefs=ALL-UNNAMED --add-opens=java.base/java.nio.charset=ALL-UNNAMED --add-opens=java.base/java.net=ALL-UNNAMED --add-opens=java.base/java.util.concurrent.atomic=ALL-UNNAMED -Xmx2048m -Dfile.encoding=UTF-8 -Duser.country=IN -Duser.language=en -Duser.variant 
java_command: org.gradle.launcher.daemon.bootstrap.GradleDaemon 7.2
java_class_path (initial): C:\Users\user\.gradle\wrapper\dists\gradle-7.2-bin\2dnblmf4td7x66yl1d74lt32g\gradle-7.2\lib\gradle-launcher-7.2.jar
Launcher Type: SUN_STANDARD

[Global flags]
     intx CICompilerCount                          = 4                                         {product} {ergonomic}
     uint ConcGCThreads                            = 2                                         {product} {ergonomic}
     uint G1ConcRefinementThreads                  = 8                                         {product} {ergonomic}
   size_t G1HeapRegionSize                         = 1048576                                   {product} {ergonomic}
    uintx GCDrainStackTargetSize                   = 64                                        {product} {ergonomic}
   size_t InitialHeapSize                          = 132120576                                 {product} {ergonomic}
   size_t MarkStackSize                            = 4194304                                   {product} {ergonomic}
   size_t MaxHeapSize                              = 2147483648                                {product} {command line}
   size_t MaxNewSize                               = 1287651328                                {product} {ergonomic}
   size_t MinHeapDeltaBytes                        = 1048576                                   {product} {ergonomic}
    uintx NonNMethodCodeHeapSize                   = 5836300                                {pd product} {ergonomic}
    uintx NonProfiledCodeHeapSize                  = 122910970                              {pd product} {ergonomic}
    uintx ProfiledCodeHeapSize                     = 122910970                              {pd product} {ergonomic}
    uintx ReservedCodeCacheSize                    = 251658240                              {pd product} {ergonomic}
     bool SegmentedCodeCache                       = true                                      {product} {ergonomic}
     bool UseCompressedClassPointers               = true                                 {lp64_product} {ergonomic}
     bool UseCompressedOops                        = true                                 {lp64_product} {ergonomic}
     bool UseG1GC                                  = true                                      {product} {ergonomic}
     bool UseLargePagesIndividualAllocation        = false                                  {pd product} {ergonomic}

Logging:
Log output configuration:
 #0: stdout all=warning uptime,level,tags
 #1: stderr all=off uptime,level,tags

Environment Variables:
JAVA_HOME=C:\Program Files\Java\jdk1.8.0_251
CLASSPATH=.;
PATH=C:\Program Files\Common Files\Oracle\Java\javapath;C:\Program Files (x86)\Common Files\Oracle\Java\javapath;C:\Program Files (x86)\Intel\iCLS Client\;C:\Program Files\Intel\iCLS Client\;C:\WINDOWS\system32;C:\WINDOWS;C:\WINDOWS\System32\Wbem;C:\WINDOWS\System32\WindowsPowerShell\v1.0\;C:\WINDOWS\System32\OpenSSH\;C:\Program Files (x86)\Intel\Intel(R) Management Engine Components\DAL;C:\Program Files\Intel\Intel(R) Management Engine Components\DAL;C:\Program Files (x86)\Intel\Intel(R) Management Engine Components\IPT;C:\Program Files\Intel\Intel(R) Management Engine Components\IPT;C:\Program Files\Intel\WiFi\bin\;C:\Program Files\Common Files\Intel\WirelessCommon\;C:\Users\user\AppData\Local\Programs\Python\Python38-32;C:\Users\user\AppData\Local\Programs\Python\Python38-32\Scripts;C:\Program Files\Git\cmd;D:\flutter_windows_2.10.5-stable\flutter\bin;C:\Program Files\Java\jdk1.8.0_251\bin;C:\Program Files\nodejs\;C:\Program Files\Java\jdk1.8.0_251\bin;C:\Users\user\AppData\Local\Microsoft\WindowsApps;D:\Software;C:\Users\user\AppData\Local\Programs\Microsoft VS Code\bin;C:\Users\user\AppData\Local\GitHubDesktop\bin;D:\flutter_windows_2.10.5-stable\flutter\bin;C:\Users\user\AppData\Roaming\npm
USERNAME=user
OS=Windows_NT
PROCESSOR_IDENTIFIER=Intel64 Family 6 Model 142 Stepping 10, GenuineIntel



---------------  S Y S T E M  ---------------

OS: Windows 10 , 64 bit Build 19041 (10.0.19041.1889)
OS uptime: 4 days 17:53 hours
Hyper-V role detected

CPU:total 8 (initial active 8) (4 cores per cpu, 2 threads per core) family 6 model 142 stepping 10 microcode 0xb4, cmov, cx8, fxsr, mmx, sse, sse2, sse3, ssse3, sse4.1, sse4.2, popcnt, avx, avx2, aes, clmul, erms, 3dnowpref, lzcnt, ht, tsc, tscinvbit, bmi1, bmi2, adx, fma

Memory: 4k page, system-wide physical 8052M (547M free)
TotalPageFile size 23686M (AvailPageFile size 8M)
current process WorkingSet (physical memory assigned to process): 456M, peak: 459M
current process commit charge ("private bytes"): 495M, peak: 499M

vm_info: OpenJDK 64-Bit Server VM (11.0.12+7-b1504.28-7817840) for windows-amd64 JRE (11.0.12+7-b1504.28-7817840), built on Oct 13 2021 22:12:33 by "builder" with MS VC++ 14.0 (VS2015)

END.
