#
# There is insufficient memory for the Java Runtime Environment to continue.
# Native memory allocation (malloc) failed to allocate 1623216 bytes for Chunk::new
# Possible reasons:
#   The system is out of physical RAM or swap space
#   The process is running with CompressedOops enabled, and the Java Heap may be blocking the growth of the native heap
# Possible solutions:
#   Reduce memory load on the system
#   Increase physical memory or swap space
#   Check if swap backing store is full
#   Decrease Java heap size (-Xmx/-Xms)
#   Decrease number of Java threads
#   Decrease Java thread stack sizes (-Xss)
#   Set larger code cache with -XX:ReservedCodeCacheSize=
#   JVM is running with Zero Based Compressed Oops mode in which the Java heap is
#     placed in the first 32GB address space. The Java Heap base address is the
#     maximum limit for the native heap growth. Please use -XX:HeapBaseMinAddress
#     to set the Java Heap base and to place the Java Heap above 32GB virtual address.
# This output file may be truncated or incomplete.
#
#  Out of Memory Error (./src/hotspot/share/memory/arena.cpp:197), pid=11140, tid=8964
#
# JRE version: OpenJDK Runtime Environment (11.0.12+7) (build 11.0.12+7-b1504.28-7817840)
# Java VM: OpenJDK 64-Bit Server VM (11.0.12+7-b1504.28-7817840, mixed mode, tiered, compressed oops, g1 gc, windows-amd64)
# No core dump will be written. Minidumps are not enabled by default on client versions of Windows
#

---------------  S U M M A R Y ------------

Command Line: org.jetbrains.kotlin.cli.jvm.K2JVMCompiler @D:\Studio Projects\machine_enquiry\machine_enquiry\app\build\20220916_7152017445652970790.compiler.options

Host: Intel(R) Core(TM) i5-7200U CPU @ 2.50GHz, 4 cores, 11G,  Windows 10 , 64 bit Build 19041 (10.0.19041.1889)
Time: Fri Sep 16 11:22:08 2022 India Standard Time elapsed time: 83.789917 seconds (0d 0h 1m 23s)

---------------  T H R E A D  ---------------

Current thread (0x0000024568b73800):  JavaThread "C2 CompilerThread0" daemon [_thread_in_native, id=8964, stack(0x000000d7e0e00000,0x000000d7e0f00000)]


Current CompileTask:
C2:  83790 16313       4       org.jetbrains.kotlin.resolve.calls.smartcasts.IdentifierInfoKt::getIdForStableIdentifier (401 bytes)

Stack: [0x000000d7e0e00000,0x000000d7e0f00000]
Native frames: (J=compiled Java code, j=interpreted, Vv=VM code, C=native code)
V  [jvm.dll+0x5fbcea]
V  [jvm.dll+0x731905]
V  [jvm.dll+0x732f1d]
V  [jvm.dll+0x7335d3]
V  [jvm.dll+0x247bf8]
V  [jvm.dll+0xc018c]
V  [jvm.dll+0xc06cc]
V  [jvm.dll+0x35b2db]
V  [jvm.dll+0x328803]
V  [jvm.dll+0x327cfa]
V  [jvm.dll+0x200602]
V  [jvm.dll+0x1ff794]
V  [jvm.dll+0x18868c]
V  [jvm.dll+0x20e0d7]
V  [jvm.dll+0x20c901]
V  [jvm.dll+0x6f9b7f]
V  [jvm.dll+0x6f26a5]
V  [jvm.dll+0x5fabf6]
C  [ucrtbase.dll+0x21bb2]
C  [KERNEL32.DLL+0x17034]
C  [ntdll.dll+0x526a1]


---------------  P R O C E S S  ---------------

Threads class SMR info:
_java_thread_list=0x000002456c79e930, length=11, elements={
0x000002454ba4a000, 0x00000245682f5800, 0x00000245682f8800, 0x0000024568b27800,
0x0000024568b2a000, 0x0000024568b2b000, 0x0000024568b73800, 0x0000024568bda000,
0x0000024568be5800, 0x0000024568cd3000, 0x000002456a720800
}

Java Threads: ( => current thread )
  0x000002454ba4a000 JavaThread "main" [_thread_in_Java, id=11252, stack(0x000000d7e0200000,0x000000d7e0300000)]
  0x00000245682f5800 JavaThread "Reference Handler" daemon [_thread_blocked, id=9376, stack(0x000000d7e0900000,0x000000d7e0a00000)]
  0x00000245682f8800 JavaThread "Finalizer" daemon [_thread_blocked, id=2052, stack(0x000000d7e0a00000,0x000000d7e0b00000)]
  0x0000024568b27800 JavaThread "Signal Dispatcher" daemon [_thread_blocked, id=14520, stack(0x000000d7e0b00000,0x000000d7e0c00000)]
  0x0000024568b2a000 JavaThread "Attach Listener" daemon [_thread_blocked, id=8232, stack(0x000000d7e0c00000,0x000000d7e0d00000)]
  0x0000024568b2b000 JavaThread "Service Thread" daemon [_thread_blocked, id=12820, stack(0x000000d7e0d00000,0x000000d7e0e00000)]
=>0x0000024568b73800 JavaThread "C2 CompilerThread0" daemon [_thread_in_native, id=8964, stack(0x000000d7e0e00000,0x000000d7e0f00000)]
  0x0000024568bda000 JavaThread "C1 CompilerThread0" daemon [_thread_blocked, id=7404, stack(0x000000d7e0f00000,0x000000d7e1000000)]
  0x0000024568be5800 JavaThread "Sweeper thread" daemon [_thread_blocked, id=7560, stack(0x000000d7e1000000,0x000000d7e1100000)]
  0x0000024568cd3000 JavaThread "Common-Cleaner" daemon [_thread_blocked, id=9136, stack(0x000000d7e1200000,0x000000d7e1300000)]
  0x000002456a720800 JavaThread "C2 CompilerThread1" daemon [_thread_in_native, id=14652, stack(0x000000d7e0000000,0x000000d7e0100000)]

Other Threads:
  0x00000245682e0000 VMThread "VM Thread" [stack: 0x000000d7e0800000,0x000000d7e0900000] [id=10108]
  0x0000024568cc8000 WatcherThread [stack: 0x000000d7e1100000,0x000000d7e1200000] [id=6776]
  0x000002454ba63800 GCTaskThread "GC Thread#0" [stack: 0x000000d7e0300000,0x000000d7e0400000] [id=9884]
  0x0000024569218800 GCTaskThread "GC Thread#1" [stack: 0x000000d7e1400000,0x000000d7e1500000] [id=8528]
  0x000002456926e800 GCTaskThread "GC Thread#2" [stack: 0x000000d7e1500000,0x000000d7e1600000] [id=13256]
  0x000002456926f800 GCTaskThread "GC Thread#3" [stack: 0x000000d7e1600000,0x000000d7e1700000] [id=2532]
  0x000002454baa9000 ConcurrentGCThread "G1 Main Marker" [stack: 0x000000d7e0400000,0x000000d7e0500000] [id=5608]
  0x000002454baaa800 ConcurrentGCThread "G1 Conc#0" [stack: 0x000000d7e0500000,0x000000d7e0600000] [id=8696]
  0x000002456814a800 ConcurrentGCThread "G1 Refine#0" [stack: 0x000000d7e0600000,0x000000d7e0700000] [id=2740]
  0x0000024569ebf800 ConcurrentGCThread "G1 Refine#1" [stack: 0x000000d7e1700000,0x000000d7e1800000] [id=7532]
  0x000002456d37a000 ConcurrentGCThread "G1 Refine#2" [stack: 0x000000d7e1800000,0x000000d7e1900000] [id=8740]
  0x000002456814b800 ConcurrentGCThread "G1 Young RemSet Sampling" [stack: 0x000000d7e0700000,0x000000d7e0800000] [id=14908]

Threads with active compile tasks:
C2 CompilerThread0  83836 16313       4       org.jetbrains.kotlin.resolve.calls.smartcasts.IdentifierInfoKt::getIdForStableIdentifier (401 bytes)
C2 CompilerThread1  83836 16336       4       org.jetbrains.kotlin.resolve.calls.components.KotlinCallCompleter::runCompletion (317 bytes)

VM state:not at safepoint (normal execution)

VM Mutex/Monitor currently owned by a thread: None

Heap address: 0x0000000742000000, size: 3040 MB, Compressed Oops mode: Zero based, Oop shift amount: 3
Narrow klass base: 0x0000000800000000, Narrow klass shift: 0
Compressed class space size: 1073741824 Address: 0x0000000800000000

Heap:
 garbage-first heap   total 233472K, used 154483K [0x0000000742000000, 0x0000000800000000)
  region size 1024K, 7 young (7168K), 5 survivors (5120K)
 Metaspace       used 75084K, capacity 76407K, committed 76632K, reserved 1118208K
  class space    used 8097K, capacity 8547K, committed 8576K, reserved 1048576K
Heap Regions: E=young(eden), S=young(survivor), O=old, HS=humongous(starts), HC=humongous(continues), CS=collection set, F=free, A=archive, TAMS=top-at-mark-start (previous, next)
|   0|0x0000000742000000, 0x0000000742100000, 0x0000000742100000|100%|HS|  |TAMS 0x0000000742100000, 0x0000000742100000| Complete 
|   1|0x0000000742100000, 0x0000000742200000, 0x0000000742200000|100%|HC|  |TAMS 0x0000000742200000, 0x0000000742200000| Complete 
|   2|0x0000000742200000, 0x0000000742300000, 0x0000000742300000|100%|HC|  |TAMS 0x0000000742300000, 0x0000000742300000| Complete 
|   3|0x0000000742300000, 0x0000000742400000, 0x0000000742400000|100%| O|  |TAMS 0x0000000742400000, 0x0000000742400000| Untracked 
|   4|0x0000000742400000, 0x0000000742500000, 0x0000000742500000|100%| O|  |TAMS 0x0000000742500000, 0x0000000742500000| Untracked 
|   5|0x0000000742500000, 0x0000000742600000, 0x0000000742600000|100%|HS|  |TAMS 0x0000000742600000, 0x0000000742600000| Complete 
|   6|0x0000000742600000, 0x0000000742700000, 0x0000000742700000|100%|HC|  |TAMS 0x0000000742700000, 0x0000000742700000| Complete 
|   7|0x0000000742700000, 0x0000000742800000, 0x0000000742800000|100%|HC|  |TAMS 0x0000000742800000, 0x0000000742800000| Complete 
|   8|0x0000000742800000, 0x0000000742900000, 0x0000000742900000|100%|HS|  |TAMS 0x0000000742900000, 0x0000000742900000| Complete 
|   9|0x0000000742900000, 0x0000000742a00000, 0x0000000742a00000|100%|HC|  |TAMS 0x0000000742a00000, 0x0000000742a00000| Complete 
|  10|0x0000000742a00000, 0x0000000742b00000, 0x0000000742b00000|100%| O|  |TAMS 0x0000000742b00000, 0x0000000742b00000| Untracked 
|  11|0x0000000742b00000, 0x0000000742c00000, 0x0000000742c00000|100%| O|  |TAMS 0x0000000742c00000, 0x0000000742c00000| Untracked 
|  12|0x0000000742c00000, 0x0000000742d00000, 0x0000000742d00000|100%| O|  |TAMS 0x0000000742d00000, 0x0000000742d00000| Untracked 
|  13|0x0000000742d00000, 0x0000000742e00000, 0x0000000742e00000|100%| O|  |TAMS 0x0000000742e00000, 0x0000000742e00000| Untracked 
|  14|0x0000000742e00000, 0x0000000742f00000, 0x0000000742f00000|100%| O|  |TAMS 0x0000000742f00000, 0x0000000742f00000| Untracked 
|  15|0x0000000742f00000, 0x0000000743000000, 0x0000000743000000|100%| O|  |TAMS 0x0000000743000000, 0x0000000743000000| Untracked 
|  16|0x0000000743000000, 0x0000000743100000, 0x0000000743100000|100%| O|  |TAMS 0x0000000743100000, 0x0000000743100000| Untracked 
|  17|0x0000000743100000, 0x0000000743200000, 0x0000000743200000|100%| O|  |TAMS 0x0000000743200000, 0x0000000743200000| Untracked 
|  18|0x0000000743200000, 0x0000000743300000, 0x0000000743300000|100%| O|  |TAMS 0x0000000743300000, 0x0000000743300000| Untracked 
|  19|0x0000000743300000, 0x0000000743400000, 0x0000000743400000|100%| O|  |TAMS 0x0000000743400000, 0x0000000743400000| Untracked 
|  20|0x0000000743400000, 0x0000000743500000, 0x0000000743500000|100%| O|  |TAMS 0x0000000743500000, 0x0000000743500000| Untracked 
|  21|0x0000000743500000, 0x0000000743600000, 0x0000000743600000|100%| O|  |TAMS 0x0000000743600000, 0x0000000743600000| Untracked 
|  22|0x0000000743600000, 0x0000000743700000, 0x0000000743700000|100%| O|  |TAMS 0x0000000743700000, 0x0000000743700000| Untracked 
|  23|0x0000000743700000, 0x0000000743800000, 0x0000000743800000|100%| O|  |TAMS 0x0000000743800000, 0x0000000743800000| Untracked 
|  24|0x0000000743800000, 0x0000000743900000, 0x0000000743900000|100%| O|  |TAMS 0x0000000743900000, 0x0000000743900000| Untracked 
|  25|0x0000000743900000, 0x0000000743a00000, 0x0000000743a00000|100%| O|  |TAMS 0x0000000743a00000, 0x0000000743a00000| Untracked 
|  26|0x0000000743a00000, 0x0000000743b00000, 0x0000000743b00000|100%| O|  |TAMS 0x0000000743b00000, 0x0000000743b00000| Untracked 
|  27|0x0000000743b00000, 0x0000000743c00000, 0x0000000743c00000|100%| O|  |TAMS 0x0000000743c00000, 0x0000000743c00000| Untracked 
|  28|0x0000000743c00000, 0x0000000743d00000, 0x0000000743d00000|100%| O|  |TAMS 0x0000000743d00000, 0x0000000743d00000| Untracked 
|  29|0x0000000743d00000, 0x0000000743e00000, 0x0000000743e00000|100%| O|  |TAMS 0x0000000743e00000, 0x0000000743e00000| Untracked 
|  30|0x0000000743e00000, 0x0000000743f00000, 0x0000000743f00000|100%| O|  |TAMS 0x0000000743f00000, 0x0000000743f00000| Untracked 
|  31|0x0000000743f00000, 0x0000000744000000, 0x0000000744000000|100%| O|  |TAMS 0x0000000744000000, 0x0000000744000000| Untracked 
|  32|0x0000000744000000, 0x0000000744100000, 0x0000000744100000|100%| O|  |TAMS 0x0000000744100000, 0x0000000744100000| Untracked 
|  33|0x0000000744100000, 0x0000000744200000, 0x0000000744200000|100%| O|  |TAMS 0x0000000744200000, 0x0000000744200000| Untracked 
|  34|0x0000000744200000, 0x0000000744300000, 0x0000000744300000|100%| O|  |TAMS 0x0000000744300000, 0x0000000744300000| Untracked 
|  35|0x0000000744300000, 0x0000000744400000, 0x0000000744400000|100%| O|  |TAMS 0x0000000744400000, 0x0000000744400000| Untracked 
|  36|0x0000000744400000, 0x0000000744500000, 0x0000000744500000|100%| O|  |TAMS 0x0000000744500000, 0x0000000744500000| Untracked 
|  37|0x0000000744500000, 0x0000000744600000, 0x0000000744600000|100%| O|  |TAMS 0x0000000744600000, 0x0000000744600000| Untracked 
|  38|0x0000000744600000, 0x0000000744700000, 0x0000000744700000|100%| O|  |TAMS 0x0000000744700000, 0x0000000744700000| Untracked 
|  39|0x0000000744700000, 0x0000000744800000, 0x0000000744800000|100%| O|  |TAMS 0x0000000744800000, 0x0000000744800000| Untracked 
|  40|0x0000000744800000, 0x0000000744900000, 0x0000000744900000|100%| O|  |TAMS 0x0000000744900000, 0x0000000744900000| Untracked 
|  41|0x0000000744900000, 0x0000000744a00000, 0x0000000744a00000|100%| O|  |TAMS 0x0000000744a00000, 0x0000000744a00000| Untracked 
|  42|0x0000000744a00000, 0x0000000744b00000, 0x0000000744b00000|100%|HS|  |TAMS 0x0000000744b00000, 0x0000000744b00000| Complete 
|  43|0x0000000744b00000, 0x0000000744c00000, 0x0000000744c00000|100%|HC|  |TAMS 0x0000000744c00000, 0x0000000744c00000| Complete 
|  44|0x0000000744c00000, 0x0000000744d00000, 0x0000000744d00000|100%| O|  |TAMS 0x0000000744d00000, 0x0000000744d00000| Untracked 
|  45|0x0000000744d00000, 0x0000000744e00000, 0x0000000744e00000|100%| O|  |TAMS 0x0000000744e00000, 0x0000000744e00000| Untracked 
|  46|0x0000000744e00000, 0x0000000744f00000, 0x0000000744f00000|100%| O|  |TAMS 0x0000000744f00000, 0x0000000744f00000| Untracked 
|  47|0x0000000744f00000, 0x0000000745000000, 0x0000000745000000|100%| O|  |TAMS 0x0000000745000000, 0x0000000745000000| Untracked 
|  48|0x0000000745000000, 0x0000000745100000, 0x0000000745100000|100%| O|  |TAMS 0x0000000745100000, 0x0000000745100000| Untracked 
|  49|0x0000000745100000, 0x0000000745200000, 0x0000000745200000|100%| O|  |TAMS 0x0000000745200000, 0x0000000745200000| Untracked 
|  50|0x0000000745200000, 0x0000000745300000, 0x0000000745300000|100%| O|  |TAMS 0x0000000745300000, 0x0000000745300000| Untracked 
|  51|0x0000000745300000, 0x0000000745400000, 0x0000000745400000|100%| O|  |TAMS 0x0000000745400000, 0x0000000745400000| Untracked 
|  52|0x0000000745400000, 0x0000000745500000, 0x0000000745500000|100%| O|  |TAMS 0x0000000745500000, 0x0000000745500000| Untracked 
|  53|0x0000000745500000, 0x0000000745600000, 0x0000000745600000|100%| O|  |TAMS 0x0000000745600000, 0x0000000745600000| Untracked 
|  54|0x0000000745600000, 0x0000000745700000, 0x0000000745700000|100%| O|  |TAMS 0x0000000745700000, 0x0000000745700000| Untracked 
|  55|0x0000000745700000, 0x0000000745800000, 0x0000000745800000|100%| O|  |TAMS 0x0000000745800000, 0x0000000745800000| Untracked 
|  56|0x0000000745800000, 0x0000000745900000, 0x0000000745900000|100%| O|  |TAMS 0x0000000745900000, 0x0000000745900000| Untracked 
|  57|0x0000000745900000, 0x0000000745a00000, 0x0000000745a00000|100%| O|  |TAMS 0x0000000745a00000, 0x0000000745a00000| Untracked 
|  58|0x0000000745a00000, 0x0000000745b00000, 0x0000000745b00000|100%| O|  |TAMS 0x0000000745b00000, 0x0000000745b00000| Untracked 
|  59|0x0000000745b00000, 0x0000000745c00000, 0x0000000745c00000|100%| O|  |TAMS 0x0000000745c00000, 0x0000000745c00000| Untracked 
|  60|0x0000000745c00000, 0x0000000745d00000, 0x0000000745d00000|100%| O|  |TAMS 0x0000000745d00000, 0x0000000745d00000| Untracked 
|  61|0x0000000745d00000, 0x0000000745e00000, 0x0000000745e00000|100%| O|  |TAMS 0x0000000745e00000, 0x0000000745e00000| Untracked 
|  62|0x0000000745e00000, 0x0000000745f00000, 0x0000000745f00000|100%| O|  |TAMS 0x0000000745f00000, 0x0000000745f00000| Untracked 
|  63|0x0000000745f00000, 0x0000000746000000, 0x0000000746000000|100%| O|  |TAMS 0x0000000746000000, 0x0000000746000000| Untracked 
|  64|0x0000000746000000, 0x0000000746100000, 0x0000000746100000|100%| O|  |TAMS 0x0000000746100000, 0x0000000746100000| Untracked 
|  65|0x0000000746100000, 0x0000000746200000, 0x0000000746200000|100%| O|  |TAMS 0x0000000746200000, 0x0000000746200000| Untracked 
|  66|0x0000000746200000, 0x0000000746300000, 0x0000000746300000|100%| O|  |TAMS 0x0000000746300000, 0x0000000746300000| Untracked 
|  67|0x0000000746300000, 0x0000000746400000, 0x0000000746400000|100%| O|  |TAMS 0x0000000746400000, 0x0000000746400000| Untracked 
|  68|0x0000000746400000, 0x0000000746500000, 0x0000000746500000|100%| O|  |TAMS 0x0000000746500000, 0x0000000746500000| Untracked 
|  69|0x0000000746500000, 0x0000000746600000, 0x0000000746600000|100%| O|  |TAMS 0x0000000746600000, 0x0000000746600000| Untracked 
|  70|0x0000000746600000, 0x0000000746700000, 0x0000000746700000|100%| O|  |TAMS 0x0000000746700000, 0x0000000746700000| Untracked 
|  71|0x0000000746700000, 0x0000000746800000, 0x0000000746800000|100%| O|  |TAMS 0x0000000746800000, 0x0000000746800000| Untracked 
|  72|0x0000000746800000, 0x0000000746900000, 0x0000000746900000|100%| O|  |TAMS 0x0000000746900000, 0x0000000746900000| Untracked 
|  73|0x0000000746900000, 0x0000000746a00000, 0x0000000746a00000|100%| O|  |TAMS 0x0000000746a00000, 0x0000000746a00000| Untracked 
|  74|0x0000000746a00000, 0x0000000746b00000, 0x0000000746b00000|100%| O|  |TAMS 0x0000000746b00000, 0x0000000746b00000| Untracked 
|  75|0x0000000746b00000, 0x0000000746c00000, 0x0000000746c00000|100%| O|  |TAMS 0x0000000746c00000, 0x0000000746c00000| Untracked 
|  76|0x0000000746c00000, 0x0000000746d00000, 0x0000000746d00000|100%| O|  |TAMS 0x0000000746d00000, 0x0000000746d00000| Untracked 
|  77|0x0000000746d00000, 0x0000000746e00000, 0x0000000746e00000|100%| O|  |TAMS 0x0000000746e00000, 0x0000000746e00000| Untracked 
|  78|0x0000000746e00000, 0x0000000746f00000, 0x0000000746f00000|100%| O|  |TAMS 0x0000000746f00000, 0x0000000746f00000| Untracked 
|  79|0x0000000746f00000, 0x0000000747000000, 0x0000000747000000|100%| O|  |TAMS 0x0000000747000000, 0x0000000747000000| Untracked 
|  80|0x0000000747000000, 0x0000000747100000, 0x0000000747100000|100%| O|  |TAMS 0x0000000747100000, 0x0000000747100000| Untracked 
|  81|0x0000000747100000, 0x0000000747200000, 0x0000000747200000|100%| O|  |TAMS 0x0000000747200000, 0x0000000747200000| Untracked 
|  82|0x0000000747200000, 0x0000000747300000, 0x0000000747300000|100%| O|  |TAMS 0x0000000747300000, 0x0000000747300000| Untracked 
|  83|0x0000000747300000, 0x0000000747400000, 0x0000000747400000|100%| O|  |TAMS 0x0000000747400000, 0x0000000747400000| Untracked 
|  84|0x0000000747400000, 0x0000000747500000, 0x0000000747500000|100%| O|  |TAMS 0x0000000747500000, 0x0000000747500000| Untracked 
|  85|0x0000000747500000, 0x0000000747600000, 0x0000000747600000|100%| O|  |TAMS 0x0000000747600000, 0x0000000747600000| Untracked 
|  86|0x0000000747600000, 0x0000000747700000, 0x0000000747700000|100%| O|  |TAMS 0x0000000747700000, 0x0000000747700000| Untracked 
|  87|0x0000000747700000, 0x0000000747800000, 0x0000000747800000|100%| O|  |TAMS 0x0000000747800000, 0x0000000747800000| Untracked 
|  88|0x0000000747800000, 0x0000000747900000, 0x0000000747900000|100%| O|  |TAMS 0x0000000747900000, 0x0000000747900000| Untracked 
|  89|0x0000000747900000, 0x0000000747a00000, 0x0000000747a00000|100%| O|  |TAMS 0x0000000747a00000, 0x0000000747a00000| Untracked 
|  90|0x0000000747a00000, 0x0000000747b00000, 0x0000000747b00000|100%| O|  |TAMS 0x0000000747b00000, 0x0000000747b00000| Untracked 
|  91|0x0000000747b00000, 0x0000000747c00000, 0x0000000747c00000|100%| O|  |TAMS 0x0000000747c00000, 0x0000000747c00000| Untracked 
|  92|0x0000000747c00000, 0x0000000747d00000, 0x0000000747d00000|100%| O|  |TAMS 0x0000000747d00000, 0x0000000747d00000| Untracked 
|  93|0x0000000747d00000, 0x0000000747e00000, 0x0000000747e00000|100%| O|  |TAMS 0x0000000747e00000, 0x0000000747e00000| Untracked 
|  94|0x0000000747e00000, 0x0000000747f00000, 0x0000000747f00000|100%| O|  |TAMS 0x0000000747f00000, 0x0000000747f00000| Untracked 
|  95|0x0000000747f00000, 0x0000000748000000, 0x0000000748000000|100%| O|  |TAMS 0x0000000748000000, 0x0000000748000000| Untracked 
|  96|0x0000000748000000, 0x0000000748100000, 0x0000000748100000|100%| O|  |TAMS 0x0000000748100000, 0x0000000748100000| Untracked 
|  97|0x0000000748100000, 0x0000000748200000, 0x0000000748200000|100%| O|  |TAMS 0x0000000748200000, 0x0000000748200000| Untracked 
|  98|0x0000000748200000, 0x0000000748300000, 0x0000000748300000|100%| O|  |TAMS 0x0000000748300000, 0x0000000748300000| Untracked 
|  99|0x0000000748300000, 0x0000000748400000, 0x0000000748400000|100%| O|  |TAMS 0x0000000748400000, 0x0000000748400000| Untracked 
| 100|0x0000000748400000, 0x0000000748500000, 0x0000000748500000|100%| O|  |TAMS 0x0000000748500000, 0x0000000748500000| Untracked 
| 101|0x0000000748500000, 0x0000000748600000, 0x0000000748600000|100%| O|  |TAMS 0x0000000748600000, 0x0000000748600000| Untracked 
| 102|0x0000000748600000, 0x0000000748700000, 0x0000000748700000|100%| O|  |TAMS 0x0000000748700000, 0x0000000748700000| Untracked 
| 103|0x0000000748700000, 0x0000000748800000, 0x0000000748800000|100%| O|  |TAMS 0x0000000748800000, 0x0000000748800000| Untracked 
| 104|0x0000000748800000, 0x0000000748900000, 0x0000000748900000|100%| O|  |TAMS 0x0000000748900000, 0x0000000748900000| Untracked 
| 105|0x0000000748900000, 0x0000000748a00000, 0x0000000748a00000|100%| O|  |TAMS 0x0000000748a00000, 0x0000000748a00000| Untracked 
| 106|0x0000000748a00000, 0x0000000748b00000, 0x0000000748b00000|100%| O|  |TAMS 0x0000000748b00000, 0x0000000748b00000| Untracked 
| 107|0x0000000748b00000, 0x0000000748c00000, 0x0000000748c00000|100%| O|  |TAMS 0x0000000748c00000, 0x0000000748c00000| Untracked 
| 108|0x0000000748c00000, 0x0000000748d00000, 0x0000000748d00000|100%| O|  |TAMS 0x0000000748d00000, 0x0000000748d00000| Untracked 
| 109|0x0000000748d00000, 0x0000000748e00000, 0x0000000748e00000|100%| O|  |TAMS 0x0000000748e00000, 0x0000000748e00000| Untracked 
| 110|0x0000000748e00000, 0x0000000748f00000, 0x0000000748f00000|100%| O|  |TAMS 0x0000000748f00000, 0x0000000748f00000| Untracked 
| 111|0x0000000748f00000, 0x0000000749000000, 0x0000000749000000|100%| O|  |TAMS 0x0000000749000000, 0x0000000749000000| Untracked 
| 112|0x0000000749000000, 0x0000000749100000, 0x0000000749100000|100%| O|  |TAMS 0x0000000749100000, 0x0000000749100000| Untracked 
| 113|0x0000000749100000, 0x0000000749200000, 0x0000000749200000|100%| O|  |TAMS 0x0000000749200000, 0x0000000749200000| Untracked 
| 114|0x0000000749200000, 0x0000000749300000, 0x0000000749300000|100%| O|  |TAMS 0x0000000749300000, 0x0000000749300000| Untracked 
| 115|0x0000000749300000, 0x0000000749400000, 0x0000000749400000|100%| O|  |TAMS 0x0000000749400000, 0x0000000749400000| Untracked 
| 116|0x0000000749400000, 0x0000000749500000, 0x0000000749500000|100%| O|  |TAMS 0x0000000749500000, 0x0000000749500000| Untracked 
| 117|0x0000000749500000, 0x0000000749600000, 0x0000000749600000|100%| O|  |TAMS 0x0000000749600000, 0x0000000749600000| Untracked 
| 118|0x0000000749600000, 0x0000000749700000, 0x0000000749700000|100%| O|  |TAMS 0x0000000749700000, 0x0000000749700000| Untracked 
| 119|0x0000000749700000, 0x0000000749800000, 0x0000000749800000|100%| O|  |TAMS 0x0000000749800000, 0x0000000749800000| Untracked 
| 120|0x0000000749800000, 0x0000000749900000, 0x0000000749900000|100%| O|  |TAMS 0x0000000749900000, 0x0000000749900000| Untracked 
| 121|0x0000000749900000, 0x0000000749a00000, 0x0000000749a00000|100%| O|  |TAMS 0x0000000749a00000, 0x0000000749a00000| Untracked 
| 122|0x0000000749a00000, 0x0000000749b00000, 0x0000000749b00000|100%| O|  |TAMS 0x0000000749b00000, 0x0000000749b00000| Untracked 
| 123|0x0000000749b00000, 0x0000000749c00000, 0x0000000749c00000|100%| O|  |TAMS 0x0000000749c00000, 0x0000000749c00000| Untracked 
| 124|0x0000000749c00000, 0x0000000749d00000, 0x0000000749d00000|100%| O|  |TAMS 0x0000000749d00000, 0x0000000749d00000| Untracked 
| 125|0x0000000749d00000, 0x0000000749e00000, 0x0000000749e00000|100%| O|  |TAMS 0x0000000749e00000, 0x0000000749e00000| Untracked 
| 126|0x0000000749e00000, 0x0000000749f00000, 0x0000000749f00000|100%| O|  |TAMS 0x0000000749f00000, 0x0000000749f00000| Untracked 
| 127|0x0000000749f00000, 0x000000074a000000, 0x000000074a000000|100%| O|  |TAMS 0x000000074a000000, 0x000000074a000000| Untracked 
| 128|0x000000074a000000, 0x000000074a100000, 0x000000074a100000|100%| O|  |TAMS 0x000000074a100000, 0x000000074a100000| Untracked 
| 129|0x000000074a100000, 0x000000074a200000, 0x000000074a200000|100%| O|  |TAMS 0x000000074a200000, 0x000000074a200000| Untracked 
| 130|0x000000074a200000, 0x000000074a300000, 0x000000074a300000|100%| O|  |TAMS 0x000000074a300000, 0x000000074a300000| Untracked 
| 131|0x000000074a300000, 0x000000074a400000, 0x000000074a400000|100%| O|  |TAMS 0x000000074a400000, 0x000000074a400000| Untracked 
| 132|0x000000074a400000, 0x000000074a500000, 0x000000074a500000|100%| O|  |TAMS 0x000000074a500000, 0x000000074a500000| Untracked 
| 133|0x000000074a500000, 0x000000074a600000, 0x000000074a600000|100%| O|  |TAMS 0x000000074a600000, 0x000000074a600000| Untracked 
| 134|0x000000074a600000, 0x000000074a700000, 0x000000074a700000|100%| O|  |TAMS 0x000000074a700000, 0x000000074a700000| Untracked 
| 135|0x000000074a700000, 0x000000074a800000, 0x000000074a800000|100%| O|  |TAMS 0x000000074a800000, 0x000000074a800000| Untracked 
| 136|0x000000074a800000, 0x000000074a900000, 0x000000074a900000|100%| O|  |TAMS 0x000000074a800000, 0x000000074a900000| Untracked 
| 137|0x000000074a900000, 0x000000074aa00000, 0x000000074aa00000|100%| O|  |TAMS 0x000000074a900000, 0x000000074aa00000| Untracked 
| 138|0x000000074aa00000, 0x000000074ab00000, 0x000000074ab00000|100%| O|  |TAMS 0x000000074aa00000, 0x000000074ab00000| Untracked 
| 139|0x000000074ab00000, 0x000000074ac00000, 0x000000074ac00000|100%| O|  |TAMS 0x000000074ab00000, 0x000000074ac00000| Untracked 
| 140|0x000000074ac00000, 0x000000074ad00000, 0x000000074ad00000|100%| O|  |TAMS 0x000000074ac00000, 0x000000074ad00000| Untracked 
| 141|0x000000074ad00000, 0x000000074ae00000, 0x000000074ae00000|100%| O|  |TAMS 0x000000074ad00000, 0x000000074ae00000| Untracked 
| 142|0x000000074ae00000, 0x000000074af00000, 0x000000074af00000|100%| O|  |TAMS 0x000000074ae00000, 0x000000074af00000| Untracked 
| 143|0x000000074af00000, 0x000000074b000000, 0x000000074b000000|100%| O|  |TAMS 0x000000074af00000, 0x000000074b000000| Untracked 
| 144|0x000000074b000000, 0x000000074b100000, 0x000000074b100000|100%| O|  |TAMS 0x000000074b000000, 0x000000074b100000| Untracked 
| 145|0x000000074b100000, 0x000000074b100000, 0x000000074b200000|  0%| F|  |TAMS 0x000000074b100000, 0x000000074b100000| Untracked 
| 146|0x000000074b200000, 0x000000074b200000, 0x000000074b300000|  0%| F|  |TAMS 0x000000074b200000, 0x000000074b200000| Untracked 
| 147|0x000000074b300000, 0x000000074b300000, 0x000000074b400000|  0%| F|  |TAMS 0x000000074b300000, 0x000000074b300000| Untracked 
| 148|0x000000074b400000, 0x000000074b400000, 0x000000074b500000|  0%| F|  |TAMS 0x000000074b400000, 0x000000074b400000| Untracked 
| 149|0x000000074b500000, 0x000000074b500000, 0x000000074b600000|  0%| F|  |TAMS 0x000000074b500000, 0x000000074b500000| Untracked 
| 150|0x000000074b600000, 0x000000074b600000, 0x000000074b700000|  0%| F|  |TAMS 0x000000074b600000, 0x000000074b600000| Untracked 
| 151|0x000000074b700000, 0x000000074b700000, 0x000000074b800000|  0%| F|  |TAMS 0x000000074b700000, 0x000000074b700000| Untracked 
| 152|0x000000074b800000, 0x000000074b800000, 0x000000074b900000|  0%| F|  |TAMS 0x000000074b800000, 0x000000074b800000| Untracked 
| 153|0x000000074b900000, 0x000000074b900000, 0x000000074ba00000|  0%| F|  |TAMS 0x000000074b900000, 0x000000074b900000| Untracked 
| 154|0x000000074ba00000, 0x000000074ba00000, 0x000000074bb00000|  0%| F|  |TAMS 0x000000074ba00000, 0x000000074ba00000| Untracked 
| 155|0x000000074bb00000, 0x000000074bb00000, 0x000000074bc00000|  0%| F|  |TAMS 0x000000074bb00000, 0x000000074bb00000| Untracked 
| 156|0x000000074bc00000, 0x000000074bc00000, 0x000000074bd00000|  0%| F|  |TAMS 0x000000074bc00000, 0x000000074bc00000| Untracked 
| 157|0x000000074bd00000, 0x000000074bd00000, 0x000000074be00000|  0%| F|  |TAMS 0x000000074bd00000, 0x000000074bd00000| Untracked 
| 158|0x000000074be00000, 0x000000074be00000, 0x000000074bf00000|  0%| F|  |TAMS 0x000000074be00000, 0x000000074be00000| Untracked 
| 159|0x000000074bf00000, 0x000000074bf00000, 0x000000074c000000|  0%| F|  |TAMS 0x000000074bf00000, 0x000000074bf00000| Untracked 
| 160|0x000000074c000000, 0x000000074c000000, 0x000000074c100000|  0%| F|  |TAMS 0x000000074c000000, 0x000000074c000000| Untracked 
| 161|0x000000074c100000, 0x000000074c100000, 0x000000074c200000|  0%| F|  |TAMS 0x000000074c100000, 0x000000074c100000| Untracked 
| 162|0x000000074c200000, 0x000000074c200000, 0x000000074c300000|  0%| F|  |TAMS 0x000000074c200000, 0x000000074c200000| Untracked 
| 163|0x000000074c300000, 0x000000074c300000, 0x000000074c400000|  0%| F|  |TAMS 0x000000074c300000, 0x000000074c300000| Untracked 
| 164|0x000000074c400000, 0x000000074c400000, 0x000000074c500000|  0%| F|  |TAMS 0x000000074c400000, 0x000000074c400000| Untracked 
| 165|0x000000074c500000, 0x000000074c500000, 0x000000074c600000|  0%| F|  |TAMS 0x000000074c500000, 0x000000074c500000| Untracked 
| 166|0x000000074c600000, 0x000000074c600000, 0x000000074c700000|  0%| F|  |TAMS 0x000000074c600000, 0x000000074c600000| Untracked 
| 167|0x000000074c700000, 0x000000074c700000, 0x000000074c800000|  0%| F|  |TAMS 0x000000074c700000, 0x000000074c700000| Untracked 
| 168|0x000000074c800000, 0x000000074c800000, 0x000000074c900000|  0%| F|  |TAMS 0x000000074c800000, 0x000000074c800000| Untracked 
| 169|0x000000074c900000, 0x000000074c900000, 0x000000074ca00000|  0%| F|  |TAMS 0x000000074c900000, 0x000000074c900000| Untracked 
| 170|0x000000074ca00000, 0x000000074ca00000, 0x000000074cb00000|  0%| F|  |TAMS 0x000000074ca00000, 0x000000074ca00000| Untracked 
| 171|0x000000074cb00000, 0x000000074cb00000, 0x000000074cc00000|  0%| F|  |TAMS 0x000000074cb00000, 0x000000074cb00000| Untracked 
| 172|0x000000074cc00000, 0x000000074cc00000, 0x000000074cd00000|  0%| F|  |TAMS 0x000000074cc00000, 0x000000074cc00000| Untracked 
| 173|0x000000074cd00000, 0x000000074cd00000, 0x000000074ce00000|  0%| F|  |TAMS 0x000000074cd00000, 0x000000074cd00000| Untracked 
| 174|0x000000074ce00000, 0x000000074ce00000, 0x000000074cf00000|  0%| F|  |TAMS 0x000000074ce00000, 0x000000074ce00000| Untracked 
| 175|0x000000074cf00000, 0x000000074cf00000, 0x000000074d000000|  0%| F|  |TAMS 0x000000074cf00000, 0x000000074cf00000| Untracked 
| 176|0x000000074d000000, 0x000000074d000000, 0x000000074d100000|  0%| F|  |TAMS 0x000000074d000000, 0x000000074d000000| Untracked 
| 177|0x000000074d100000, 0x000000074d1dce40, 0x000000074d200000| 86%| S|CS|TAMS 0x000000074d100000, 0x000000074d100000| Complete 
| 178|0x000000074d200000, 0x000000074d300000, 0x000000074d300000|100%| S|CS|TAMS 0x000000074d200000, 0x000000074d200000| Complete 
| 179|0x000000074d300000, 0x000000074d400000, 0x000000074d400000|100%| S|CS|TAMS 0x000000074d300000, 0x000000074d300000| Complete 
| 180|0x000000074d400000, 0x000000074d500000, 0x000000074d500000|100%| S|CS|TAMS 0x000000074d400000, 0x000000074d400000| Complete 
| 181|0x000000074d500000, 0x000000074d500000, 0x000000074d600000|  0%| F|  |TAMS 0x000000074d500000, 0x000000074d500000| Untracked 
| 182|0x000000074d600000, 0x000000074d600000, 0x000000074d700000|  0%| F|  |TAMS 0x000000074d600000, 0x000000074d600000| Untracked 
| 183|0x000000074d700000, 0x000000074d700000, 0x000000074d800000|  0%| F|  |TAMS 0x000000074d700000, 0x000000074d700000| Untracked 
| 184|0x000000074d800000, 0x000000074d800000, 0x000000074d900000|  0%| F|  |TAMS 0x000000074d800000, 0x000000074d800000| Untracked 
| 185|0x000000074d900000, 0x000000074d900000, 0x000000074da00000|  0%| F|  |TAMS 0x000000074d900000, 0x000000074d900000| Untracked 
| 186|0x000000074da00000, 0x000000074db00000, 0x000000074db00000|100%| S|CS|TAMS 0x000000074da00000, 0x000000074da00000| Complete 
| 187|0x000000074db00000, 0x000000074db00000, 0x000000074dc00000|  0%| F|  |TAMS 0x000000074db00000, 0x000000074db00000| Untracked 
| 188|0x000000074dc00000, 0x000000074dc00000, 0x000000074dd00000|  0%| F|  |TAMS 0x000000074dc00000, 0x000000074dc00000| Untracked 
| 189|0x000000074dd00000, 0x000000074dd00000, 0x000000074de00000|  0%| F|  |TAMS 0x000000074dd00000, 0x000000074dd00000| Untracked 
| 190|0x000000074de00000, 0x000000074de00000, 0x000000074df00000|  0%| F|  |TAMS 0x000000074de00000, 0x000000074de00000| Untracked 
| 191|0x000000074df00000, 0x000000074df00000, 0x000000074e000000|  0%| F|  |TAMS 0x000000074df00000, 0x000000074df00000| Untracked 
| 192|0x000000074e000000, 0x000000074e000000, 0x000000074e100000|  0%| F|  |TAMS 0x000000074e000000, 0x000000074e000000| Untracked 
| 193|0x000000074e100000, 0x000000074e100000, 0x000000074e200000|  0%| F|  |TAMS 0x000000074e100000, 0x000000074e100000| Untracked 
| 194|0x000000074e200000, 0x000000074e200000, 0x000000074e300000|  0%| F|  |TAMS 0x000000074e200000, 0x000000074e200000| Untracked 
| 195|0x000000074e300000, 0x000000074e300000, 0x000000074e400000|  0%| F|  |TAMS 0x000000074e300000, 0x000000074e300000| Untracked 
| 196|0x000000074e400000, 0x000000074e400000, 0x000000074e500000|  0%| F|  |TAMS 0x000000074e400000, 0x000000074e400000| Untracked 
| 197|0x000000074e500000, 0x000000074e500000, 0x000000074e600000|  0%| F|  |TAMS 0x000000074e500000, 0x000000074e500000| Untracked 
| 198|0x000000074e600000, 0x000000074e600000, 0x000000074e700000|  0%| F|  |TAMS 0x000000074e600000, 0x000000074e600000| Untracked 
| 199|0x000000074e700000, 0x000000074e700000, 0x000000074e800000|  0%| F|  |TAMS 0x000000074e700000, 0x000000074e700000| Untracked 
| 200|0x000000074e800000, 0x000000074e800000, 0x000000074e900000|  0%| F|  |TAMS 0x000000074e800000, 0x000000074e800000| Untracked 
| 201|0x000000074e900000, 0x000000074e900000, 0x000000074ea00000|  0%| F|  |TAMS 0x000000074e900000, 0x000000074e900000| Untracked 
| 202|0x000000074ea00000, 0x000000074ea00000, 0x000000074eb00000|  0%| F|  |TAMS 0x000000074ea00000, 0x000000074ea00000| Untracked 
| 203|0x000000074eb00000, 0x000000074eb00000, 0x000000074ec00000|  0%| F|  |TAMS 0x000000074eb00000, 0x000000074eb00000| Untracked 
| 204|0x000000074ec00000, 0x000000074ec00000, 0x000000074ed00000|  0%| F|  |TAMS 0x000000074ec00000, 0x000000074ec00000| Untracked 
| 205|0x000000074ed00000, 0x000000074ed00000, 0x000000074ee00000|  0%| F|  |TAMS 0x000000074ed00000, 0x000000074ed00000| Untracked 
| 206|0x000000074ee00000, 0x000000074ee00000, 0x000000074ef00000|  0%| F|  |TAMS 0x000000074ee00000, 0x000000074ee00000| Untracked 
| 207|0x000000074ef00000, 0x000000074ef00000, 0x000000074f000000|  0%| F|  |TAMS 0x000000074ef00000, 0x000000074ef00000| Untracked 
| 208|0x000000074f000000, 0x000000074f000000, 0x000000074f100000|  0%| F|  |TAMS 0x000000074f000000, 0x000000074f000000| Untracked 
| 209|0x000000074f100000, 0x000000074f100000, 0x000000074f200000|  0%| F|  |TAMS 0x000000074f100000, 0x000000074f100000| Untracked 
| 210|0x000000074f200000, 0x000000074f200000, 0x000000074f300000|  0%| F|  |TAMS 0x000000074f200000, 0x000000074f200000| Untracked 
| 211|0x000000074f300000, 0x000000074f300000, 0x000000074f400000|  0%| F|  |TAMS 0x000000074f300000, 0x000000074f300000| Untracked 
| 212|0x000000074f400000, 0x000000074f400000, 0x000000074f500000|  0%| F|  |TAMS 0x000000074f400000, 0x000000074f400000| Untracked 
| 213|0x000000074f500000, 0x000000074f500000, 0x000000074f600000|  0%| F|  |TAMS 0x000000074f500000, 0x000000074f500000| Untracked 
| 214|0x000000074f600000, 0x000000074f600000, 0x000000074f700000|  0%| F|  |TAMS 0x000000074f600000, 0x000000074f600000| Untracked 
| 215|0x000000074f700000, 0x000000074f700000, 0x000000074f800000|  0%| F|  |TAMS 0x000000074f700000, 0x000000074f700000| Untracked 
| 216|0x000000074f800000, 0x000000074f800000, 0x000000074f900000|  0%| F|  |TAMS 0x000000074f800000, 0x000000074f800000| Untracked 
| 217|0x000000074f900000, 0x000000074f900000, 0x000000074fa00000|  0%| F|  |TAMS 0x000000074f900000, 0x000000074f900000| Untracked 
| 218|0x000000074fa00000, 0x000000074fa00000, 0x000000074fb00000|  0%| F|  |TAMS 0x000000074fa00000, 0x000000074fa00000| Untracked 
| 219|0x000000074fb00000, 0x000000074fb00000, 0x000000074fc00000|  0%| F|  |TAMS 0x000000074fb00000, 0x000000074fb00000| Untracked 
| 220|0x000000074fc00000, 0x000000074fc00000, 0x000000074fd00000|  0%| F|  |TAMS 0x000000074fc00000, 0x000000074fc00000| Untracked 
| 221|0x000000074fd00000, 0x000000074fd00000, 0x000000074fe00000|  0%| F|  |TAMS 0x000000074fd00000, 0x000000074fd00000| Untracked 
| 222|0x000000074fe00000, 0x000000074fe00000, 0x000000074ff00000|  0%| F|  |TAMS 0x000000074fe00000, 0x000000074fe00000| Untracked 
| 223|0x000000074ff00000, 0x000000074ff00000, 0x0000000750000000|  0%| F|  |TAMS 0x000000074ff00000, 0x000000074ff00000| Untracked 
| 224|0x0000000750000000, 0x0000000750000000, 0x0000000750100000|  0%| F|  |TAMS 0x0000000750000000, 0x0000000750000000| Untracked 
| 225|0x0000000750100000, 0x0000000750100000, 0x0000000750200000|  0%| F|  |TAMS 0x0000000750100000, 0x0000000750100000| Untracked 
| 226|0x0000000750200000, 0x0000000750280800, 0x0000000750300000| 50%| E|  |TAMS 0x0000000750200000, 0x0000000750200000| Complete 
| 227|0x0000000750300000, 0x0000000750400000, 0x0000000750400000|100%| E|CS|TAMS 0x0000000750300000, 0x0000000750300000| Complete 

Card table byte_map: [0x000002455f170000,0x000002455f760000] _byte_map_base: 0x000002455b760000

Marking Bits (Prev, Next): (CMBitMap*) 0x000002454ba9c618, (CMBitMap*) 0x000002454ba9c650
 Prev Bits: [0x000002455fd50000, 0x0000024562cd0000)
 Next Bits: [0x0000024562cd0000, 0x0000024565c50000)

Polling page: 0x000002454a0e0000

Metaspace:

Usage:
  Non-class:     66.27 MB capacity,    65.42 MB ( 99%) used,   714.62 KB (  1%) free+waste,   159.06 KB ( <1%) overhead. 
      Class:      8.35 MB capacity,     7.91 MB ( 95%) used,   381.73 KB (  4%) free+waste,    67.50 KB ( <1%) overhead. 
       Both:     74.62 MB capacity,    73.32 MB ( 98%) used,     1.07 MB (  1%) free+waste,   226.56 KB ( <1%) overhead. 

Virtual space:
  Non-class space:       68.00 MB reserved,      66.46 MB ( 98%) committed 
      Class space:        1.00 GB reserved,       8.38 MB ( <1%) committed 
             Both:        1.07 GB reserved,      74.84 MB (  7%) committed 

Chunk freelists:
   Non-Class:  4.00 KB
       Class:  0 bytes
        Both:  4.00 KB

MaxMetaspaceSize: 17179869184.00 GB
CompressedClassSpaceSize: 1.00 GB
Initial GC threshold: 20.80 MB
Current GC threshold: 122.44 MB
CDS: off

CodeHeap 'non-profiled nmethods': size=120064Kb used=14653Kb max_used=14653Kb free=105410Kb
 bounds [0x0000024557020000, 0x0000024557e70000, 0x000002455e560000]
CodeHeap 'profiled nmethods': size=120000Kb used=41774Kb max_used=42646Kb free=78225Kb
 bounds [0x000002454faf0000, 0x00000245524a0000, 0x0000024557020000]
CodeHeap 'non-nmethods': size=5696Kb used=1322Kb max_used=1401Kb free=4373Kb
 bounds [0x000002454f560000, 0x000002454f7d0000, 0x000002454faf0000]
 total_blobs=14563 nmethods=13967 adapters=505
 compilation: enabled
              stopped_count=0, restarted_count=0
 full_count=0

Compilation events (20 events):
Event: 83.729 Thread 0x0000024568bda000 16327       3       org.jetbrains.kotlin.psi.KtWhenEntry::getElseKeyword (8 bytes)
Event: 83.729 Thread 0x0000024568bda000 nmethod 16327 0x0000024551072d10 code [0x0000024551072f00, 0x0000024551073448]
Event: 83.748 Thread 0x000002456a720800 16316       4       org.jetbrains.kotlin.types.KotlinTypeFactory::simpleType (112 bytes)
Event: 83.756 Thread 0x0000024568bda000 16329       3       org.jetbrains.kotlin.psi.KtWhenEntry::getExpression (10 bytes)
Event: 83.757 Thread 0x0000024568bda000 nmethod 16329 0x0000024551071d10 code [0x0000024551071f60, 0x00000245510729e8]
Event: 83.757 Thread 0x000002456a720800 nmethod 16316 0x0000024557e6a190 code [0x0000024557e6a380, 0x0000024557e6a888]
Event: 83.757 Thread 0x000002456a720800 16318       4       org.jetbrains.kotlin.types.AbstractTypeChecker::equalTypes (238 bytes)
Event: 83.764 Thread 0x0000024568bda000 16330       3       org.jetbrains.kotlin.resolve.calls.inference.components.VariableFixationFinder$hasDependencyToOtherTypeVariables$dependencyPresenceCondition$1::invoke (62 bytes)
Event: 83.765 Thread 0x0000024568bda000 nmethod 16330 0x000002454fdf7e90 code [0x000002454fdf8140, 0x000002454fdf8e08]
Event: 83.769 Thread 0x0000024568bda000 16331       3       javaslang.collection.HashArrayMappedTrieModule$AbstractNode::nodes (9 bytes)
Event: 83.769 Thread 0x0000024568bda000 nmethod 16331 0x0000024550d1a490 code [0x0000024550d1a640, 0x0000024550d1a7e8]
Event: 83.769 Thread 0x0000024568bda000 16332       3       org.jetbrains.kotlin.psi.KtVisitorVoid::visitValueArgumentList (10 bytes)
Event: 83.770 Thread 0x0000024568bda000 nmethod 16332 0x0000024551935d10 code [0x0000024551935f40, 0x00000245519366e8]
Event: 83.770 Thread 0x0000024568bda000 16333   !   3       jdk.internal.reflect.GeneratedConstructorAccessor49::newInstance (53 bytes)
Event: 83.771 Thread 0x0000024568bda000 nmethod 16333 0x0000024550b65b90 code [0x0000024550b65e20, 0x0000024550b66928]
Event: 83.773 Thread 0x0000024568bda000 16334       3       org.jetbrains.kotlin.types.typeUtil.TypeUtilsKt::shouldBeUpdated (23 bytes)
Event: 83.774 Thread 0x0000024568bda000 nmethod 16334 0x0000024551934f10 code [0x0000024551935160, 0x0000024551935928]
Event: 83.777 Thread 0x0000024568bda000 16337       3       org.jetbrains.kotlin.resolve.diagnostics.SimpleDiagnostics::forElement (23 bytes)
Event: 83.778 Thread 0x0000024568bda000 nmethod 16337 0x00000245500a7f90 code [0x00000245500a8220, 0x00000245500a8ae8]
Event: 83.788 Thread 0x0000024568bda000 16338       3       org.jetbrains.kotlin.resolve.diagnostics.DiagnosticsElementsCache$1::compute (5 bytes)

GC Heap History (20 events):
Event: 44.120 GC heap before
{Heap before GC invocations=16 (full 0):
 garbage-first heap   total 233472K, used 168289K [0x0000000742000000, 0x0000000800000000)
  region size 1024K, 66 young (67584K), 3 survivors (3072K)
 Metaspace       used 67240K, capacity 68106K, committed 68184K, reserved 1110016K
  class space    used 7404K, capacity 7749K, committed 7808K, reserved 1048576K
}
Event: 44.133 GC heap after
{Heap after GC invocations=17 (full 0):
 garbage-first heap   total 233472K, used 105687K [0x0000000742000000, 0x0000000800000000)
  region size 1024K, 5 young (5120K), 5 survivors (5120K)
 Metaspace       used 67240K, capacity 68106K, committed 68184K, reserved 1110016K
  class space    used 7404K, capacity 7749K, committed 7808K, reserved 1048576K
}
Event: 51.010 GC heap before
{Heap before GC invocations=17 (full 0):
 garbage-first heap   total 233472K, used 172247K [0x0000000742000000, 0x0000000800000000)
  region size 1024K, 70 young (71680K), 5 survivors (5120K)
 Metaspace       used 70742K, capacity 71621K, committed 71768K, reserved 1114112K
  class space    used 7677K, capacity 8012K, committed 8064K, reserved 1048576K
}
Event: 51.034 GC heap after
{Heap after GC invocations=18 (full 0):
 garbage-first heap   total 233472K, used 112067K [0x0000000742000000, 0x0000000800000000)
  region size 1024K, 9 young (9216K), 9 survivors (9216K)
 Metaspace       used 70742K, capacity 71621K, committed 71768K, reserved 1114112K
  class space    used 7677K, capacity 8012K, committed 8064K, reserved 1048576K
}
Event: 57.525 GC heap before
{Heap before GC invocations=18 (full 0):
 garbage-first heap   total 233472K, used 177603K [0x0000000742000000, 0x0000000800000000)
  region size 1024K, 73 young (74752K), 9 survivors (9216K)
 Metaspace       used 72170K, capacity 73104K, committed 73176K, reserved 1114112K
  class space    used 7795K, capacity 8158K, committed 8192K, reserved 1048576K
}
Event: 57.560 GC heap after
{Heap after GC invocations=19 (full 0):
 garbage-first heap   total 233472K, used 121584K [0x0000000742000000, 0x0000000800000000)
  region size 1024K, 9 young (9216K), 9 survivors (9216K)
 Metaspace       used 72170K, capacity 73104K, committed 73176K, reserved 1114112K
  class space    used 7795K, capacity 8158K, committed 8192K, reserved 1048576K
}
Event: 57.702 GC heap before
{Heap before GC invocations=19 (full 0):
 garbage-first heap   total 233472K, used 122608K [0x0000000742000000, 0x0000000800000000)
  region size 1024K, 11 young (11264K), 9 survivors (9216K)
 Metaspace       used 72179K, capacity 73104K, committed 73176K, reserved 1114112K
  class space    used 7795K, capacity 8158K, committed 8192K, reserved 1048576K
}
Event: 57.719 GC heap after
{Heap after GC invocations=20 (full 0):
 garbage-first heap   total 233472K, used 123305K [0x0000000742000000, 0x0000000800000000)
  region size 1024K, 2 young (2048K), 2 survivors (2048K)
 Metaspace       used 72179K, capacity 73104K, committed 73176K, reserved 1114112K
  class space    used 7795K, capacity 8158K, committed 8192K, reserved 1048576K
}
Event: 61.739 GC heap before
{Heap before GC invocations=21 (full 0):
 garbage-first heap   total 233472K, used 168361K [0x0000000742000000, 0x0000000800000000)
  region size 1024K, 45 young (46080K), 2 survivors (2048K)
 Metaspace       used 72640K, capacity 73543K, committed 73816K, reserved 1114112K
  class space    used 7829K, capacity 8196K, committed 8320K, reserved 1048576K
}
Event: 61.751 GC heap after
{Heap after GC invocations=22 (full 0):
 garbage-first heap   total 233472K, used 127765K [0x0000000742000000, 0x0000000800000000)
  region size 1024K, 6 young (6144K), 6 survivors (6144K)
 Metaspace       used 72640K, capacity 73543K, committed 73816K, reserved 1114112K
  class space    used 7829K, capacity 8196K, committed 8320K, reserved 1048576K
}
Event: 65.190 GC heap before
{Heap before GC invocations=22 (full 0):
 garbage-first heap   total 233472K, used 173845K [0x0000000742000000, 0x0000000800000000)
  region size 1024K, 51 young (52224K), 6 survivors (6144K)
 Metaspace       used 72950K, capacity 73892K, committed 74072K, reserved 1116160K
  class space    used 7842K, capacity 8205K, committed 8320K, reserved 1048576K
}
Event: 65.214 GC heap after
{Heap after GC invocations=23 (full 0):
 garbage-first heap   total 233472K, used 134659K [0x0000000742000000, 0x0000000800000000)
  region size 1024K, 7 young (7168K), 7 survivors (7168K)
 Metaspace       used 72950K, capacity 73892K, committed 74072K, reserved 1116160K
  class space    used 7842K, capacity 8205K, committed 8320K, reserved 1048576K
}
Event: 69.461 GC heap before
{Heap before GC invocations=24 (full 0):
 garbage-first heap   total 233472K, used 178691K [0x0000000742000000, 0x0000000800000000)
  region size 1024K, 50 young (51200K), 7 survivors (7168K)
 Metaspace       used 73373K, capacity 74336K, committed 74584K, reserved 1116160K
  class space    used 7867K, capacity 8242K, committed 8320K, reserved 1048576K
}
Event: 69.486 GC heap after
{Heap after GC invocations=25 (full 0):
 garbage-first heap   total 233472K, used 139500K [0x0000000742000000, 0x0000000800000000)
  region size 1024K, 5 young (5120K), 5 survivors (5120K)
 Metaspace       used 73373K, capacity 74336K, committed 74584K, reserved 1116160K
  class space    used 7867K, capacity 8242K, committed 8320K, reserved 1048576K
}
Event: 74.926 GC heap before
{Heap before GC invocations=25 (full 0):
 garbage-first heap   total 233472K, used 183532K [0x0000000742000000, 0x0000000800000000)
  region size 1024K, 48 young (49152K), 5 survivors (5120K)
 Metaspace       used 74036K, capacity 74992K, committed 75224K, reserved 1116160K
  class space    used 7998K, capacity 8376K, committed 8448K, reserved 1048576K
}
Event: 74.953 GC heap after
{Heap after GC invocations=26 (full 0):
 garbage-first heap   total 233472K, used 144106K [0x0000000742000000, 0x0000000800000000)
  region size 1024K, 5 young (5120K), 5 survivors (5120K)
 Metaspace       used 74036K, capacity 74992K, committed 75224K, reserved 1116160K
  class space    used 7998K, capacity 8376K, committed 8448K, reserved 1048576K
}
Event: 80.640 GC heap before
{Heap before GC invocations=27 (full 0):
 garbage-first heap   total 233472K, used 187114K [0x0000000742000000, 0x0000000800000000)
  region size 1024K, 47 young (48128K), 5 survivors (5120K)
 Metaspace       used 74236K, capacity 75197K, committed 75480K, reserved 1116160K
  class space    used 8001K, capacity 8378K, committed 8448K, reserved 1048576K
}
Event: 80.659 GC heap after
{Heap after GC invocations=28 (full 0):
 garbage-first heap   total 233472K, used 148558K [0x0000000742000000, 0x0000000800000000)
  region size 1024K, 5 young (5120K), 5 survivors (5120K)
 Metaspace       used 74236K, capacity 75197K, committed 75480K, reserved 1116160K
  class space    used 8001K, capacity 8378K, committed 8448K, reserved 1048576K
}
Event: 83.730 GC heap before
{Heap before GC invocations=28 (full 0):
 garbage-first heap   total 233472K, used 190542K [0x0000000742000000, 0x0000000800000000)
  region size 1024K, 46 young (47104K), 5 survivors (5120K)
 Metaspace       used 75072K, capacity 76407K, committed 76632K, reserved 1118208K
  class space    used 8097K, capacity 8547K, committed 8576K, reserved 1048576K
}
Event: 83.748 GC heap after
{Heap after GC invocations=29 (full 0):
 garbage-first heap   total 233472K, used 153459K [0x0000000742000000, 0x0000000800000000)
  region size 1024K, 5 young (5120K), 5 survivors (5120K)
 Metaspace       used 75072K, capacity 76407K, committed 76632K, reserved 1118208K
  class space    used 8097K, capacity 8547K, committed 8576K, reserved 1048576K
}

Deoptimization events (20 events):
Event: 83.012 Thread 0x000002454ba4a000 Uncommon trap: trap_request=0xffffffc6 fr.pc=0x00000245578269f8 relative=0x0000000000002e98
Event: 83.012 Thread 0x000002454ba4a000 Uncommon trap: reason=bimorphic_or_optimized_type_check action=maybe_recompile pc=0x00000245578269f8 method=org.jetbrains.kotlin.resolve.calls.tower.ResolvedAtomCompleter.completeResolvedCall(Lorg/jetbrains/kotlin/resolve/calls/model/ResolvedCallAtom;Ljav
Event: 83.012 Thread 0x000002454ba4a000 DEOPT PACKING pc=0x00000245578269f8 sp=0x000000d7e02fc230
Event: 83.012 Thread 0x000002454ba4a000 DEOPT UNPACKING pc=0x000002454f5aa1af sp=0x000000d7e02fc218 mode 2
Event: 83.031 Thread 0x000002454ba4a000 Uncommon trap: trap_request=0xffffffc6 fr.pc=0x0000024557cfde60 relative=0x0000000000001780
Event: 83.031 Thread 0x000002454ba4a000 Uncommon trap: reason=bimorphic_or_optimized_type_check action=maybe_recompile pc=0x0000024557cfde60 method=org.jetbrains.kotlin.types.AbstractTypeChecker.equalTypes(Lorg/jetbrains/kotlin/types/TypeCheckerState;Lorg/jetbrains/kotlin/types/model/KotlinType
Event: 83.031 Thread 0x000002454ba4a000 DEOPT PACKING pc=0x0000024557cfde60 sp=0x000000d7e02fba40
Event: 83.031 Thread 0x000002454ba4a000 DEOPT UNPACKING pc=0x000002454f5aa1af sp=0x000000d7e02fb9e8 mode 2
Event: 83.535 Thread 0x000002454ba4a000 Uncommon trap: trap_request=0xffffffde fr.pc=0x0000024557cdb738 relative=0x0000000000006318
Event: 83.535 Thread 0x000002454ba4a000 Uncommon trap: reason=class_check action=maybe_recompile pc=0x0000024557cdb738 method=org.jetbrains.kotlin.resolve.calls.smartcasts.DataFlowValueKindUtilsKt.propertyKind(Lorg/jetbrains/kotlin/descriptors/PropertyDescriptor;Lorg/jetbrains/kotlin/descriptor
Event: 83.535 Thread 0x000002454ba4a000 DEOPT PACKING pc=0x0000024557cdb738 sp=0x000000d7e02f5820
Event: 83.535 Thread 0x000002454ba4a000 DEOPT UNPACKING pc=0x000002454f5aa1af sp=0x000000d7e02f5640 mode 2
Event: 83.550 Thread 0x000002454ba4a000 Uncommon trap: trap_request=0xffffffc6 fr.pc=0x00000245578269f8 relative=0x0000000000002e98
Event: 83.550 Thread 0x000002454ba4a000 Uncommon trap: reason=bimorphic_or_optimized_type_check action=maybe_recompile pc=0x00000245578269f8 method=org.jetbrains.kotlin.resolve.calls.tower.ResolvedAtomCompleter.completeResolvedCall(Lorg/jetbrains/kotlin/resolve/calls/model/ResolvedCallAtom;Ljav
Event: 83.550 Thread 0x000002454ba4a000 DEOPT PACKING pc=0x00000245578269f8 sp=0x000000d7e02fc230
Event: 83.550 Thread 0x000002454ba4a000 DEOPT UNPACKING pc=0x000002454f5aa1af sp=0x000000d7e02fc218 mode 2
Event: 83.729 Thread 0x000002454ba4a000 Uncommon trap: trap_request=0xffffffc6 fr.pc=0x00000245578269f8 relative=0x0000000000002e98
Event: 83.729 Thread 0x000002454ba4a000 Uncommon trap: reason=bimorphic_or_optimized_type_check action=maybe_recompile pc=0x00000245578269f8 method=org.jetbrains.kotlin.resolve.calls.tower.ResolvedAtomCompleter.completeResolvedCall(Lorg/jetbrains/kotlin/resolve/calls/model/ResolvedCallAtom;Ljav
Event: 83.729 Thread 0x000002454ba4a000 DEOPT PACKING pc=0x00000245578269f8 sp=0x000000d7e02fc230
Event: 83.729 Thread 0x000002454ba4a000 DEOPT UNPACKING pc=0x000002454f5aa1af sp=0x000000d7e02fc218 mode 2

Classes redefined (0 events):
No events

Internal exceptions (20 events):
Event: 39.100 Thread 0x000002454ba4a000 Implicit null exception at 0x0000024557078af5 to 0x0000024557078cd8
Event: 39.101 Thread 0x000002454ba4a000 Implicit null exception at 0x0000024557075caf to 0x0000024557075d29
Event: 39.248 Thread 0x000002454ba4a000 Implicit null exception at 0x000002455779ad4e to 0x00000245577a1b74
Event: 39.309 Thread 0x000002454ba4a000 Implicit null exception at 0x0000024557677a67 to 0x0000024557678b88
Event: 42.034 Thread 0x000002454ba4a000 Exception <a 'java/lang/NoSuchMethodError'{0x000000074ea864c0}: 'int java.lang.invoke.DirectMethodHandle$Holder.invokeVirtual(java.lang.Object, java.lang.Object, java.lang.Object)'> (0x000000074ea864c0) thrown at [./src/hotspot/share/interpreter/linkResolver.cpp, line 773]
Event: 42.205 Thread 0x000002454ba4a000 Exception <a 'java/lang/NoSuchMethodError'{0x000000074e741ce0}: 'void java.lang.invoke.DirectMethodHandle$Holder.invokeInterface(java.lang.Object, java.lang.Object)'> (0x000000074e741ce0) thrown at [./src/hotspot/share/interpreter/linkResolver.cpp, line 773]
Event: 42.371 Thread 0x000002454ba4a000 Exception <a 'java/lang/IncompatibleClassChangeError'{0x000000074e6e8d30}: Found class java.lang.Object, but interface was expected> (0x000000074e6e8d30) thrown at [./src/hotspot/share/interpreter/linkResolver.cpp, line 839]
Event: 45.564 Thread 0x000002454ba4a000 Exception <a 'java/lang/IncompatibleClassChangeError'{0x000000074e592ca8}: Found class java.lang.Object, but interface was expected> (0x000000074e592ca8) thrown at [./src/hotspot/share/interpreter/linkResolver.cpp, line 839]
Event: 46.075 Thread 0x000002454ba4a000 Exception <a 'java/lang/NoSuchMethodError'{0x000000074e3a5c00}: 'java.lang.Object java.lang.invoke.Invokers$Holder.linkToTargetMethod(java.lang.Object, java.lang.Object, java.lang.Object, int, int, java.lang.Object)'> (0x000000074e3a5c00) thrown at [./src/hotspot/share/interpreter/linkResolver.cpp, line 773]
Event: 49.638 Thread 0x000002454ba4a000 Implicit null exception at 0x000002455718ad04 to 0x000002455718b7d0
Event: 49.641 Thread 0x000002454ba4a000 Implicit null exception at 0x000002455792771d to 0x0000024557927d8c
Event: 49.658 Thread 0x000002454ba4a000 Implicit null exception at 0x000002455703c377 to 0x000002455703c884
Event: 49.659 Thread 0x000002454ba4a000 Implicit null exception at 0x0000024557925bed to 0x0000024557926194
Event: 49.794 Thread 0x000002454ba4a000 Implicit null exception at 0x000002455703b874 to 0x000002455703bd9c
Event: 50.662 Thread 0x000002454ba4a000 Exception <a 'java/lang/NoSuchMethodError'{0x000000074c769d98}: 'int java.lang.invoke.DirectMethodHandle$Holder.invokeStatic(java.lang.Object, java.lang.Object, java.lang.Object, java.lang.Object, java.lang.Object)'> (0x000000074c769d98) thrown at [./src/hotspot/share/interpreter/linkResolver.cpp, line 773]
Event: 50.772 Thread 0x000002454ba4a000 Implicit null exception at 0x000002455774f55f to 0x0000024557750fc8
Event: 60.149 Thread 0x000002454ba4a000 Implicit null exception at 0x00000245577aa2a2 to 0x00000245577abea8
Event: 67.204 Thread 0x000002454ba4a000 Implicit null exception at 0x00000245578ac3fe to 0x00000245578ac6ec
Event: 67.206 Thread 0x000002454ba4a000 Implicit null exception at 0x00000245575aa277 to 0x00000245575aa578
Event: 67.888 Thread 0x000002454ba4a000 Implicit null exception at 0x00000245579d2e97 to 0x00000245579d2fe4

Events (20 events):
Event: 80.923 loading class org/jetbrains/kotlin/resolve/constants/FloatValue
Event: 80.923 loading class org/jetbrains/kotlin/resolve/constants/FloatValue done
Event: 80.938 loading class org/jetbrains/kotlin/cfg/ControlFlowBuilder$PredefinedOperation
Event: 80.938 loading class org/jetbrains/kotlin/cfg/ControlFlowBuilder$PredefinedOperation done
Event: 80.938 loading class org/jetbrains/kotlin/cfg/pseudocode/ControlFlowInstructionsGenerator$ControlFlowInstructionsGeneratorWorker$WhenMappings
Event: 80.938 loading class org/jetbrains/kotlin/cfg/pseudocode/ControlFlowInstructionsGenerator$ControlFlowInstructionsGeneratorWorker$WhenMappings done
Event: 80.951 loading class org/jetbrains/kotlin/resolve/constants/DoubleValue
Event: 80.951 loading class org/jetbrains/kotlin/resolve/constants/DoubleValue done
Event: 81.492 Executing VM operation: ICBufferFull
Event: 81.492 Executing VM operation: ICBufferFull done
Event: 82.616 loading class jdk/internal/math/FDBigInteger
Event: 82.618 loading class jdk/internal/math/FDBigInteger done
Event: 82.951 Thread 0x000002456f2ae000 Thread exited: 0x000002456f2ae000
Event: 83.125 loading class org/jetbrains/kotlin/resolve/calls/CallResolver$1
Event: 83.125 loading class org/jetbrains/kotlin/resolve/calls/CallResolver$1 done
Event: 83.132 Executing VM operation: ICBufferFull
Event: 83.132 Executing VM operation: ICBufferFull done
Event: 83.729 Thread 0x000002456a720800 Thread added: 0x000002456a720800
Event: 83.729 Executing VM operation: G1CollectForAllocation
Event: 83.748 Executing VM operation: G1CollectForAllocation done


Dynamic libraries:
0x00007ff609ce0000 - 0x00007ff609cea000 	C:\Program Files\Android\Android Studio\jre\bin\java.exe
0x00007fff51eb0000 - 0x00007fff520a8000 	C:\Windows\SYSTEM32\ntdll.dll
0x00007fff51270000 - 0x00007fff5132d000 	C:\Windows\System32\KERNEL32.DLL
0x00007fff4f890000 - 0x00007fff4fb5e000 	C:\Windows\System32\KERNELBASE.dll
0x00007fff4fe10000 - 0x00007fff4ff10000 	C:\Windows\System32\ucrtbase.dll
0x00007fff25ea0000 - 0x00007fff25eb9000 	C:\Program Files\Android\Android Studio\jre\bin\jli.dll
0x00007fff508e0000 - 0x00007fff50a80000 	C:\Windows\System32\USER32.dll
0x00007fff4f860000 - 0x00007fff4f882000 	C:\Windows\System32\win32u.dll
0x00007fff51aa0000 - 0x00007fff51aca000 	C:\Windows\System32\GDI32.dll
0x00007fff4fd00000 - 0x00007fff4fe0b000 	C:\Windows\System32\gdi32full.dll
0x00007fff4fbb0000 - 0x00007fff4fc4d000 	C:\Windows\System32\msvcp_win.dll
0x00007fff4cc50000 - 0x00007fff4cc67000 	C:\Program Files\Android\Android Studio\jre\bin\VCRUNTIME140.dll
0x00007fff44c20000 - 0x00007fff44eba000 	C:\Windows\WinSxS\amd64_microsoft.windows.common-controls_6595b64144ccf1df_6.0.19041.1110_none_60b5254171f9507e\COMCTL32.dll
0x00007fff519c0000 - 0x00007fff51a5e000 	C:\Windows\System32\msvcrt.dll
0x00007fff51a70000 - 0x00007fff51aa0000 	C:\Windows\System32\IMM32.DLL
0x00007fff433c0000 - 0x00007fff4345d000 	C:\Program Files\Android\Android Studio\jre\bin\msvcp140.dll
0x00007ffed7080000 - 0x00007ffed7b65000 	C:\Program Files\Android\Android Studio\jre\bin\server\jvm.dll
0x00007fff515f0000 - 0x00007fff5169e000 	C:\Windows\System32\ADVAPI32.dll
0x00007fff511d0000 - 0x00007fff5126c000 	C:\Windows\System32\sechost.dll
0x00007fff51c00000 - 0x00007fff51d25000 	C:\Windows\System32\RPCRT4.dll
0x00007fff507b0000 - 0x00007fff507b8000 	C:\Windows\System32\PSAPI.DLL
0x00007fff42fd0000 - 0x00007fff42fd9000 	C:\Windows\SYSTEM32\WSOCK32.dll
0x00007fff50740000 - 0x00007fff507ab000 	C:\Windows\System32\WS2_32.dll
0x00007fff3ffa0000 - 0x00007fff3ffc7000 	C:\Windows\SYSTEM32\WINMM.dll
0x00007fff4cbc0000 - 0x00007fff4cbca000 	C:\Windows\SYSTEM32\VERSION.dll
0x00007fff4de40000 - 0x00007fff4de52000 	C:\Windows\SYSTEM32\kernel.appcore.dll
0x00007fff4cba0000 - 0x00007fff4cbb1000 	C:\Program Files\Android\Android Studio\jre\bin\verify.dll
0x00007fff4d260000 - 0x00007fff4d444000 	C:\Windows\SYSTEM32\DBGHELP.DLL
0x00007fff471c0000 - 0x00007fff471ec000 	C:\Windows\SYSTEM32\dbgcore.DLL
0x00007fff4f7d0000 - 0x00007fff4f852000 	C:\Windows\System32\bcryptPrimitives.dll
0x00007fff49ff0000 - 0x00007fff4a019000 	C:\Program Files\Android\Android Studio\jre\bin\java.dll
0x00007fff4cc40000 - 0x00007fff4cc4b000 	C:\Program Files\Android\Android Studio\jre\bin\jimage.dll
0x00007fff49fd0000 - 0x00007fff49fe8000 	C:\Program Files\Android\Android Studio\jre\bin\zip.dll
0x00007fff50a80000 - 0x00007fff511c3000 	C:\Windows\System32\SHELL32.dll
0x00007fff4d6a0000 - 0x00007fff4de35000 	C:\Windows\SYSTEM32\windows.storage.dll
0x00007fff50380000 - 0x00007fff506d4000 	C:\Windows\System32\combase.dll
0x00007fff4f030000 - 0x00007fff4f060000 	C:\Windows\SYSTEM32\Wldp.dll
0x00007fff51dc0000 - 0x00007fff51e6d000 	C:\Windows\System32\SHCORE.dll
0x00007fff513e0000 - 0x00007fff51435000 	C:\Windows\System32\shlwapi.dll
0x00007fff4f510000 - 0x00007fff4f52f000 	C:\Windows\SYSTEM32\profapi.dll
0x00007fff496e0000 - 0x00007fff496fa000 	C:\Program Files\Android\Android Studio\jre\bin\net.dll
0x00007fff45e90000 - 0x00007fff45f9a000 	C:\Windows\SYSTEM32\WINHTTP.dll
0x00007fff4ed90000 - 0x00007fff4edfa000 	C:\Windows\system32\mswsock.dll
0x00007fff496c0000 - 0x00007fff496d4000 	C:\Program Files\Android\Android Studio\jre\bin\nio.dll

dbghelp: loaded successfully - version: 4.0.5 - missing functions: none
symbol engine: initialized successfully - sym options: 0x614 - pdb path: .;C:\Program Files\Android\Android Studio\jre\bin;C:\Windows\SYSTEM32;C:\Windows\WinSxS\amd64_microsoft.windows.common-controls_6595b64144ccf1df_6.0.19041.1110_none_60b5254171f9507e;C:\Program Files\Android\Android Studio\jre\bin\server

VM Arguments:
java_command: org.jetbrains.kotlin.cli.jvm.K2JVMCompiler @D:\Studio Projects\machine_enquiry\machine_enquiry\app\build\20220916_7152017445652970790.compiler.options
java_class_path (initial): C:\Users\Prashant\.gradle\caches\modules-2\files-2.1\org.jetbrains.kotlin\kotlin-compiler-embeddable\1.6.10\88f2073f4020cdb83132cfe940ceb9a60aba54ea\kotlin-compiler-embeddable-1.6.10.jar;C:\Users\Prashant\.gradle\caches\modules-2\files-2.1\org.jetbrains.kotlin\kotlin-reflect\1.6.10\1cbe9c92c12a94eea200d23c2bbaedaf3daf5132\kotlin-reflect-1.6.10.jar;C:\Users\Prashant\.gradle\caches\modules-2\files-2.1\org.jetbrains.kotlin\kotlin-stdlib\1.6.10\b8af3fe6f1ca88526914929add63cf5e7c5049af\kotlin-stdlib-1.6.10.jar;C:\Users\Prashant\.gradle\caches\modules-2\files-2.1\org.jetbrains.kotlin\kotlin-script-runtime\1.6.10\d0a7ff2e2500ef497ed0214ae40ad3c8387a6164\kotlin-script-runtime-1.6.10.jar;C:\Users\Prashant\.gradle\caches\modules-2\files-2.1\org.jetbrains.kotlin\kotlin-daemon-embeddable\1.6.10\a56d79bcbea411fa6058e4ecffc2de73e742bd2a\kotlin-daemon-embeddable-1.6.10.jar;C:\Users\Prashant\.gradle\caches\modules-2\files-2.1\org.jetbrains.intellij.deps\trove4j\1.0.20181211\216c2e14b070f334479d800987affe4054cd563f\trove4j-1.0.20181211.jar;C:\Users\Prashant\.gradle\caches\modules-2\files-2.1\net.java.dev.jna\jna\5.6.0\330f2244e9030119ab3030fc3fededc86713d9cc\jna-5.6.0.jar;C:\Users\Prashant\.gradle\caches\modules-2\files-2.1\org.jetbrains\annotations\13.0\919f0dfe192fb4e063e7dacadee7f8bb9a2672a9\annotations-13.0.jar;C:\Users\Prashant\.gradle\caches\modules-2\files-2.1\org.jetbrains.kotlin\kotlin-stdlib-common\1.6.10\c118700e3a33c8a0d9adc920e9dec0831171925\kotlin-stdlib-common-1.6.10.jar
Launcher Type: SUN_STANDARD

[Global flags]
     intx CICompilerCount                          = 3                                         {product} {ergonomic}
     uint ConcGCThreads                            = 1                                         {product} {ergonomic}
     uint G1ConcRefinementThreads                  = 4                                         {product} {ergonomic}
   size_t G1HeapRegionSize                         = 1048576                                   {product} {ergonomic}
    uintx GCDrainStackTargetSize                   = 64                                        {product} {ergonomic}
   size_t InitialHeapSize                          = 199229440                                 {product} {ergonomic}
   size_t MarkStackSize                            = 4194304                                   {product} {ergonomic}
   size_t MaxHeapSize                              = 3187671040                                {product} {ergonomic}
   size_t MaxNewSize                               = 1912602624                                {product} {ergonomic}
   size_t MinHeapDeltaBytes                        = 1048576                                   {product} {ergonomic}
    uintx NonNMethodCodeHeapSize                   = 5830732                                {pd product} {ergonomic}
    uintx NonProfiledCodeHeapSize                  = 122913754                              {pd product} {ergonomic}
    uintx ProfiledCodeHeapSize                     = 122913754                              {pd product} {ergonomic}
    uintx ReservedCodeCacheSize                    = 251658240                              {pd product} {ergonomic}
     bool SegmentedCodeCache                       = true                                      {product} {ergonomic}
     bool UseCompressedClassPointers               = true                                 {lp64_product} {ergonomic}
     bool UseCompressedOops                        = true                                 {lp64_product} {ergonomic}
     bool UseG1GC                                  = true                                      {product} {ergonomic}
     bool UseLargePagesIndividualAllocation        = false                                  {pd product} {ergonomic}

Logging:
Log output configuration:
 #0: stdout all=warning uptime,level,tags
 #1: stderr all=off uptime,level,tags

Environment Variables:
PATH=D:\Flutter SDk\flutter\bin;C:\Windows\system32;C:\Windows;C:\Windows\System32\Wbem;C:\Windows\System32\WindowsPowerShell\v1.0\;C:\Windows\System32\OpenSSH\;C:\Program Files\Git\cmd;D:\Flutter SDk\flutter\bin;C:\Users\Prashant\AppData\Local\Microsoft\WindowsApps;C:\Users\Prashant\AppData\Local\Programs\Microsoft VS Code\bin;
USERNAME=Prashant
OS=Windows_NT
PROCESSOR_IDENTIFIER=Intel64 Family 6 Model 142 Stepping 9, GenuineIntel



---------------  S Y S T E M  ---------------

OS: Windows 10 , 64 bit Build 19041 (10.0.19041.1889)
OS uptime: 1 days 2:01 hours

CPU:total 4 (initial active 4) (2 cores per cpu, 2 threads per core) family 6 model 142 stepping 9 microcode 0xde, cmov, cx8, fxsr, mmx, sse, sse2, sse3, ssse3, sse4.1, sse4.2, popcnt, avx, avx2, aes, clmul, erms, 3dnowpref, lzcnt, ht, tsc, tscinvbit, bmi1, bmi2, adx, fma

Memory: 4k page, system-wide physical 12153M (806M free)
TotalPageFile size 27906M (AvailPageFile size 5M)
current process WorkingSet (physical memory assigned to process): 477M, peak: 489M
current process commit charge ("private bytes"): 511M, peak: 523M

vm_info: OpenJDK 64-Bit Server VM (11.0.12+7-b1504.28-7817840) for windows-amd64 JRE (11.0.12+7-b1504.28-7817840), built on Oct 13 2021 22:12:33 by "builder" with MS VC++ 14.0 (VS2015)

END.
