#
# There is insufficient memory for the Java Runtime Environment to continue.
# Native memory allocation (malloc) failed to allocate 2223696 bytes for Chunk::new
# Possible reasons:
#   The system is out of physical RAM or swap space
#   The process is running with CompressedOops enabled, and the Java Heap may be blocking the growth of the native heap
# Possible solutions:
#   Reduce memory load on the system
#   Increase physical memory or swap space
#   Check if swap backing store is full
#   Decrease Java heap size (-Xmx/-Xms)
#   Decrease number of Java threads
#   Decrease Java thread stack sizes (-Xss)
#   Set larger code cache with -XX:ReservedCodeCacheSize=
#   JVM is running with Unscaled Compressed Oops mode in which the Java heap is
#     placed in the first 4GB address space. The Java Heap base address is the
#     maximum limit for the native heap growth. Please use -XX:HeapBaseMinAddress
#     to set the Java Heap base and to place the Java Heap above 4GB virtual address.
# This output file may be truncated or incomplete.
#
#  Out of Memory Error (./src/hotspot/share/memory/arena.cpp:197), pid=9952, tid=21396
#
# JRE version: OpenJDK Runtime Environment (11.0.12+7) (build 11.0.12+7-b1504.28-7817840)
# Java VM: OpenJDK 64-Bit Server VM (11.0.12+7-b1504.28-7817840, mixed mode, tiered, compressed oops, g1 gc, windows-amd64)
# No core dump will be written. Minidumps are not enabled by default on client versions of Windows
#

---------------  S U M M A R Y ------------

Command Line: --add-opens=java.base/java.util=ALL-UNNAMED --add-opens=java.base/java.lang=ALL-UNNAMED --add-opens=java.base/java.lang.invoke=ALL-UNNAMED --add-opens=java.base/java.util=ALL-UNNAMED --add-opens=java.prefs/java.util.prefs=ALL-UNNAMED --add-opens=java.prefs/java.util.prefs=ALL-UNNAMED --add-opens=java.base/java.nio.charset=ALL-UNNAMED --add-opens=java.base/java.net=ALL-UNNAMED --add-opens=java.base/java.util.concurrent.atomic=ALL-UNNAMED -Xmx2048m -Dfile.encoding=UTF-8 -Duser.country=IN -Duser.language=en -Duser.variant org.gradle.launcher.daemon.bootstrap.GradleDaemon 7.2

Host: Intel(R) Core(TM) i5-8250U CPU @ 1.60GHz, 8 cores, 7G,  Windows 10 , 64 bit Build 19041 (10.0.19041.1889)
Time: Tue Aug 30 10:07:09 2022 India Standard Time elapsed time: 18.168618 seconds (0d 0h 0m 18s)

---------------  T H R E A D  ---------------

Current thread (0x000001c182404800):  JavaThread "C2 CompilerThread0" daemon [_thread_in_native, id=21396, stack(0x0000009ac0700000,0x0000009ac0800000)]


Current CompileTask:
C2:  18169 13374       4       org.gradle.api.internal.artifacts.transform.AttributeMatchingVariantSelector::doSelect (469 bytes)

Stack: [0x0000009ac0700000,0x0000009ac0800000]
Native frames: (J=compiled Java code, j=interpreted, Vv=VM code, C=native code)
V  [jvm.dll+0x5fbcea]
V  [jvm.dll+0x731905]
V  [jvm.dll+0x732f1d]
V  [jvm.dll+0x7335d3]
V  [jvm.dll+0x247bf8]
V  [jvm.dll+0xc018c]
V  [jvm.dll+0xc06cc]
V  [jvm.dll+0x35b2db]
V  [jvm.dll+0x328803]
V  [jvm.dll+0x327cfa]
V  [jvm.dll+0x200602]
V  [jvm.dll+0x1ff794]
V  [jvm.dll+0x18868c]
V  [jvm.dll+0x20e0d7]
V  [jvm.dll+0x20c901]
V  [jvm.dll+0x6f9b7f]
V  [jvm.dll+0x6f26a5]
V  [jvm.dll+0x5fabf6]
C  [ucrtbase.dll+0x21bb2]
C  [KERNEL32.DLL+0x17034]
C  [ntdll.dll+0x52651]


---------------  P R O C E S S  ---------------

Threads class SMR info:
_java_thread_list=0x000001c188748b60, length=134, elements={
0x000001c1e7ebe000, 0x000001c1823e1000, 0x000001c1823e2800, 0x000001c1823fc800,
0x000001c1823fe000, 0x000001c1823ff800, 0x000001c182404800, 0x000001c182405800,
0x000001c182406800, 0x000001c182ec7800, 0x000001c18517d800, 0x000001c18517e800,
0x000001c18517f000, 0x000001c185180000, 0x000001c18517a800, 0x000001c185181000,
0x000001c18517b000, 0x000001c18517c000, 0x000001c18517c800, 0x000001c184dfa000,
0x000001c184dfb800, 0x000001c184dfc800, 0x000001c184dfe000, 0x000001c184dfd000,
0x000001c184df8800, 0x000001c184dff000, 0x000001c184df9000, 0x000001c184dff800,
0x000001c184e00800, 0x000001c184dfa800, 0x000001c184e06000, 0x000001c184e04800,
0x000001c184e07000, 0x000001c184e01800, 0x000001c184e03000, 0x000001c186f6d000,
0x000001c186f68000, 0x000001c186f6c000, 0x000001c186f67800, 0x000001c186f69800,
0x000001c186f6e800, 0x000001c186f69000, 0x000001c186f6f800, 0x000001c186f6a800,
0x000001c186f6e000, 0x000001c186f70000, 0x000001c186f6b800, 0x000001c186f71000,
0x000001c186f73800, 0x000001c186f72800, 0x000001c186f74800, 0x000001c186f75000,
0x000001c186f76000, 0x000001c186f72000, 0x000001c187069800, 0x000001c187067000,
0x000001c187068000, 0x000001c187068800, 0x000001c18706c000, 0x000001c187066000,
0x000001c18706e800, 0x000001c18706b000, 0x000001c18706f000, 0x000001c18706d000,
0x000001c187070000, 0x000001c18706d800, 0x000001c18706a800, 0x000001c187075000,
0x000001c187072800, 0x000001c187071000, 0x000001c187071800, 0x000001c187073800,
0x000001c187074000, 0x000001c188c3a000, 0x000001c188c3b000, 0x000001c188c35800,
0x000001c188c37800, 0x000001c188c37000, 0x000001c188c3c000, 0x000001c188c38800,
0x000001c188c36000, 0x000001c188c39800, 0x000001c188c42800, 0x000001c188c3c800,
0x000001c188c40800, 0x000001c188c41800, 0x000001c188c3e800, 0x000001c188c43000,
0x000001c188c3d800, 0x000001c188c44000, 0x000001c188c40000, 0x000001c188c3f000,
0x000001c1899d3800, 0x000001c1899d3000, 0x000001c1899d0800, 0x000001c1899d1000,
0x000001c1899d4800, 0x000001c1899d2000, 0x000001c1899cf000, 0x000001c1899d5800,
0x000001c1899cf800, 0x000001c1899d8800, 0x000001c1899d9800, 0x000001c1899da000,
0x000001c1899db000, 0x000001c1899dc000, 0x000001c1899d6000, 0x000001c1899dc800,
0x000001c1899d7000, 0x000001c1899dd800, 0x000001c1899d7800, 0x000001c1898a4000,
0x000001c1898a1800, 0x000001c1898a3800, 0x000001c1898a0000, 0x000001c1898a1000,
0x000001c1898a2800, 0x000001c18989e800, 0x000001c18989f000, 0x000001c1898a7800,
0x000001c1898a9000, 0x000001c1898a5000, 0x000001c1898ab800, 0x000001c1898ac000,
0x000001c1898aa000, 0x000001c1898aa800, 0x000001c1898a6800, 0x000001c1898ad000,
0x000001c1898a8000, 0x000001c1865e7000, 0x000001c1865e6800, 0x000001c1865e9800,
0x000001c1865ea800, 0x000001c186c4c000
}

Java Threads: ( => current thread )
  0x000001c1e7ebe000 JavaThread "main" [_thread_blocked, id=12276, stack(0x0000009abfb00000,0x0000009abfc00000)]
  0x000001c1823e1000 JavaThread "Reference Handler" daemon [_thread_blocked, id=16944, stack(0x0000009ac0200000,0x0000009ac0300000)]
  0x000001c1823e2800 JavaThread "Finalizer" daemon [_thread_blocked, id=18508, stack(0x0000009ac0300000,0x0000009ac0400000)]
  0x000001c1823fc800 JavaThread "Signal Dispatcher" daemon [_thread_blocked, id=18016, stack(0x0000009ac0400000,0x0000009ac0500000)]
  0x000001c1823fe000 JavaThread "Attach Listener" daemon [_thread_blocked, id=3764, stack(0x0000009ac0500000,0x0000009ac0600000)]
  0x000001c1823ff800 JavaThread "Service Thread" daemon [_thread_blocked, id=21476, stack(0x0000009ac0600000,0x0000009ac0700000)]
=>0x000001c182404800 JavaThread "C2 CompilerThread0" daemon [_thread_in_native, id=21396, stack(0x0000009ac0700000,0x0000009ac0800000)]
  0x000001c182405800 JavaThread "C1 CompilerThread0" daemon [_thread_blocked, id=20172, stack(0x0000009ac0800000,0x0000009ac0900000)]
  0x000001c182406800 JavaThread "Sweeper thread" daemon [_thread_blocked, id=16712, stack(0x0000009ac0900000,0x0000009ac0a00000)]
  0x000001c182ec7800 JavaThread "Common-Cleaner" daemon [_thread_blocked, id=17800, stack(0x0000009ac0a00000,0x0000009ac0b00000)]
  0x000001c18517d800 JavaThread "Daemon health stats" [_thread_blocked, id=3212, stack(0x0000009ac1000000,0x0000009ac1100000)]
  0x000001c18517e800 JavaThread "Incoming local TCP Connector on port 56248" [_thread_in_native, id=17644, stack(0x0000009ac0c00000,0x0000009ac0d00000)]
  0x000001c18517f000 JavaThread "Daemon periodic checks" [_thread_blocked, id=9960, stack(0x0000009ac0d00000,0x0000009ac0e00000)]
  0x000001c185180000 JavaThread "Daemon" [_thread_blocked, id=18916, stack(0x0000009ac1100000,0x0000009ac1200000)]
  0x000001c18517a800 JavaThread "Handler for socket connection from /127.0.0.1:56248 to /127.0.0.1:56249" [_thread_in_native, id=6344, stack(0x0000009ac1200000,0x0000009ac1300000)]
  0x000001c185181000 JavaThread "Cancel handler" [_thread_blocked, id=14896, stack(0x0000009ac1300000,0x0000009ac1400000)]
  0x000001c18517b000 JavaThread "Daemon worker" [_thread_blocked, id=8852, stack(0x0000009ac1400000,0x0000009ac1500000)]
  0x000001c18517c000 JavaThread "Asynchronous log dispatcher for DefaultDaemonConnection: socket connection from /127.0.0.1:56248 to /127.0.0.1:56249" [_thread_blocked, id=14264, stack(0x0000009ac1500000,0x0000009ac1600000)]
  0x000001c18517c800 JavaThread "Stdin handler" [_thread_blocked, id=12556, stack(0x0000009ac1600000,0x0000009ac1700000)]
  0x000001c184dfa000 JavaThread "Daemon client event forwarder" [_thread_blocked, id=19348, stack(0x0000009ac1700000,0x0000009ac1800000)]
  0x000001c184dfb800 JavaThread "Cache worker for journal cache (C:\Users\user\.gradle\caches\journal-1)" [_thread_blocked, id=932, stack(0x0000009ac1d00000,0x0000009ac1e00000)]
  0x000001c184dfc800 JavaThread "File lock request listener" [_thread_in_native, id=20612, stack(0x0000009ac1e00000,0x0000009ac1f00000)]
  0x000001c184dfe000 JavaThread "Cache worker for file hash cache (C:\Users\user\.gradle\caches\7.2\fileHashes)" [_thread_blocked, id=15008, stack(0x0000009ac1f00000,0x0000009ac2000000)]
  0x000001c184dfd000 JavaThread "Cache worker for file hash cache (D:\Android Project\machine_enquiry\.gradle\7.2\fileHashes)" [_thread_blocked, id=8924, stack(0x0000009ac2100000,0x0000009ac2200000)]
  0x000001c184df8800 JavaThread "File watcher server" daemon [_thread_in_native, id=3004, stack(0x0000009ac2200000,0x0000009ac2300000)]
  0x000001c184dff000 JavaThread "File watcher consumer" daemon [_thread_blocked, id=4024, stack(0x0000009ac2300000,0x0000009ac2400000)]
  0x000001c184df9000 JavaThread "Cache worker for checksums cache (D:\Android Project\machine_enquiry\.gradle\checksums)" [_thread_blocked, id=20784, stack(0x0000009ac2400000,0x0000009ac2500000)]
  0x000001c184dff800 JavaThread "Cache worker for cache directory md-supplier (C:\Users\user\.gradle\caches\7.2\md-supplier)" [_thread_blocked, id=3320, stack(0x0000009ac2500000,0x0000009ac2600000)]
  0x000001c184e00800 JavaThread "Cache worker for cache directory md-rule (C:\Users\user\.gradle\caches\7.2\md-rule)" [_thread_blocked, id=15632, stack(0x0000009ac2700000,0x0000009ac2800000)]
  0x000001c184dfa800 JavaThread "Cache worker for execution history cache (C:\Users\user\.gradle\caches\7.2\executionHistory)" [_thread_blocked, id=7720, stack(0x0000009ac2800000,0x0000009ac2900000)]
  0x000001c184e06000 JavaThread "jar transforms" [_thread_blocked, id=18264, stack(0x0000009ac2900000,0x0000009ac2a00000)]
  0x000001c184e04800 JavaThread "jar transforms Thread 2" [_thread_blocked, id=3688, stack(0x0000009ac2a00000,0x0000009ac2b00000)]
  0x000001c184e07000 JavaThread "Cache worker for file content cache (C:\Users\user\.gradle\caches\7.2\fileContent)" [_thread_blocked, id=20528, stack(0x0000009ac2b00000,0x0000009ac2c00000)]
  0x000001c184e01800 JavaThread "Cache worker for dependencies-accessors (D:\Android Project\machine_enquiry\.gradle\7.2\dependencies-accessors)" [_thread_blocked, id=16616, stack(0x0000009ac2c00000,0x0000009ac2d00000)]
  0x000001c184e03000 JavaThread "jar transforms Thread 3" [_thread_blocked, id=14036, stack(0x0000009ac2d00000,0x0000009ac2e00000)]
  0x000001c186f6d000 JavaThread "Cache worker for Build Output Cleanup Cache (D:\Android Project\machine_enquiry\.gradle\buildOutputCleanup)" [_thread_blocked, id=20800, stack(0x0000009ac2e00000,0x0000009ac2f00000)]
  0x000001c186f68000 JavaThread "Unconstrained build operations" [_thread_in_native, id=20556, stack(0x0000009ac2f00000,0x0000009ac3000000)]
  0x000001c186f6c000 JavaThread "Unconstrained build operations Thread 2" [_thread_blocked, id=12824, stack(0x0000009ac3000000,0x0000009ac3100000)]
  0x000001c186f67800 JavaThread "Unconstrained build operations Thread 3" [_thread_blocked, id=13160, stack(0x0000009ac3100000,0x0000009ac3200000)]
  0x000001c186f69800 JavaThread "Unconstrained build operations Thread 4" [_thread_blocked, id=18760, stack(0x0000009ac3200000,0x0000009ac3300000)]
  0x000001c186f6e800 JavaThread "Unconstrained build operations Thread 5" [_thread_blocked, id=1804, stack(0x0000009ac3300000,0x0000009ac3400000)]
  0x000001c186f69000 JavaThread "Unconstrained build operations Thread 6" [_thread_in_native, id=20656, stack(0x0000009ac3400000,0x0000009ac3500000)]
  0x000001c186f6f800 JavaThread "Unconstrained build operations Thread 7" [_thread_blocked, id=14900, stack(0x0000009ac3500000,0x0000009ac3600000)]
  0x000001c186f6a800 JavaThread "Unconstrained build operations Thread 8" [_thread_blocked, id=19956, stack(0x0000009ac3600000,0x0000009ac3700000)]
  0x000001c186f6e000 JavaThread "Unconstrained build operations Thread 9" [_thread_blocked, id=11740, stack(0x0000009ac3700000,0x0000009ac3800000)]
  0x000001c186f70000 JavaThread "Unconstrained build operations Thread 10" [_thread_blocked, id=17392, stack(0x0000009ac3800000,0x0000009ac3900000)]
  0x000001c186f6b800 JavaThread "Unconstrained build operations Thread 11" [_thread_blocked, id=9504, stack(0x0000009ac3900000,0x0000009ac3a00000)]
  0x000001c186f71000 JavaThread "Unconstrained build operations Thread 12" [_thread_blocked, id=20780, stack(0x0000009ac3a00000,0x0000009ac3b00000)]
  0x000001c186f73800 JavaThread "Unconstrained build operations Thread 13" [_thread_in_native, id=13288, stack(0x0000009ac3b00000,0x0000009ac3c00000)]
  0x000001c186f72800 JavaThread "Unconstrained build operations Thread 14" [_thread_blocked, id=16924, stack(0x0000009ac3c00000,0x0000009ac3d00000)]
  0x000001c186f74800 JavaThread "Unconstrained build operations Thread 15" [_thread_blocked, id=14236, stack(0x0000009ac3d00000,0x0000009ac3e00000)]
  0x000001c186f75000 JavaThread "Unconstrained build operations Thread 16" [_thread_blocked, id=20200, stack(0x0000009ac3e00000,0x0000009ac3f00000)]
  0x000001c186f76000 JavaThread "Unconstrained build operations Thread 17" [_thread_blocked, id=20988, stack(0x0000009ac3f00000,0x0000009ac4000000)]
  0x000001c186f72000 JavaThread "Unconstrained build operations Thread 18" [_thread_blocked, id=7800, stack(0x0000009ac4000000,0x0000009ac4100000)]
  0x000001c187069800 JavaThread "Unconstrained build operations Thread 19" [_thread_blocked, id=3136, stack(0x0000009ac4100000,0x0000009ac4200000)]
  0x000001c187067000 JavaThread "Unconstrained build operations Thread 20" [_thread_blocked, id=8828, stack(0x0000009ac4200000,0x0000009ac4300000)]
  0x000001c187068000 JavaThread "Unconstrained build operations Thread 21" [_thread_blocked, id=13296, stack(0x0000009ac4300000,0x0000009ac4400000)]
  0x000001c187068800 JavaThread "Unconstrained build operations Thread 22" [_thread_blocked, id=11512, stack(0x0000009ac4400000,0x0000009ac4500000)]
  0x000001c18706c000 JavaThread "Unconstrained build operations Thread 23" [_thread_blocked, id=4872, stack(0x0000009ac4500000,0x0000009ac4600000)]
  0x000001c187066000 JavaThread "Unconstrained build operations Thread 24" [_thread_blocked, id=10156, stack(0x0000009ac4600000,0x0000009ac4700000)]
  0x000001c18706e800 JavaThread "Unconstrained build operations Thread 25" [_thread_blocked, id=3752, stack(0x0000009ac4700000,0x0000009ac4800000)]
  0x000001c18706b000 JavaThread "Unconstrained build operations Thread 26" [_thread_blocked, id=8948, stack(0x0000009ac4800000,0x0000009ac4900000)]
  0x000001c18706f000 JavaThread "Unconstrained build operations Thread 27" [_thread_blocked, id=2312, stack(0x0000009ac4900000,0x0000009ac4a00000)]
  0x000001c18706d000 JavaThread "Unconstrained build operations Thread 28" [_thread_blocked, id=1360, stack(0x0000009ac4a00000,0x0000009ac4b00000)]
  0x000001c187070000 JavaThread "Unconstrained build operations Thread 29" [_thread_blocked, id=14032, stack(0x0000009ac4b00000,0x0000009ac4c00000)]
  0x000001c18706d800 JavaThread "Unconstrained build operations Thread 30" [_thread_blocked, id=6816, stack(0x0000009ac4c00000,0x0000009ac4d00000)]
  0x000001c18706a800 JavaThread "Unconstrained build operations Thread 31" [_thread_blocked, id=15764, stack(0x0000009ac4d00000,0x0000009ac4e00000)]
  0x000001c187075000 JavaThread "Unconstrained build operations Thread 32" [_thread_blocked, id=16368, stack(0x0000009ac4e00000,0x0000009ac4f00000)]
  0x000001c187072800 JavaThread "Unconstrained build operations Thread 33" [_thread_blocked, id=17648, stack(0x0000009ac4f00000,0x0000009ac5000000)]
  0x000001c187071000 JavaThread "Unconstrained build operations Thread 34" [_thread_blocked, id=17804, stack(0x0000009ac5000000,0x0000009ac5100000)]
  0x000001c187071800 JavaThread "Unconstrained build operations Thread 35" [_thread_blocked, id=17224, stack(0x0000009ac5100000,0x0000009ac5200000)]
  0x000001c187073800 JavaThread "Unconstrained build operations Thread 36" [_thread_blocked, id=20968, stack(0x0000009ac5200000,0x0000009ac5300000)]
  0x000001c187074000 JavaThread "Unconstrained build operations Thread 37" [_thread_blocked, id=18932, stack(0x0000009ac5300000,0x0000009ac5400000)]
  0x000001c188c3a000 JavaThread "Unconstrained build operations Thread 38" [_thread_blocked, id=15072, stack(0x0000009ac5400000,0x0000009ac5500000)]
  0x000001c188c3b000 JavaThread "Unconstrained build operations Thread 39" [_thread_blocked, id=16836, stack(0x0000009ac5500000,0x0000009ac5600000)]
  0x000001c188c35800 JavaThread "Unconstrained build operations Thread 40" [_thread_blocked, id=2504, stack(0x0000009ac5600000,0x0000009ac5700000)]
  0x000001c188c37800 JavaThread "Unconstrained build operations Thread 41" [_thread_blocked, id=3380, stack(0x0000009ac5700000,0x0000009ac5800000)]
  0x000001c188c37000 JavaThread "Unconstrained build operations Thread 42" [_thread_blocked, id=20844, stack(0x0000009ac5800000,0x0000009ac5900000)]
  0x000001c188c3c000 JavaThread "Unconstrained build operations Thread 43" [_thread_blocked, id=15220, stack(0x0000009ac5900000,0x0000009ac5a00000)]
  0x000001c188c38800 JavaThread "Unconstrained build operations Thread 44" [_thread_blocked, id=10600, stack(0x0000009ac5a00000,0x0000009ac5b00000)]
  0x000001c188c36000 JavaThread "Unconstrained build operations Thread 45" [_thread_in_native, id=18936, stack(0x0000009ac5b00000,0x0000009ac5c00000)]
  0x000001c188c39800 JavaThread "Unconstrained build operations Thread 46" [_thread_blocked, id=14192, stack(0x0000009ac5c00000,0x0000009ac5d00000)]
  0x000001c188c42800 JavaThread "Unconstrained build operations Thread 47" [_thread_blocked, id=16816, stack(0x0000009ac5d00000,0x0000009ac5e00000)]
  0x000001c188c3c800 JavaThread "Unconstrained build operations Thread 48" [_thread_blocked, id=19392, stack(0x0000009ac5e00000,0x0000009ac5f00000)]
  0x000001c188c40800 JavaThread "Unconstrained build operations Thread 49" [_thread_blocked, id=18320, stack(0x0000009ac5f00000,0x0000009ac6000000)]
  0x000001c188c41800 JavaThread "Unconstrained build operations Thread 50" [_thread_blocked, id=19132, stack(0x0000009ac6000000,0x0000009ac6100000)]
  0x000001c188c3e800 JavaThread "Unconstrained build operations Thread 51" [_thread_blocked, id=6988, stack(0x0000009ac6100000,0x0000009ac6200000)]
  0x000001c188c43000 JavaThread "Unconstrained build operations Thread 52" [_thread_blocked, id=17788, stack(0x0000009ac6200000,0x0000009ac6300000)]
  0x000001c188c3d800 JavaThread "Unconstrained build operations Thread 53" [_thread_blocked, id=5544, stack(0x0000009ac6300000,0x0000009ac6400000)]
  0x000001c188c44000 JavaThread "Unconstrained build operations Thread 54" [_thread_blocked, id=3008, stack(0x0000009ac6400000,0x0000009ac6500000)]
  0x000001c188c40000 JavaThread "Unconstrained build operations Thread 55" [_thread_blocked, id=20768, stack(0x0000009ac6500000,0x0000009ac6600000)]
  0x000001c188c3f000 JavaThread "Unconstrained build operations Thread 56" [_thread_blocked, id=17236, stack(0x0000009ac6600000,0x0000009ac6700000)]
  0x000001c1899d3800 JavaThread "Unconstrained build operations Thread 57" [_thread_blocked, id=21280, stack(0x0000009ac6700000,0x0000009ac6800000)]
  0x000001c1899d3000 JavaThread "Unconstrained build operations Thread 58" [_thread_blocked, id=7488, stack(0x0000009ac6800000,0x0000009ac6900000)]
  0x000001c1899d0800 JavaThread "Unconstrained build operations Thread 59" [_thread_blocked, id=15380, stack(0x0000009ac6900000,0x0000009ac6a00000)]
  0x000001c1899d1000 JavaThread "Unconstrained build operations Thread 60" [_thread_blocked, id=13500, stack(0x0000009ac6a00000,0x0000009ac6b00000)]
  0x000001c1899d4800 JavaThread "Unconstrained build operations Thread 61" [_thread_blocked, id=20884, stack(0x0000009ac6b00000,0x0000009ac6c00000)]
  0x000001c1899d2000 JavaThread "Unconstrained build operations Thread 62" [_thread_blocked, id=21236, stack(0x0000009ac6c00000,0x0000009ac6d00000)]
  0x000001c1899cf000 JavaThread "Unconstrained build operations Thread 63" [_thread_blocked, id=14148, stack(0x0000009ac6d00000,0x0000009ac6e00000)]
  0x000001c1899d5800 JavaThread "Unconstrained build operations Thread 64" [_thread_blocked, id=15152, stack(0x0000009ac6e00000,0x0000009ac6f00000)]
  0x000001c1899cf800 JavaThread "Unconstrained build operations Thread 65" [_thread_blocked, id=18080, stack(0x0000009ac6f00000,0x0000009ac7000000)]
  0x000001c1899d8800 JavaThread "Unconstrained build operations Thread 66" [_thread_blocked, id=20144, stack(0x0000009ac7000000,0x0000009ac7100000)]
  0x000001c1899d9800 JavaThread "Unconstrained build operations Thread 67" [_thread_blocked, id=11456, stack(0x0000009ac7100000,0x0000009ac7200000)]
  0x000001c1899da000 JavaThread "Unconstrained build operations Thread 68" [_thread_blocked, id=19188, stack(0x0000009ac7200000,0x0000009ac7300000)]
  0x000001c1899db000 JavaThread "Unconstrained build operations Thread 69" [_thread_blocked, id=18504, stack(0x0000009ac7300000,0x0000009ac7400000)]
  0x000001c1899dc000 JavaThread "Unconstrained build operations Thread 70" [_thread_in_native, id=20996, stack(0x0000009ac7400000,0x0000009ac7500000)]
  0x000001c1899d6000 JavaThread "Unconstrained build operations Thread 71" [_thread_blocked, id=13032, stack(0x0000009ac7500000,0x0000009ac7600000)]
  0x000001c1899dc800 JavaThread "Unconstrained build operations Thread 72" [_thread_blocked, id=20232, stack(0x0000009ac7600000,0x0000009ac7700000)]
  0x000001c1899d7000 JavaThread "Unconstrained build operations Thread 73" [_thread_blocked, id=11148, stack(0x0000009ac7700000,0x0000009ac7800000)]
  0x000001c1899dd800 JavaThread "Unconstrained build operations Thread 74" [_thread_blocked, id=11964, stack(0x0000009ac7800000,0x0000009ac7900000)]
  0x000001c1899d7800 JavaThread "Unconstrained build operations Thread 75" [_thread_blocked, id=10284, stack(0x0000009ac7900000,0x0000009ac7a00000)]
  0x000001c1898a4000 JavaThread "Unconstrained build operations Thread 76" [_thread_blocked, id=11944, stack(0x0000009ac7a00000,0x0000009ac7b00000)]
  0x000001c1898a1800 JavaThread "Unconstrained build operations Thread 77" [_thread_blocked, id=18744, stack(0x0000009ac7b00000,0x0000009ac7c00000)]
  0x000001c1898a3800 JavaThread "Unconstrained build operations Thread 78" [_thread_blocked, id=20140, stack(0x0000009ac7c00000,0x0000009ac7d00000)]
  0x000001c1898a0000 JavaThread "Unconstrained build operations Thread 79" [_thread_blocked, id=3344, stack(0x0000009ac7d00000,0x0000009ac7e00000)]
  0x000001c1898a1000 JavaThread "Unconstrained build operations Thread 80" [_thread_blocked, id=6448, stack(0x0000009ac7e00000,0x0000009ac7f00000)]
  0x000001c1898a2800 JavaThread "jar transforms Thread 4" [_thread_blocked, id=12700, stack(0x0000009ac7f00000,0x0000009ac8000000)]
  0x000001c18989e800 JavaThread "jar transforms Thread 5" [_thread_blocked, id=9076, stack(0x0000009ac8000000,0x0000009ac8100000)]
  0x000001c18989f000 JavaThread "jar transforms Thread 6" [_thread_blocked, id=8856, stack(0x0000009ac8100000,0x0000009ac8200000)]
  0x000001c1898a7800 JavaThread "jar transforms Thread 7" [_thread_blocked, id=16296, stack(0x0000009ac8200000,0x0000009ac8300000)]
  0x000001c1898a9000 JavaThread "jar transforms Thread 8" [_thread_blocked, id=16752, stack(0x0000009ac8300000,0x0000009ac8400000)]
  0x000001c1898a5000 JavaThread "Memory manager" [_thread_blocked, id=15584, stack(0x0000009ac8400000,0x0000009ac8500000)]
  0x000001c1898ab800 JavaThread "build event listener" [_thread_blocked, id=4728, stack(0x0000009ac8500000,0x0000009ac8600000)]
  0x000001c1898ac000 JavaThread "build event listener" [_thread_blocked, id=11684, stack(0x0000009ac8600000,0x0000009ac8700000)]
  0x000001c1898aa000 JavaThread "Execution worker for ':'" [_thread_blocked, id=1008, stack(0x0000009ac8700000,0x0000009ac8800000)]
  0x000001c1898aa800 JavaThread "Execution worker for ':' Thread 2" [_thread_blocked, id=11116, stack(0x0000009ac8800000,0x0000009ac8900000)]
  0x000001c1898a6800 JavaThread "Execution worker for ':' Thread 3" [_thread_blocked, id=2660, stack(0x0000009ac8900000,0x0000009ac8a00000)]
  0x000001c1898ad000 JavaThread "Execution worker for ':' Thread 4" [_thread_blocked, id=12676, stack(0x0000009ac8a00000,0x0000009ac8b00000)]
  0x000001c1898a8000 JavaThread "Execution worker for ':' Thread 5" [_thread_blocked, id=2296, stack(0x0000009ac8b00000,0x0000009ac8c00000)]
  0x000001c1865e7000 JavaThread "Execution worker for ':' Thread 6" [_thread_blocked, id=7568, stack(0x0000009ac8c00000,0x0000009ac8d00000)]
  0x000001c1865e6800 JavaThread "Execution worker for ':' Thread 7" [_thread_blocked, id=4808, stack(0x0000009ac8d00000,0x0000009ac8e00000)]
  0x000001c1865e9800 JavaThread "Cache worker for execution history cache (D:\Android Project\machine_enquiry\.gradle\7.2\executionHistory)" [_thread_blocked, id=16496, stack(0x0000009ac8e00000,0x0000009ac8f00000)]
  0x000001c1865ea800 JavaThread "WorkerExecutor Queue" [_thread_blocked, id=16744, stack(0x0000009ac8f00000,0x0000009ac9000000)]
  0x000001c186c4c000 JavaThread "C2 CompilerThread1" daemon [_thread_in_native, id=2508, stack(0x0000009ac9000000,0x0000009ac9100000)]

Other Threads:
  0x000001c1823dc800 VMThread "VM Thread" [stack: 0x0000009ac0100000,0x0000009ac0200000] [id=21032]
  0x000001c182ed0800 WatcherThread [stack: 0x0000009ac0b00000,0x0000009ac0c00000] [id=20336]
  0x000001c1e7ed8800 GCTaskThread "GC Thread#0" [stack: 0x0000009abfc00000,0x0000009abfd00000] [id=21100]
  0x000001c183363800 GCTaskThread "GC Thread#1" [stack: 0x0000009ac0e00000,0x0000009ac0f00000] [id=16248]
  0x000001c18318a800 GCTaskThread "GC Thread#2" [stack: 0x0000009ac0f00000,0x0000009ac1000000] [id=16228]
  0x000001c184c0a000 GCTaskThread "GC Thread#3" [stack: 0x0000009ac1800000,0x0000009ac1900000] [id=2708]
  0x000001c184646800 GCTaskThread "GC Thread#4" [stack: 0x0000009ac1900000,0x0000009ac1a00000] [id=14504]
  0x000001c18425c000 GCTaskThread "GC Thread#5" [stack: 0x0000009ac1a00000,0x0000009ac1b00000] [id=1512]
  0x000001c1843e6000 GCTaskThread "GC Thread#6" [stack: 0x0000009ac1b00000,0x0000009ac1c00000] [id=14224]
  0x000001c185838000 GCTaskThread "GC Thread#7" [stack: 0x0000009ac1c00000,0x0000009ac1d00000] [id=11300]
  0x000001c1e7f08800 ConcurrentGCThread "G1 Main Marker" [stack: 0x0000009abfd00000,0x0000009abfe00000] [id=18308]
  0x000001c1e7f09800 ConcurrentGCThread "G1 Conc#0" [stack: 0x0000009abfe00000,0x0000009abff00000] [id=13880]
  0x000001c1850e4800 ConcurrentGCThread "G1 Conc#1" [stack: 0x0000009ac2000000,0x0000009ac2100000] [id=18656]
  0x000001c1e7f96800 ConcurrentGCThread "G1 Refine#0" [stack: 0x0000009abff00000,0x0000009ac0000000] [id=15344]
  0x000001c1e7f97800 ConcurrentGCThread "G1 Young RemSet Sampling" [stack: 0x0000009ac0000000,0x0000009ac0100000] [id=21388]

Threads with active compile tasks:
C2 CompilerThread0  18632 13374       4       org.gradle.api.internal.artifacts.transform.AttributeMatchingVariantSelector::doSelect (469 bytes)
C2 CompilerThread1  18632 13604 %     4       java.util.regex.Pattern$CharPropertyGreedy::match @ 9 (122 bytes)

VM state:not at safepoint (normal execution)

VM Mutex/Monitor currently owned by a thread: None

Heap address: 0x0000000080000000, size: 2048 MB, Compressed Oops mode: 32-bit
Narrow klass base: 0x0000000000000000, Narrow klass shift: 3
Compressed class space size: 1073741824 Address: 0x0000000100000000

Heap:
 garbage-first heap   total 225280K, used 185714K [0x0000000080000000, 0x0000000100000000)
  region size 1024K, 67 young (68608K), 6 survivors (6144K)
 Metaspace       used 98669K, capacity 101142K, committed 101836K, reserved 1136640K
  class space    used 12665K, capacity 13586K, committed 13824K, reserved 1048576K
Heap Regions: E=young(eden), S=young(survivor), O=old, HS=humongous(starts), HC=humongous(continues), CS=collection set, F=free, A=archive, TAMS=top-at-mark-start (previous, next)
|   0|0x0000000080000000, 0x0000000080100000, 0x0000000080100000|100%| O|  |TAMS 0x0000000080100000, 0x0000000080000000| Untracked 
|   1|0x0000000080100000, 0x0000000080200000, 0x0000000080200000|100%| O|  |TAMS 0x0000000080200000, 0x0000000080100000| Untracked 
|   2|0x0000000080200000, 0x0000000080300000, 0x0000000080300000|100%| O|  |TAMS 0x0000000080300000, 0x0000000080200000| Untracked 
|   3|0x0000000080300000, 0x0000000080400000, 0x0000000080400000|100%|HS|  |TAMS 0x0000000080400000, 0x0000000080300000| Complete 
|   4|0x0000000080400000, 0x0000000080500000, 0x0000000080500000|100%|HC|  |TAMS 0x0000000080500000, 0x0000000080400000| Complete 
|   5|0x0000000080500000, 0x0000000080600000, 0x0000000080600000|100%|HC|  |TAMS 0x0000000080600000, 0x0000000080500000| Complete 
|   6|0x0000000080600000, 0x0000000080700000, 0x0000000080700000|100%| O|  |TAMS 0x0000000080700000, 0x0000000080600000| Untracked 
|   7|0x0000000080700000, 0x0000000080800000, 0x0000000080800000|100%| O|  |TAMS 0x0000000080800000, 0x0000000080700000| Untracked 
|   8|0x0000000080800000, 0x0000000080900000, 0x0000000080900000|100%| O|  |TAMS 0x0000000080900000, 0x0000000080800000| Untracked 
|   9|0x0000000080900000, 0x0000000080a00000, 0x0000000080a00000|100%| O|  |TAMS 0x0000000080a00000, 0x0000000080900000| Untracked 
|  10|0x0000000080a00000, 0x0000000080b00000, 0x0000000080b00000|100%| O|  |TAMS 0x0000000080b00000, 0x0000000080a00000| Untracked 
|  11|0x0000000080b00000, 0x0000000080c00000, 0x0000000080c00000|100%| O|  |TAMS 0x0000000080c00000, 0x0000000080b00000| Untracked 
|  12|0x0000000080c00000, 0x0000000080d00000, 0x0000000080d00000|100%| O|  |TAMS 0x0000000080d00000, 0x0000000080c00000| Untracked 
|  13|0x0000000080d00000, 0x0000000080e00000, 0x0000000080e00000|100%| O|  |TAMS 0x0000000080e00000, 0x0000000080d00000| Untracked 
|  14|0x0000000080e00000, 0x0000000080f00000, 0x0000000080f00000|100%| O|  |TAMS 0x0000000080f00000, 0x0000000080e00000| Untracked 
|  15|0x0000000080f00000, 0x0000000081000000, 0x0000000081000000|100%| O|  |TAMS 0x0000000081000000, 0x0000000080f00000| Untracked 
|  16|0x0000000081000000, 0x0000000081100000, 0x0000000081100000|100%| O|  |TAMS 0x0000000081100000, 0x0000000081000000| Untracked 
|  17|0x0000000081100000, 0x0000000081200000, 0x0000000081200000|100%|HS|  |TAMS 0x0000000081200000, 0x0000000081100000| Complete 
|  18|0x0000000081200000, 0x0000000081300000, 0x0000000081300000|100%| O|  |TAMS 0x0000000081300000, 0x0000000081200000| Untracked 
|  19|0x0000000081300000, 0x0000000081400000, 0x0000000081400000|100%| O|  |TAMS 0x0000000081400000, 0x0000000081300000| Untracked 
|  20|0x0000000081400000, 0x0000000081500000, 0x0000000081500000|100%| O|  |TAMS 0x0000000081500000, 0x0000000081400000| Untracked 
|  21|0x0000000081500000, 0x0000000081600000, 0x0000000081600000|100%| O|  |TAMS 0x0000000081600000, 0x0000000081500000| Untracked 
|  22|0x0000000081600000, 0x0000000081700000, 0x0000000081700000|100%| O|  |TAMS 0x0000000081700000, 0x0000000081600000| Untracked 
|  23|0x0000000081700000, 0x0000000081800000, 0x0000000081800000|100%| O|  |TAMS 0x0000000081800000, 0x0000000081700000| Untracked 
|  24|0x0000000081800000, 0x0000000081900000, 0x0000000081900000|100%|HS|  |TAMS 0x0000000081900000, 0x0000000081800000| Complete 
|  25|0x0000000081900000, 0x0000000081a00000, 0x0000000081a00000|100%|HS|  |TAMS 0x0000000081a00000, 0x0000000081900000| Complete 
|  26|0x0000000081a00000, 0x0000000081b00000, 0x0000000081b00000|100%|HS|  |TAMS 0x0000000081b00000, 0x0000000081a00000| Complete 
|  27|0x0000000081b00000, 0x0000000081c00000, 0x0000000081c00000|100%|HS|  |TAMS 0x0000000081c00000, 0x0000000081b00000| Complete 
|  28|0x0000000081c00000, 0x0000000081d00000, 0x0000000081d00000|100%|HC|  |TAMS 0x0000000081d00000, 0x0000000081c00000| Complete 
|  29|0x0000000081d00000, 0x0000000081e00000, 0x0000000081e00000|100%|HC|  |TAMS 0x0000000081e00000, 0x0000000081d00000| Complete 
|  30|0x0000000081e00000, 0x0000000081f00000, 0x0000000081f00000|100%|HS|  |TAMS 0x0000000081f00000, 0x0000000081e00000| Complete 
|  31|0x0000000081f00000, 0x0000000082000000, 0x0000000082000000|100%|HC|  |TAMS 0x0000000082000000, 0x0000000081f00000| Complete 
|  32|0x0000000082000000, 0x0000000082100000, 0x0000000082100000|100%| O|  |TAMS 0x0000000082100000, 0x0000000082000000| Untracked 
|  33|0x0000000082100000, 0x0000000082200000, 0x0000000082200000|100%| O|  |TAMS 0x0000000082200000, 0x0000000082100000| Untracked 
|  34|0x0000000082200000, 0x0000000082300000, 0x0000000082300000|100%| O|  |TAMS 0x0000000082300000, 0x0000000082200000| Untracked 
|  35|0x0000000082300000, 0x0000000082400000, 0x0000000082400000|100%| O|  |TAMS 0x0000000082400000, 0x0000000082300000| Untracked 
|  36|0x0000000082400000, 0x0000000082500000, 0x0000000082500000|100%| O|  |TAMS 0x0000000082500000, 0x0000000082400000| Untracked 
|  37|0x0000000082500000, 0x0000000082600000, 0x0000000082600000|100%| O|  |TAMS 0x0000000082600000, 0x0000000082500000| Untracked 
|  38|0x0000000082600000, 0x0000000082700000, 0x0000000082700000|100%| O|  |TAMS 0x0000000082700000, 0x0000000082600000| Untracked 
|  39|0x0000000082700000, 0x0000000082800000, 0x0000000082800000|100%| O|  |TAMS 0x0000000082800000, 0x0000000082700000| Untracked 
|  40|0x0000000082800000, 0x0000000082900000, 0x0000000082900000|100%| O|  |TAMS 0x0000000082900000, 0x0000000082800000| Untracked 
|  41|0x0000000082900000, 0x0000000082a00000, 0x0000000082a00000|100%| O|  |TAMS 0x0000000082a00000, 0x0000000082900000| Untracked 
|  42|0x0000000082a00000, 0x0000000082b00000, 0x0000000082b00000|100%| O|  |TAMS 0x0000000082b00000, 0x0000000082a00000| Untracked 
|  43|0x0000000082b00000, 0x0000000082c00000, 0x0000000082c00000|100%| O|  |TAMS 0x0000000082c00000, 0x0000000082b00000| Untracked 
|  44|0x0000000082c00000, 0x0000000082d00000, 0x0000000082d00000|100%| O|  |TAMS 0x0000000082d00000, 0x0000000082c00000| Untracked 
|  45|0x0000000082d00000, 0x0000000082e00000, 0x0000000082e00000|100%| O|  |TAMS 0x0000000082e00000, 0x0000000082d00000| Untracked 
|  46|0x0000000082e00000, 0x0000000082f00000, 0x0000000082f00000|100%| O|  |TAMS 0x0000000082f00000, 0x0000000082e00000| Untracked 
|  47|0x0000000082f00000, 0x0000000083000000, 0x0000000083000000|100%| O|  |TAMS 0x0000000083000000, 0x0000000082f00000| Untracked 
|  48|0x0000000083000000, 0x0000000083100000, 0x0000000083100000|100%| O|  |TAMS 0x0000000083100000, 0x0000000083000000| Untracked 
|  49|0x0000000083100000, 0x0000000083200000, 0x0000000083200000|100%| O|  |TAMS 0x0000000083200000, 0x0000000083100000| Untracked 
|  50|0x0000000083200000, 0x0000000083300000, 0x0000000083300000|100%| O|  |TAMS 0x0000000083300000, 0x0000000083200000| Untracked 
|  51|0x0000000083300000, 0x0000000083400000, 0x0000000083400000|100%| O|  |TAMS 0x0000000083400000, 0x0000000083300000| Untracked 
|  52|0x0000000083400000, 0x0000000083500000, 0x0000000083500000|100%| O|  |TAMS 0x0000000083500000, 0x0000000083400000| Untracked 
|  53|0x0000000083500000, 0x0000000083600000, 0x0000000083600000|100%| O|  |TAMS 0x0000000083600000, 0x0000000083500000| Untracked 
|  54|0x0000000083600000, 0x0000000083700000, 0x0000000083700000|100%| O|  |TAMS 0x0000000083700000, 0x0000000083600000| Untracked 
|  55|0x0000000083700000, 0x0000000083800000, 0x0000000083800000|100%| O|  |TAMS 0x0000000083800000, 0x0000000083700000| Untracked 
|  56|0x0000000083800000, 0x0000000083900000, 0x0000000083900000|100%| O|  |TAMS 0x0000000083900000, 0x0000000083800000| Untracked 
|  57|0x0000000083900000, 0x0000000083a00000, 0x0000000083a00000|100%| O|  |TAMS 0x0000000083a00000, 0x0000000083900000| Untracked 
|  58|0x0000000083a00000, 0x0000000083b00000, 0x0000000083b00000|100%| O|  |TAMS 0x0000000083b00000, 0x0000000083a00000| Untracked 
|  59|0x0000000083b00000, 0x0000000083c00000, 0x0000000083c00000|100%| O|  |TAMS 0x0000000083c00000, 0x0000000083b00000| Untracked 
|  60|0x0000000083c00000, 0x0000000083d00000, 0x0000000083d00000|100%| O|  |TAMS 0x0000000083d00000, 0x0000000083c00000| Untracked 
|  61|0x0000000083d00000, 0x0000000083e00000, 0x0000000083e00000|100%| O|  |TAMS 0x0000000083e00000, 0x0000000083d00000| Untracked 
|  62|0x0000000083e00000, 0x0000000083f00000, 0x0000000083f00000|100%| O|  |TAMS 0x0000000083f00000, 0x0000000083e00000| Untracked 
|  63|0x0000000083f00000, 0x0000000084000000, 0x0000000084000000|100%| O|  |TAMS 0x0000000084000000, 0x0000000083f00000| Untracked 
|  64|0x0000000084000000, 0x0000000084100000, 0x0000000084100000|100%| O|  |TAMS 0x0000000084100000, 0x0000000084000000| Untracked 
|  65|0x0000000084100000, 0x0000000084200000, 0x0000000084200000|100%| O|  |TAMS 0x0000000084200000, 0x0000000084100000| Untracked 
|  66|0x0000000084200000, 0x0000000084300000, 0x0000000084300000|100%| O|  |TAMS 0x0000000084300000, 0x0000000084200000| Untracked 
|  67|0x0000000084300000, 0x0000000084400000, 0x0000000084400000|100%| O|  |TAMS 0x0000000084400000, 0x0000000084300000| Untracked 
|  68|0x0000000084400000, 0x0000000084500000, 0x0000000084500000|100%| O|  |TAMS 0x0000000084500000, 0x0000000084400000| Untracked 
|  69|0x0000000084500000, 0x0000000084600000, 0x0000000084600000|100%| O|  |TAMS 0x0000000084600000, 0x0000000084500000| Untracked 
|  70|0x0000000084600000, 0x0000000084700000, 0x0000000084700000|100%| O|  |TAMS 0x0000000084700000, 0x0000000084600000| Untracked 
|  71|0x0000000084700000, 0x0000000084800000, 0x0000000084800000|100%| O|  |TAMS 0x0000000084800000, 0x0000000084700000| Untracked 
|  72|0x0000000084800000, 0x0000000084900000, 0x0000000084900000|100%| O|  |TAMS 0x0000000084900000, 0x0000000084800000| Untracked 
|  73|0x0000000084900000, 0x0000000084a00000, 0x0000000084a00000|100%| O|  |TAMS 0x0000000084a00000, 0x0000000084900000| Untracked 
|  74|0x0000000084a00000, 0x0000000084b00000, 0x0000000084b00000|100%| O|  |TAMS 0x0000000084b00000, 0x0000000084a00000| Untracked 
|  75|0x0000000084b00000, 0x0000000084c00000, 0x0000000084c00000|100%| O|  |TAMS 0x0000000084c00000, 0x0000000084b00000| Untracked 
|  76|0x0000000084c00000, 0x0000000084d00000, 0x0000000084d00000|100%| O|  |TAMS 0x0000000084d00000, 0x0000000084c00000| Untracked 
|  77|0x0000000084d00000, 0x0000000084e00000, 0x0000000084e00000|100%| O|  |TAMS 0x0000000084e00000, 0x0000000084d00000| Untracked 
|  78|0x0000000084e00000, 0x0000000084f00000, 0x0000000084f00000|100%| O|  |TAMS 0x0000000084f00000, 0x0000000084e00000| Untracked 
|  79|0x0000000084f00000, 0x0000000085000000, 0x0000000085000000|100%| O|  |TAMS 0x0000000085000000, 0x0000000084f00000| Untracked 
|  80|0x0000000085000000, 0x0000000085100000, 0x0000000085100000|100%| O|  |TAMS 0x0000000085100000, 0x0000000085000000| Untracked 
|  81|0x0000000085100000, 0x0000000085200000, 0x0000000085200000|100%| O|  |TAMS 0x0000000085200000, 0x0000000085100000| Untracked 
|  82|0x0000000085200000, 0x0000000085300000, 0x0000000085300000|100%| O|  |TAMS 0x0000000085300000, 0x0000000085200000| Untracked 
|  83|0x0000000085300000, 0x0000000085400000, 0x0000000085400000|100%| O|  |TAMS 0x0000000085400000, 0x0000000085300000| Untracked 
|  84|0x0000000085400000, 0x0000000085500000, 0x0000000085500000|100%| O|  |TAMS 0x0000000085500000, 0x0000000085400000| Untracked 
|  85|0x0000000085500000, 0x0000000085600000, 0x0000000085600000|100%| O|  |TAMS 0x0000000085600000, 0x0000000085500000| Untracked 
|  86|0x0000000085600000, 0x0000000085700000, 0x0000000085700000|100%| O|  |TAMS 0x0000000085700000, 0x0000000085600000| Untracked 
|  87|0x0000000085700000, 0x0000000085800000, 0x0000000085800000|100%| O|  |TAMS 0x0000000085800000, 0x0000000085700000| Untracked 
|  88|0x0000000085800000, 0x0000000085900000, 0x0000000085900000|100%| O|  |TAMS 0x0000000085900000, 0x0000000085800000| Untracked 
|  89|0x0000000085900000, 0x0000000085a00000, 0x0000000085a00000|100%| O|  |TAMS 0x0000000085a00000, 0x0000000085900000| Untracked 
|  90|0x0000000085a00000, 0x0000000085b00000, 0x0000000085b00000|100%| O|  |TAMS 0x0000000085b00000, 0x0000000085a00000| Untracked 
|  91|0x0000000085b00000, 0x0000000085c00000, 0x0000000085c00000|100%| O|  |TAMS 0x0000000085c00000, 0x0000000085b00000| Untracked 
|  92|0x0000000085c00000, 0x0000000085d00000, 0x0000000085d00000|100%| O|  |TAMS 0x0000000085d00000, 0x0000000085c00000| Untracked 
|  93|0x0000000085d00000, 0x0000000085e00000, 0x0000000085e00000|100%| O|  |TAMS 0x0000000085e00000, 0x0000000085d00000| Untracked 
|  94|0x0000000085e00000, 0x0000000085f00000, 0x0000000085f00000|100%| O|  |TAMS 0x0000000085f00000, 0x0000000085e00000| Untracked 
|  95|0x0000000085f00000, 0x0000000086000000, 0x0000000086000000|100%| O|  |TAMS 0x0000000086000000, 0x0000000085f00000| Untracked 
|  96|0x0000000086000000, 0x0000000086100000, 0x0000000086100000|100%| O|  |TAMS 0x0000000086100000, 0x0000000086000000| Untracked 
|  97|0x0000000086100000, 0x0000000086200000, 0x0000000086200000|100%| O|  |TAMS 0x0000000086200000, 0x0000000086100000| Untracked 
|  98|0x0000000086200000, 0x0000000086300000, 0x0000000086300000|100%| O|  |TAMS 0x0000000086300000, 0x0000000086200000| Untracked 
|  99|0x0000000086300000, 0x0000000086400000, 0x0000000086400000|100%| O|  |TAMS 0x0000000086400000, 0x0000000086300000| Untracked 
| 100|0x0000000086400000, 0x0000000086500000, 0x0000000086500000|100%| O|  |TAMS 0x0000000086500000, 0x0000000086400000| Untracked 
| 101|0x0000000086500000, 0x0000000086600000, 0x0000000086600000|100%| O|  |TAMS 0x0000000086600000, 0x0000000086500000| Untracked 
| 102|0x0000000086600000, 0x00000000866ea200, 0x0000000086700000| 91%| O|  |TAMS 0x00000000866ea200, 0x0000000086600000| Untracked 
| 103|0x0000000086700000, 0x0000000086800000, 0x0000000086800000|100%|HS|  |TAMS 0x0000000086700000, 0x0000000086700000| Complete 
| 104|0x0000000086800000, 0x0000000086900000, 0x0000000086900000|100%|HC|  |TAMS 0x0000000086800000, 0x0000000086800000| Complete 
| 105|0x0000000086900000, 0x0000000086a00000, 0x0000000086a00000|100%|HS|  |TAMS 0x0000000086900000, 0x0000000086900000| Complete 
| 106|0x0000000086a00000, 0x0000000086b00000, 0x0000000086b00000|100%|HC|  |TAMS 0x0000000086a00000, 0x0000000086a00000| Complete 
| 107|0x0000000086b00000, 0x0000000086c00000, 0x0000000086c00000|100%|HS|  |TAMS 0x0000000086b00000, 0x0000000086b00000| Complete 
| 108|0x0000000086c00000, 0x0000000086d00000, 0x0000000086d00000|100%|HC|  |TAMS 0x0000000086c00000, 0x0000000086c00000| Complete 
| 109|0x0000000086d00000, 0x0000000086e00000, 0x0000000086e00000|100%|HS|  |TAMS 0x0000000086d00000, 0x0000000086d00000| Complete 
| 110|0x0000000086e00000, 0x0000000086f00000, 0x0000000086f00000|100%|HC|  |TAMS 0x0000000086e00000, 0x0000000086e00000| Complete 
| 111|0x0000000086f00000, 0x0000000087000000, 0x0000000087000000|100%|HS|  |TAMS 0x0000000086f00000, 0x0000000086f00000| Complete 
| 112|0x0000000087000000, 0x0000000087100000, 0x0000000087100000|100%|HC|  |TAMS 0x0000000087000000, 0x0000000087000000| Complete 
| 113|0x0000000087100000, 0x0000000087200000, 0x0000000087200000|100%|HS|  |TAMS 0x0000000087100000, 0x0000000087100000| Complete 
| 114|0x0000000087200000, 0x0000000087300000, 0x0000000087300000|100%|HC|  |TAMS 0x0000000087200000, 0x0000000087200000| Complete 
| 115|0x0000000087300000, 0x0000000087400000, 0x0000000087400000|100%|HS|  |TAMS 0x0000000087300000, 0x0000000087300000| Complete 
| 116|0x0000000087400000, 0x0000000087500000, 0x0000000087500000|100%|HC|  |TAMS 0x0000000087400000, 0x0000000087400000| Complete 
| 117|0x0000000087500000, 0x0000000087500000, 0x0000000087600000|  0%| F|  |TAMS 0x0000000087500000, 0x0000000087500000| Untracked 
| 118|0x0000000087600000, 0x0000000087600000, 0x0000000087700000|  0%| F|  |TAMS 0x0000000087600000, 0x0000000087600000| Untracked 
| 119|0x0000000087700000, 0x0000000087700000, 0x0000000087800000|  0%| F|  |TAMS 0x0000000087700000, 0x0000000087700000| Untracked 
| 120|0x0000000087800000, 0x0000000087800000, 0x0000000087900000|  0%| F|  |TAMS 0x0000000087800000, 0x0000000087800000| Untracked 
| 121|0x0000000087900000, 0x0000000087900000, 0x0000000087a00000|  0%| F|  |TAMS 0x0000000087900000, 0x0000000087900000| Untracked 
| 122|0x0000000087a00000, 0x0000000087a00000, 0x0000000087b00000|  0%| F|  |TAMS 0x0000000087a00000, 0x0000000087a00000| Untracked 
| 123|0x0000000087b00000, 0x0000000087b00000, 0x0000000087c00000|  0%| F|  |TAMS 0x0000000087b00000, 0x0000000087b00000| Untracked 
| 124|0x0000000087c00000, 0x0000000087c00000, 0x0000000087d00000|  0%| F|  |TAMS 0x0000000087c00000, 0x0000000087c00000| Untracked 
| 125|0x0000000087d00000, 0x0000000087d00000, 0x0000000087e00000|  0%| F|  |TAMS 0x0000000087d00000, 0x0000000087d00000| Untracked 
| 126|0x0000000087e00000, 0x0000000087e00000, 0x0000000087f00000|  0%| F|  |TAMS 0x0000000087e00000, 0x0000000087e00000| Untracked 
| 127|0x0000000087f00000, 0x0000000087f00000, 0x0000000088000000|  0%| F|  |TAMS 0x0000000087f00000, 0x0000000087f00000| Untracked 
| 128|0x0000000088000000, 0x0000000088000000, 0x0000000088100000|  0%| F|  |TAMS 0x0000000088000000, 0x0000000088000000| Untracked 
| 129|0x0000000088100000, 0x0000000088100000, 0x0000000088200000|  0%| F|  |TAMS 0x0000000088100000, 0x0000000088100000| Untracked 
| 130|0x0000000088200000, 0x0000000088200000, 0x0000000088300000|  0%| F|  |TAMS 0x0000000088200000, 0x0000000088200000| Untracked 
| 131|0x0000000088300000, 0x0000000088300000, 0x0000000088400000|  0%| F|  |TAMS 0x0000000088300000, 0x0000000088300000| Untracked 
| 132|0x0000000088400000, 0x0000000088400000, 0x0000000088500000|  0%| F|  |TAMS 0x0000000088400000, 0x0000000088400000| Untracked 
| 133|0x0000000088500000, 0x0000000088500000, 0x0000000088600000|  0%| F|  |TAMS 0x0000000088500000, 0x0000000088500000| Untracked 
| 134|0x0000000088600000, 0x0000000088600000, 0x0000000088700000|  0%| F|  |TAMS 0x0000000088600000, 0x0000000088600000| Untracked 
| 135|0x0000000088700000, 0x0000000088700000, 0x0000000088800000|  0%| F|  |TAMS 0x0000000088700000, 0x0000000088700000| Untracked 
| 136|0x0000000088800000, 0x0000000088800000, 0x0000000088900000|  0%| F|  |TAMS 0x0000000088800000, 0x0000000088800000| Untracked 
| 137|0x0000000088900000, 0x00000000889727e0, 0x0000000088a00000| 44%| S|CS|TAMS 0x0000000088900000, 0x0000000088900000| Complete 
| 138|0x0000000088a00000, 0x0000000088b00000, 0x0000000088b00000|100%| S|CS|TAMS 0x0000000088a00000, 0x0000000088a00000| Complete 
| 139|0x0000000088b00000, 0x0000000088c00000, 0x0000000088c00000|100%| S|CS|TAMS 0x0000000088b00000, 0x0000000088b00000| Complete 
| 140|0x0000000088c00000, 0x0000000088d00000, 0x0000000088d00000|100%| S|CS|TAMS 0x0000000088c00000, 0x0000000088c00000| Complete 
| 141|0x0000000088d00000, 0x0000000088e00000, 0x0000000088e00000|100%| S|CS|TAMS 0x0000000088d00000, 0x0000000088d00000| Complete 
| 142|0x0000000088e00000, 0x0000000088f00000, 0x0000000088f00000|100%| S|CS|TAMS 0x0000000088e00000, 0x0000000088e00000| Complete 
| 143|0x0000000088f00000, 0x0000000088f00000, 0x0000000089000000|  0%| F|  |TAMS 0x0000000088f00000, 0x0000000088f00000| Untracked 
| 144|0x0000000089000000, 0x0000000089000000, 0x0000000089100000|  0%| F|  |TAMS 0x0000000089000000, 0x0000000089000000| Untracked 
| 145|0x0000000089100000, 0x0000000089100000, 0x0000000089200000|  0%| F|  |TAMS 0x0000000089100000, 0x0000000089100000| Untracked 
| 146|0x0000000089200000, 0x0000000089200000, 0x0000000089300000|  0%| F|  |TAMS 0x0000000089200000, 0x0000000089200000| Untracked 
| 147|0x0000000089300000, 0x0000000089300000, 0x0000000089400000|  0%| F|  |TAMS 0x0000000089300000, 0x0000000089300000| Untracked 
| 148|0x0000000089400000, 0x0000000089400000, 0x0000000089500000|  0%| F|  |TAMS 0x0000000089400000, 0x0000000089400000| Untracked 
| 149|0x0000000089500000, 0x0000000089500000, 0x0000000089600000|  0%| F|  |TAMS 0x0000000089500000, 0x0000000089500000| Untracked 
| 150|0x0000000089600000, 0x0000000089600000, 0x0000000089700000|  0%| F|  |TAMS 0x0000000089600000, 0x0000000089600000| Untracked 
| 151|0x0000000089700000, 0x0000000089700000, 0x0000000089800000|  0%| F|  |TAMS 0x0000000089700000, 0x0000000089700000| Untracked 
| 152|0x0000000089800000, 0x0000000089800000, 0x0000000089900000|  0%| F|  |TAMS 0x0000000089800000, 0x0000000089800000| Untracked 
| 153|0x0000000089900000, 0x0000000089900000, 0x0000000089a00000|  0%| F|  |TAMS 0x0000000089900000, 0x0000000089900000| Untracked 
| 154|0x0000000089a00000, 0x0000000089a00000, 0x0000000089b00000|  0%| F|  |TAMS 0x0000000089a00000, 0x0000000089a00000| Untracked 
| 155|0x0000000089b00000, 0x0000000089b00000, 0x0000000089c00000|  0%| F|  |TAMS 0x0000000089b00000, 0x0000000089b00000| Untracked 
| 156|0x0000000089c00000, 0x0000000089c00000, 0x0000000089d00000|  0%| F|  |TAMS 0x0000000089c00000, 0x0000000089c00000| Untracked 
| 157|0x0000000089d00000, 0x0000000089d00000, 0x0000000089e00000|  0%| F|  |TAMS 0x0000000089d00000, 0x0000000089d00000| Untracked 
| 158|0x0000000089e00000, 0x0000000089e5af98, 0x0000000089f00000| 35%| E|  |TAMS 0x0000000089e00000, 0x0000000089e00000| Complete 
| 159|0x0000000089f00000, 0x000000008a000000, 0x000000008a000000|100%| E|CS|TAMS 0x0000000089f00000, 0x0000000089f00000| Complete 
| 160|0x000000008a000000, 0x000000008a100000, 0x000000008a100000|100%| E|CS|TAMS 0x000000008a000000, 0x000000008a000000| Complete 
| 161|0x000000008a100000, 0x000000008a200000, 0x000000008a200000|100%| E|CS|TAMS 0x000000008a100000, 0x000000008a100000| Complete 
| 162|0x000000008a200000, 0x000000008a300000, 0x000000008a300000|100%| E|CS|TAMS 0x000000008a200000, 0x000000008a200000| Complete 
| 163|0x000000008a300000, 0x000000008a400000, 0x000000008a400000|100%| E|CS|TAMS 0x000000008a300000, 0x000000008a300000| Complete 
| 164|0x000000008a400000, 0x000000008a500000, 0x000000008a500000|100%| E|CS|TAMS 0x000000008a400000, 0x000000008a400000| Complete 
| 165|0x000000008a500000, 0x000000008a600000, 0x000000008a600000|100%| E|CS|TAMS 0x000000008a500000, 0x000000008a500000| Complete 
| 166|0x000000008a600000, 0x000000008a6fff78, 0x000000008a700000| 99%| E|  |TAMS 0x000000008a600000, 0x000000008a600000| Complete 
| 167|0x000000008a700000, 0x000000008a800000, 0x000000008a800000|100%| E|CS|TAMS 0x000000008a700000, 0x000000008a700000| Complete 
| 168|0x000000008a800000, 0x000000008a900000, 0x000000008a900000|100%| E|CS|TAMS 0x000000008a800000, 0x000000008a800000| Complete 
| 169|0x000000008a900000, 0x000000008aa00000, 0x000000008aa00000|100%| E|CS|TAMS 0x000000008a900000, 0x000000008a900000| Complete 
| 170|0x000000008aa00000, 0x000000008ab00000, 0x000000008ab00000|100%| E|CS|TAMS 0x000000008aa00000, 0x000000008aa00000| Complete 
| 171|0x000000008ab00000, 0x000000008ac00000, 0x000000008ac00000|100%| E|CS|TAMS 0x000000008ab00000, 0x000000008ab00000| Complete 
| 172|0x000000008ac00000, 0x000000008ad00000, 0x000000008ad00000|100%| E|CS|TAMS 0x000000008ac00000, 0x000000008ac00000| Complete 
| 173|0x000000008ad00000, 0x000000008ae00000, 0x000000008ae00000|100%| E|CS|TAMS 0x000000008ad00000, 0x000000008ad00000| Complete 
| 174|0x000000008ae00000, 0x000000008af00000, 0x000000008af00000|100%| E|CS|TAMS 0x000000008ae00000, 0x000000008ae00000| Complete 
| 175|0x000000008af00000, 0x000000008b000000, 0x000000008b000000|100%| E|CS|TAMS 0x000000008af00000, 0x000000008af00000| Complete 
| 176|0x000000008b000000, 0x000000008b100000, 0x000000008b100000|100%| E|CS|TAMS 0x000000008b000000, 0x000000008b000000| Complete 
| 177|0x000000008b100000, 0x000000008b200000, 0x000000008b200000|100%| E|CS|TAMS 0x000000008b100000, 0x000000008b100000| Complete 
| 178|0x000000008b200000, 0x000000008b300000, 0x000000008b300000|100%| E|CS|TAMS 0x000000008b200000, 0x000000008b200000| Complete 
| 179|0x000000008b300000, 0x000000008b400000, 0x000000008b400000|100%| E|CS|TAMS 0x000000008b300000, 0x000000008b300000| Complete 
| 180|0x000000008b400000, 0x000000008b500000, 0x000000008b500000|100%| E|CS|TAMS 0x000000008b400000, 0x000000008b400000| Complete 
| 181|0x000000008b500000, 0x000000008b5ffff8, 0x000000008b600000| 99%| E|CS|TAMS 0x000000008b500000, 0x000000008b500000| Complete 
| 182|0x000000008b600000, 0x000000008b700000, 0x000000008b700000|100%| E|CS|TAMS 0x000000008b600000, 0x000000008b600000| Complete 
| 183|0x000000008b700000, 0x000000008b800000, 0x000000008b800000|100%| E|CS|TAMS 0x000000008b700000, 0x000000008b700000| Complete 
| 184|0x000000008b800000, 0x000000008b8ffff8, 0x000000008b900000| 99%| E|CS|TAMS 0x000000008b800000, 0x000000008b800000| Complete 
| 185|0x000000008b900000, 0x000000008ba00000, 0x000000008ba00000|100%| E|CS|TAMS 0x000000008b900000, 0x000000008b900000| Complete 
| 186|0x000000008ba00000, 0x000000008bb00000, 0x000000008bb00000|100%| E|CS|TAMS 0x000000008ba00000, 0x000000008ba00000| Complete 
| 187|0x000000008bb00000, 0x000000008bc00000, 0x000000008bc00000|100%| E|CS|TAMS 0x000000008bb00000, 0x000000008bb00000| Complete 
| 188|0x000000008bc00000, 0x000000008bd00000, 0x000000008bd00000|100%| E|CS|TAMS 0x000000008bc00000, 0x000000008bc00000| Complete 
| 189|0x000000008bd00000, 0x000000008be00000, 0x000000008be00000|100%| E|CS|TAMS 0x000000008bd00000, 0x000000008bd00000| Complete 
| 190|0x000000008be00000, 0x000000008bf00000, 0x000000008bf00000|100%| E|CS|TAMS 0x000000008be00000, 0x000000008be00000| Complete 
| 191|0x000000008bf00000, 0x000000008c000000, 0x000000008c000000|100%| E|CS|TAMS 0x000000008bf00000, 0x000000008bf00000| Complete 
| 192|0x000000008c000000, 0x000000008c100000, 0x000000008c100000|100%| E|CS|TAMS 0x000000008c000000, 0x000000008c000000| Complete 
| 193|0x000000008c100000, 0x000000008c200000, 0x000000008c200000|100%| E|CS|TAMS 0x000000008c100000, 0x000000008c100000| Complete 
| 194|0x000000008c200000, 0x000000008c300000, 0x000000008c300000|100%| E|CS|TAMS 0x000000008c200000, 0x000000008c200000| Complete 
| 195|0x000000008c300000, 0x000000008c400000, 0x000000008c400000|100%| E|CS|TAMS 0x000000008c300000, 0x000000008c300000| Complete 
| 196|0x000000008c400000, 0x000000008c500000, 0x000000008c500000|100%| E|CS|TAMS 0x000000008c400000, 0x000000008c400000| Complete 
| 197|0x000000008c500000, 0x000000008c600000, 0x000000008c600000|100%| E|CS|TAMS 0x000000008c500000, 0x000000008c500000| Complete 
| 198|0x000000008c600000, 0x000000008c700000, 0x000000008c700000|100%| E|CS|TAMS 0x000000008c600000, 0x000000008c600000| Complete 
| 199|0x000000008c700000, 0x000000008c800000, 0x000000008c800000|100%| E|CS|TAMS 0x000000008c700000, 0x000000008c700000| Complete 
| 200|0x000000008c800000, 0x000000008c900000, 0x000000008c900000|100%| E|CS|TAMS 0x000000008c800000, 0x000000008c800000| Complete 
| 201|0x000000008c900000, 0x000000008ca00000, 0x000000008ca00000|100%| E|CS|TAMS 0x000000008c900000, 0x000000008c900000| Complete 
| 202|0x000000008ca00000, 0x000000008cb00000, 0x000000008cb00000|100%| E|CS|TAMS 0x000000008ca00000, 0x000000008ca00000| Complete 
| 203|0x000000008cb00000, 0x000000008cc00000, 0x000000008cc00000|100%| E|CS|TAMS 0x000000008cb00000, 0x000000008cb00000| Complete 
| 204|0x000000008cc00000, 0x000000008cd00000, 0x000000008cd00000|100%| E|CS|TAMS 0x000000008cc00000, 0x000000008cc00000| Complete 
| 205|0x000000008cd00000, 0x000000008ce00000, 0x000000008ce00000|100%| E|CS|TAMS 0x000000008cd00000, 0x000000008cd00000| Complete 
| 206|0x000000008ce00000, 0x000000008cf00000, 0x000000008cf00000|100%| E|CS|TAMS 0x000000008ce00000, 0x000000008ce00000| Complete 
| 207|0x000000008cf00000, 0x000000008d000000, 0x000000008d000000|100%| E|CS|TAMS 0x000000008cf00000, 0x000000008cf00000| Complete 
| 208|0x000000008d000000, 0x000000008d100000, 0x000000008d100000|100%| E|CS|TAMS 0x000000008d000000, 0x000000008d000000| Complete 
| 209|0x000000008d100000, 0x000000008d200000, 0x000000008d200000|100%| E|CS|TAMS 0x000000008d100000, 0x000000008d100000| Complete 
| 210|0x000000008d200000, 0x000000008d300000, 0x000000008d300000|100%| E|CS|TAMS 0x000000008d200000, 0x000000008d200000| Complete 
| 211|0x000000008d300000, 0x000000008d400000, 0x000000008d400000|100%| E|CS|TAMS 0x000000008d300000, 0x000000008d300000| Complete 
| 212|0x000000008d400000, 0x000000008d500000, 0x000000008d500000|100%| E|CS|TAMS 0x000000008d400000, 0x000000008d400000| Complete 
| 213|0x000000008d500000, 0x000000008d600000, 0x000000008d600000|100%| E|CS|TAMS 0x000000008d500000, 0x000000008d500000| Complete 
| 214|0x000000008d600000, 0x000000008d700000, 0x000000008d700000|100%| E|CS|TAMS 0x000000008d600000, 0x000000008d600000| Complete 
| 215|0x000000008d700000, 0x000000008d800000, 0x000000008d800000|100%| E|CS|TAMS 0x000000008d700000, 0x000000008d700000| Complete 
| 216|0x000000008d800000, 0x000000008d900000, 0x000000008d900000|100%| E|CS|TAMS 0x000000008d800000, 0x000000008d800000| Complete 
| 217|0x000000008d900000, 0x000000008da00000, 0x000000008da00000|100%| E|CS|TAMS 0x000000008d900000, 0x000000008d900000| Complete 
| 218|0x000000008da00000, 0x000000008db00000, 0x000000008db00000|100%| E|CS|TAMS 0x000000008da00000, 0x000000008da00000| Complete 
| 219|0x000000008db00000, 0x000000008dc00000, 0x000000008dc00000|100%| E|CS|TAMS 0x000000008db00000, 0x000000008db00000| Complete 

Card table byte_map: [0x000001c1fb100000,0x000001c1fb500000] _byte_map_base: 0x000001c1fad00000

Marking Bits (Prev, Next): (CMBitMap*) 0x000001c1e7eff920, (CMBitMap*) 0x000001c1e7eff8e8
 Prev Bits: [0x000001c1fd900000, 0x000001c1ff900000)
 Next Bits: [0x000001c1fb900000, 0x000001c1fd900000)

Polling page: 0x000001c1e5e10000

Metaspace:

Usage:
  Non-class:     85.50 MB capacity,    84.00 MB ( 98%) used,     1.23 MB (  1%) free+waste,   274.56 KB ( <1%) overhead. 
      Class:     13.27 MB capacity,    12.37 MB ( 93%) used,   797.40 KB (  6%) free+waste,   120.44 KB ( <1%) overhead. 
       Both:     98.77 MB capacity,    96.38 MB ( 98%) used,     2.01 MB (  2%) free+waste,   395.00 KB ( <1%) overhead. 

Virtual space:
  Non-class space:       86.00 MB reserved,      85.95 MB (>99%) committed 
      Class space:        1.00 GB reserved,      13.50 MB (  1%) committed 
             Both:        1.08 GB reserved,      99.45 MB (  9%) committed 

Chunk freelists:
   Non-Class:  392.00 KB
       Class:  206.00 KB
        Both:  598.00 KB

MaxMetaspaceSize: 17179869184.00 GB
CompressedClassSpaceSize: 1.00 GB
Initial GC threshold: 20.80 MB
Current GC threshold: 165.33 MB
CDS: off

CodeHeap 'non-profiled nmethods': size=120000Kb used=7682Kb max_used=7682Kb free=112317Kb
 bounds [0x000001c1f34a0000, 0x000001c1f3c30000, 0x000001c1fa9d0000]
CodeHeap 'profiled nmethods': size=120000Kb used=29029Kb max_used=29029Kb free=90970Kb
 bounds [0x000001c1ebf70000, 0x000001c1edbd0000, 0x000001c1f34a0000]
CodeHeap 'non-nmethods': size=5760Kb used=2393Kb max_used=2452Kb free=3366Kb
 bounds [0x000001c1eb9d0000, 0x000001c1ebc40000, 0x000001c1ebf70000]
 total_blobs=14326 nmethods=13413 adapters=825
 compilation: enabled
              stopped_count=0, restarted_count=0
 full_count=0

Compilation events (20 events):
Event: 17.781 Thread 0x000001c187065800 nmethod 13378 0x000001c1f3c0d590 code [0x000001c1f3c0d720, 0x000001c1f3c0d798]
Event: 17.781 Thread 0x000001c187065800 13523       4       org.gradle.api.internal.artifacts.ivyservice.resolveengine.artifact.ParallelResolveArtifactSet$VisitingSet$StartVisitAction::visitArtifacts (31 bytes)
Event: 17.781 Thread 0x000001c182405800 13524       3       org.gradle.api.internal.artifacts.DefaultResolvableArtifact::transformedTo (65 bytes)
Event: 17.782 Thread 0x000001c182405800 nmethod 13524 0x000001c1edb9bf90 code [0x000001c1edb9c240, 0x000001c1edb9ce78]
Event: 17.782 Thread 0x000001c182405800 13526       1       java.util.zip.ZipEntry::getName (5 bytes)
Event: 17.782 Thread 0x000001c182405800 nmethod 13526 0x000001c1f3c0d890 code [0x000001c1f3c0da40, 0x000001c1f3c0daf8]
Event: 17.790 Thread 0x000001c187065800 nmethod 13523 0x000001c1f3c0db90 code [0x000001c1f3c0dd60, 0x000001c1f3c0e378]
Event: 17.790 Thread 0x000001c187065800 13525       4       org.gradle.internal.snapshot.LargeChildMap::withNode (45 bytes)
Event: 17.818 Thread 0x000001c182405800 13532       3       java.util.zip.ZipFile$Source::getEntryPos (206 bytes)
Event: 17.908 Thread 0x000001c182405800 nmethod 13532 0x000001c1edb9d410 code [0x000001c1edb9d680, 0x000001c1edb9e318]
Event: 18.077 Thread 0x000001c182405800 13536       3       org.gradle.api.internal.file.collections.DefaultConfigurableFileTree::getDir (31 bytes)
Event: 18.087 Thread 0x000001c182405800 nmethod 13536 0x000001c1edb9e990 code [0x000001c1edb9eba0, 0x000001c1edb9f158]
Event: 18.087 Thread 0x000001c187065800 nmethod 13525 0x000001c1f3c0e690 code [0x000001c1f3c0e960, 0x000001c1f3c10428]
Event: 18.089 Thread 0x000001c187065800 13531       4       org.gradle.internal.snapshot.ChildMap$Entry::handleAncestorDescendantOrExactMatch (110 bytes)
Event: 18.108 Thread 0x000001c182405800 13540   !   3       org.gradle.api.tasks.util.internal.CachingPatternSpecFactory::createSpec (53 bytes)
Event: 18.140 Thread 0x000001c182405800 nmethod 13540 0x000001c1edb9f390 code [0x000001c1edb9f640, 0x000001c1edba0408]
Event: 18.140 Thread 0x000001c182405800 13541       3       org.gradle.api.tasks.util.internal.CachingPatternSpecFactory$SpecKey::<init> (8 bytes)
Event: 18.150 Thread 0x000001c182405800 nmethod 13541 0x000001c1edba0b10 code [0x000001c1edba0cc0, 0x000001c1edba0de8]
Event: 18.150 Thread 0x000001c182405800 13542       3       org.gradle.api.tasks.util.internal.CachingPatternSpecFactory$SpecKey::<init> (49 bytes)
Event: 18.158 Thread 0x000001c182405800 nmethod 13542 0x000001c1edba0e90 code [0x000001c1edba10c0, 0x000001c1edba1988]

GC Heap History (20 events):
Event: 11.580 GC heap before
{Heap before GC invocations=18 (full 0):
 garbage-first heap   total 187392K, used 140975K [0x0000000080000000, 0x0000000100000000)
  region size 1024K, 75 young (76800K), 6 survivors (6144K)
 Metaspace       used 82564K, capacity 84497K, committed 84684K, reserved 1122304K
  class space    used 10742K, capacity 11471K, committed 11520K, reserved 1048576K
}
Event: 11.589 GC heap after
{Heap after GC invocations=19 (full 0):
 garbage-first heap   total 187392K, used 75162K [0x0000000080000000, 0x0000000100000000)
  region size 1024K, 10 young (10240K), 10 survivors (10240K)
 Metaspace       used 82564K, capacity 84497K, committed 84684K, reserved 1122304K
  class space    used 10742K, capacity 11471K, committed 11520K, reserved 1048576K
}
Event: 12.534 GC heap before
{Heap before GC invocations=19 (full 0):
 garbage-first heap   total 187392K, used 144794K [0x0000000080000000, 0x0000000100000000)
  region size 1024K, 78 young (79872K), 10 survivors (10240K)
 Metaspace       used 86203K, capacity 88316K, committed 88524K, reserved 1126400K
  class space    used 11218K, capacity 11998K, committed 12032K, reserved 1048576K
}
Event: 12.546 GC heap after
{Heap after GC invocations=20 (full 0):
 garbage-first heap   total 187392K, used 80918K [0x0000000080000000, 0x0000000100000000)
  region size 1024K, 7 young (7168K), 7 survivors (7168K)
 Metaspace       used 86203K, capacity 88316K, committed 88524K, reserved 1126400K
  class space    used 11218K, capacity 11998K, committed 12032K, reserved 1048576K
}
Event: 13.137 GC heap before
{Heap before GC invocations=20 (full 0):
 garbage-first heap   total 187392K, used 146454K [0x0000000080000000, 0x0000000100000000)
  region size 1024K, 72 young (73728K), 7 survivors (7168K)
 Metaspace       used 87314K, capacity 89680K, committed 89932K, reserved 1126400K
  class space    used 11406K, capacity 12300K, committed 12416K, reserved 1048576K
}
Event: 13.146 GC heap after
{Heap after GC invocations=21 (full 0):
 garbage-first heap   total 187392K, used 85830K [0x0000000080000000, 0x0000000100000000)
  region size 1024K, 5 young (5120K), 5 survivors (5120K)
 Metaspace       used 87314K, capacity 89680K, committed 89932K, reserved 1126400K
  class space    used 11406K, capacity 12300K, committed 12416K, reserved 1048576K
}
Event: 13.814 GC heap before
{Heap before GC invocations=21 (full 0):
 garbage-first heap   total 187392K, used 149318K [0x0000000080000000, 0x0000000100000000)
  region size 1024K, 68 young (69632K), 5 survivors (5120K)
 Metaspace       used 89073K, capacity 91588K, committed 91724K, reserved 1128448K
  class space    used 11646K, capacity 12604K, committed 12672K, reserved 1048576K
}
Event: 13.824 GC heap after
{Heap after GC invocations=22 (full 0):
 garbage-first heap   total 187392K, used 90704K [0x0000000080000000, 0x0000000100000000)
  region size 1024K, 9 young (9216K), 9 survivors (9216K)
 Metaspace       used 89073K, capacity 91588K, committed 91724K, reserved 1128448K
  class space    used 11646K, capacity 12604K, committed 12672K, reserved 1048576K
}
Event: 14.352 GC heap before
{Heap before GC invocations=22 (full 0):
 garbage-first heap   total 187392K, used 152144K [0x0000000080000000, 0x0000000100000000)
  region size 1024K, 69 young (70656K), 9 survivors (9216K)
 Metaspace       used 89630K, capacity 92201K, committed 92236K, reserved 1128448K
  class space    used 11690K, capacity 12661K, committed 12672K, reserved 1048576K
}
Event: 14.364 GC heap after
{Heap after GC invocations=23 (full 0):
 garbage-first heap   total 187392K, used 96169K [0x0000000080000000, 0x0000000100000000)
  region size 1024K, 6 young (6144K), 6 survivors (6144K)
 Metaspace       used 89630K, capacity 92201K, committed 92236K, reserved 1128448K
  class space    used 11690K, capacity 12661K, committed 12672K, reserved 1048576K
}
Event: 15.090 GC heap before
{Heap before GC invocations=23 (full 0):
 garbage-first heap   total 187392K, used 152489K [0x0000000080000000, 0x0000000100000000)
  region size 1024K, 62 young (63488K), 6 survivors (6144K)
 Metaspace       used 93290K, capacity 95868K, committed 96076K, reserved 1132544K
  class space    used 12103K, capacity 13087K, committed 13184K, reserved 1048576K
}
Event: 15.098 GC heap after
{Heap after GC invocations=24 (full 0):
 garbage-first heap   total 187392K, used 97510K [0x0000000080000000, 0x0000000100000000)
  region size 1024K, 2 young (2048K), 2 survivors (2048K)
 Metaspace       used 93290K, capacity 95868K, committed 96076K, reserved 1132544K
  class space    used 12103K, capacity 13087K, committed 13184K, reserved 1048576K
}
Event: 15.858 GC heap before
{Heap before GC invocations=25 (full 0):
 garbage-first heap   total 187392K, used 154854K [0x0000000080000000, 0x0000000100000000)
  region size 1024K, 59 young (60416K), 2 survivors (2048K)
 Metaspace       used 95447K, capacity 97834K, committed 98636K, reserved 1134592K
  class space    used 12281K, capacity 13173K, committed 13440K, reserved 1048576K
}
Event: 15.866 GC heap after
{Heap after GC invocations=26 (full 0):
 garbage-first heap   total 187392K, used 100973K [0x0000000080000000, 0x0000000100000000)
  region size 1024K, 5 young (5120K), 5 survivors (5120K)
 Metaspace       used 95447K, capacity 97834K, committed 98636K, reserved 1134592K
  class space    used 12281K, capacity 13173K, committed 13440K, reserved 1048576K
}
Event: 16.747 GC heap before
{Heap before GC invocations=26 (full 0):
 garbage-first heap   total 187392K, used 155245K [0x0000000080000000, 0x0000000100000000)
  region size 1024K, 59 young (60416K), 5 survivors (5120K)
 Metaspace       used 97901K, capacity 100276K, committed 101196K, reserved 1136640K
  class space    used 12560K, capacity 13450K, committed 13696K, reserved 1048576K
}
Event: 16.757 GC heap after
{Heap after GC invocations=27 (full 0):
 garbage-first heap   total 187392K, used 105472K [0x0000000080000000, 0x0000000100000000)
  region size 1024K, 8 young (8192K), 8 survivors (8192K)
 Metaspace       used 97901K, capacity 100276K, committed 101196K, reserved 1136640K
  class space    used 12560K, capacity 13450K, committed 13696K, reserved 1048576K
}
Event: 17.434 GC heap before
{Heap before GC invocations=28 (full 0):
 garbage-first heap   total 187392K, used 155648K [0x0000000080000000, 0x0000000100000000)
  region size 1024K, 58 young (59392K), 8 survivors (8192K)
 Metaspace       used 98060K, capacity 100416K, committed 101196K, reserved 1136640K
  class space    used 12571K, capacity 13450K, committed 13696K, reserved 1048576K
}
Event: 17.445 GC heap after
{Heap after GC invocations=29 (full 0):
 garbage-first heap   total 187392K, used 108809K [0x0000000080000000, 0x0000000100000000)
  region size 1024K, 4 young (4096K), 4 survivors (4096K)
 Metaspace       used 98060K, capacity 100416K, committed 101196K, reserved 1136640K
  class space    used 12571K, capacity 13450K, committed 13696K, reserved 1048576K
}
Event: 17.720 GC heap before
{Heap before GC invocations=29 (full 0):
 garbage-first heap   total 187392K, used 147721K [0x0000000080000000, 0x0000000100000000)
  region size 1024K, 44 young (45056K), 4 survivors (4096K)
 Metaspace       used 98267K, capacity 100667K, committed 101580K, reserved 1136640K
  class space    used 12603K, capacity 13532K, committed 13824K, reserved 1048576K
}
Event: 17.731 GC heap after
{Heap after GC invocations=30 (full 0):
 garbage-first heap   total 225280K, used 110962K [0x0000000080000000, 0x0000000100000000)
  region size 1024K, 6 young (6144K), 6 survivors (6144K)
 Metaspace       used 98267K, capacity 100667K, committed 101580K, reserved 1136640K
  class space    used 12603K, capacity 13532K, committed 13824K, reserved 1048576K
}

Deoptimization events (20 events):
Event: 17.648 Thread 0x000001c1898ad000 Uncommon trap: trap_request=0xffffffde fr.pc=0x000001c1f3bfa0fc relative=0x00000000000042bc
Event: 17.648 Thread 0x000001c1898ad000 Uncommon trap: reason=class_check action=maybe_recompile pc=0x000001c1f3bfa0fc method=org.gradle.internal.snapshot.impl.DefaultValueSnapshotter.processValue(Ljava/lang/Object;Lorg/gradle/internal/snapshot/impl/DefaultValueSnapshotter$ValueVisitor;)Ljava/l
Event: 17.648 Thread 0x000001c1898ad000 DEOPT PACKING pc=0x000001c1f3bfa0fc sp=0x0000009ac8afcd90
Event: 17.648 Thread 0x000001c1898ad000 DEOPT UNPACKING pc=0x000001c1eba1a1af sp=0x0000009ac8afcdb0 mode 2
Event: 17.653 Thread 0x000001c1898ad000 Uncommon trap: trap_request=0xffffffde fr.pc=0x000001c1f3bfa0fc relative=0x00000000000042bc
Event: 17.653 Thread 0x000001c1898ad000 Uncommon trap: reason=class_check action=maybe_recompile pc=0x000001c1f3bfa0fc method=org.gradle.internal.snapshot.impl.DefaultValueSnapshotter.processValue(Ljava/lang/Object;Lorg/gradle/internal/snapshot/impl/DefaultValueSnapshotter$ValueVisitor;)Ljava/l
Event: 17.653 Thread 0x000001c1898ad000 DEOPT PACKING pc=0x000001c1f3bfa0fc sp=0x0000009ac8afa6b0
Event: 17.653 Thread 0x000001c1898ad000 DEOPT UNPACKING pc=0x000001c1eba1a1af sp=0x0000009ac8afa6d0 mode 2
Event: 17.703 Thread 0x000001c186f69000 Uncommon trap: trap_request=0xffffff4d fr.pc=0x000001c1f3a91754 relative=0x00000000000013f4
Event: 17.703 Thread 0x000001c186f69000 Uncommon trap: reason=unstable_if action=reinterpret pc=0x000001c1f3a91754 method=java.util.concurrent.ConcurrentHashMap.putVal(Ljava/lang/Object;Ljava/lang/Object;Z)Ljava/lang/Object; @ 112 c2
Event: 17.703 Thread 0x000001c186f69000 DEOPT PACKING pc=0x000001c1f3a91754 sp=0x0000009ac34fbba0
Event: 17.703 Thread 0x000001c186f69000 DEOPT UNPACKING pc=0x000001c1eba1a1af sp=0x0000009ac34fbb30 mode 2
Event: 17.703 Thread 0x000001c184dfb800 Uncommon trap: trap_request=0xffffff7e fr.pc=0x000001c1f3a33640 relative=0x0000000000000180
Event: 17.703 Thread 0x000001c184dfb800 Uncommon trap: reason=predicate action=maybe_recompile pc=0x000001c1f3a33640 method=java.util.Collections.indexedBinarySearch(Ljava/util/List;Ljava/lang/Object;)I @ 13 c2
Event: 17.703 Thread 0x000001c184dfb800 DEOPT PACKING pc=0x000001c1f3a33640 sp=0x0000009ac1dfbb40
Event: 17.703 Thread 0x000001c184dfb800 DEOPT UNPACKING pc=0x000001c1eba1a1af sp=0x0000009ac1dfbac0 mode 2
Event: 17.715 Thread 0x000001c186f69000 Uncommon trap: trap_request=0xffffff4d fr.pc=0x000001c1f34d49c0 relative=0x00000000000007e0
Event: 17.715 Thread 0x000001c186f69000 Uncommon trap: reason=unstable_if action=reinterpret pc=0x000001c1f34d49c0 method=java.util.zip.ZipFile$Source.getEntryPos([BZ)I @ 105 c2
Event: 17.715 Thread 0x000001c186f69000 DEOPT PACKING pc=0x000001c1f34d49c0 sp=0x0000009ac34f87a0
Event: 17.715 Thread 0x000001c186f69000 DEOPT UNPACKING pc=0x000001c1eba1a1af sp=0x0000009ac34f8740 mode 2

Classes redefined (0 events):
No events

Internal exceptions (20 events):
Event: 13.002 Thread 0x000001c1898a1000 Implicit null exception at 0x000001c1f3a2cd3c to 0x000001c1f3a2d784
Event: 13.509 Thread 0x000001c18517b000 Exception <a 'java/lang/NoSuchMethodError'{0x0000000088d14e38}: 'void java.lang.invoke.DirectMethodHandle$Holder.invokeSpecial(java.lang.Object, java.lang.Object, java.lang.Object, java.lang.Object, int, java.lang.Object, java.lang.Object)'> (0x0000000088d14e38) thrown at [./src/hotspot/share/interpreter/linkResolver.cpp, line 773]
Event: 13.565 Thread 0x000001c184dfa000 Exception <a 'java/lang/NoSuchMethodError'{0x0000000088a89600}: <clinit>> (0x0000000088a89600) thrown at [./src/hotspot/share/prims/jni.cpp, line 1365]
Event: 13.566 Thread 0x000001c184dfa000 Exception <a 'java/lang/NoSuchMethodError'{0x0000000088aa2eb0}: <clinit>> (0x0000000088aa2eb0) thrown at [./src/hotspot/share/prims/jni.cpp, line 1365]
Event: 13.570 Thread 0x000001c184dfa000 Exception <a 'java/lang/NoSuchMethodError'{0x0000000088aece00}: <clinit>> (0x0000000088aece00) thrown at [./src/hotspot/share/prims/jni.cpp, line 1365]
Event: 13.572 Thread 0x000001c184dfa000 Exception <a 'java/lang/NoSuchMethodError'{0x00000000889292a8}: <clinit>> (0x00000000889292a8) thrown at [./src/hotspot/share/prims/jni.cpp, line 1365]
Event: 13.572 Thread 0x000001c184dfa000 Exception <a 'java/lang/NoSuchMethodError'{0x000000008893d8a8}: <clinit>> (0x000000008893d8a8) thrown at [./src/hotspot/share/prims/jni.cpp, line 1365]
Event: 13.601 Thread 0x000001c1898ac000 Exception <a 'java/lang/NoSuchMethodError'{0x00000000887a45f0}: <clinit>> (0x00000000887a45f0) thrown at [./src/hotspot/share/prims/jni.cpp, line 1365]
Event: 13.604 Thread 0x000001c1898ac000 Exception <a 'java/lang/NoSuchMethodError'{0x00000000887e2258}: <clinit>> (0x00000000887e2258) thrown at [./src/hotspot/share/prims/jni.cpp, line 1365]
Event: 13.606 Thread 0x000001c1898ac000 Exception <a 'java/lang/NoSuchMethodError'{0x000000008863c708}: <clinit>> (0x000000008863c708) thrown at [./src/hotspot/share/prims/jni.cpp, line 1365]
Event: 13.608 Thread 0x000001c1898ac000 Exception <a 'java/lang/NoSuchMethodError'{0x0000000088662d18}: 'void java.lang.invoke.DirectMethodHandle$Holder.invokeSpecial(java.lang.Object, java.lang.Object, java.lang.Object, int)'> (0x0000000088662d18) thrown at [./src/hotspot/share/interpreter/linkResolver.cpp, line 773]
Event: 13.613 Thread 0x000001c184dfa000 Exception <a 'java/lang/NoSuchMethodError'{0x00000000886e7530}: <clinit>> (0x00000000886e7530) thrown at [./src/hotspot/share/prims/jni.cpp, line 1365]
Event: 13.617 Thread 0x000001c1898aa000 Exception <a 'java/lang/NoSuchMethodError'{0x0000000088520610}: 'java.lang.Object java.lang.invoke.DirectMethodHandle$Holder.invokeInterface(java.lang.Object, java.lang.Object, int)'> (0x0000000088520610) thrown at [./src/hotspot/share/interpreter/linkResolver.cpp, line 773]
Event: 13.620 Thread 0x000001c1898aa000 Exception <a 'java/lang/NoSuchMethodError'{0x0000000088539b10}: 'void java.lang.invoke.DirectMethodHandle$Holder.invokeStatic(java.lang.Object, java.lang.Object, java.lang.Object, int)'> (0x0000000088539b10) thrown at [./src/hotspot/share/interpreter/linkResolver.cpp, line 773]
Event: 13.663 Thread 0x000001c1898aa000 Exception <a 'java/lang/IncompatibleClassChangeError'{0x00000000885e52a8}: Found class java.lang.Object, but interface was expected> (0x00000000885e52a8) thrown at [./src/hotspot/share/interpreter/linkResolver.cpp, line 839]
Event: 14.756 Thread 0x000001c1898aa000 Implicit null exception at 0x000001c1f386af94 to 0x000001c1f386b568
Event: 14.884 Thread 0x000001c1898aa000 Exception <a 'java/lang/NoSuchMethodError'{0x00000000893ec3c0}: 'void java.lang.invoke.DirectMethodHandle$Holder.invokeStatic(java.lang.Object, java.lang.Object, java.lang.Object, java.lang.Object, java.lang.Object, java.lang.Object, java.lang.Object)'> (0x00000000893ec3c0) thrown at [./src/hotspot/share/interpreter/linkResolver.cpp, line 773]
Event: 14.902 Thread 0x000001c184dfa000 Exception <a 'java/lang/NoSuchMethodError'{0x00000000892c61e0}: <clinit>> (0x00000000892c61e0) thrown at [./src/hotspot/share/prims/jni.cpp, line 1365]
Event: 16.466 Thread 0x000001c18517b000 Implicit null exception at 0x000001c1f37e05ac to 0x000001c1f37e05eb
Event: 16.485 Thread 0x000001c18517b000 Exception <a 'java/lang/NoSuchMethodError'{0x0000000089158920}: 'int java.lang.invoke.DirectMethodHandle$Holder.invokeSpecial(java.lang.Object, java.lang.Object, java.lang.Object, java.lang.Object, java.lang.Object)'> (0x0000000089158920) thrown at [./src/hotspot/share/interpreter/linkResolver.cpp, line 773]

Events (20 events):
Event: 18.026 loading class com/android/tools/r8/internal/PS0
Event: 18.026 loading class com/android/tools/r8/internal/PS0 done
Event: 18.041 loading class com/android/tools/r8/internal/xS0
Event: 18.041 loading class com/android/tools/r8/internal/xS0 done
Event: 18.064 loading class com/android/tools/r8/internal/lT0
Event: 18.064 loading class com/android/tools/r8/internal/lT0 done
Event: 18.078 loading class com/android/tools/r8/internal/gs1
Event: 18.078 loading class com/android/tools/r8/internal/gs1 done
Event: 18.101 loading class com/android/tools/r8/internal/MS0
Event: 18.101 loading class com/android/tools/r8/internal/MS0 done
Event: 18.112 loading class com/android/tools/r8/internal/tn1
Event: 18.112 loading class com/android/tools/r8/internal/tn1 done
Event: 18.129 loading class com/android/tools/r8/internal/uS0
Event: 18.129 loading class com/android/tools/r8/internal/uS0 done
Event: 18.136 loading class com/android/tools/r8/internal/pB0
Event: 18.136 loading class com/android/tools/r8/internal/pB0 done
Event: 18.152 loading class com/android/tools/r8/internal/Lk1
Event: 18.152 loading class com/android/tools/r8/internal/Lk1 done
Event: 18.160 loading class com/android/tools/r8/internal/NS0
Event: 18.160 loading class com/android/tools/r8/internal/NS0 done


Dynamic libraries:
0x00007ff78a7f0000 - 0x00007ff78a7fa000 	C:\Program Files\Android\Android Studio\jre\bin\java.exe
0x00007ffcc60f0000 - 0x00007ffcc62e8000 	C:\WINDOWS\SYSTEM32\ntdll.dll
0x00007ffcc4d40000 - 0x00007ffcc4dfd000 	C:\WINDOWS\System32\KERNEL32.DLL
0x00007ffcc3810000 - 0x00007ffcc3ade000 	C:\WINDOWS\System32\KERNELBASE.dll
0x00007ffcc3d10000 - 0x00007ffcc3e10000 	C:\WINDOWS\System32\ucrtbase.dll
0x00007ffcac9e0000 - 0x00007ffcac9f7000 	C:\Program Files\Android\Android Studio\jre\bin\VCRUNTIME140.dll
0x00007ffcad420000 - 0x00007ffcad439000 	C:\Program Files\Android\Android Studio\jre\bin\jli.dll
0x00007ffcc4800000 - 0x00007ffcc49a0000 	C:\WINDOWS\System32\USER32.dll
0x00007ffcc4070000 - 0x00007ffcc4092000 	C:\WINDOWS\System32\win32u.dll
0x00007ffcadc80000 - 0x00007ffcadf1a000 	C:\WINDOWS\WinSxS\amd64_microsoft.windows.common-controls_6595b64144ccf1df_6.0.19041.1110_none_60b5254171f9507e\COMCTL32.dll
0x00007ffcc4290000 - 0x00007ffcc432e000 	C:\WINDOWS\System32\msvcrt.dll
0x00007ffcc49a0000 - 0x00007ffcc49ca000 	C:\WINDOWS\System32\GDI32.dll
0x00007ffcc3e60000 - 0x00007ffcc3f6b000 	C:\WINDOWS\System32\gdi32full.dll
0x00007ffcc3c70000 - 0x00007ffcc3d0d000 	C:\WINDOWS\System32\msvcp_win.dll
0x00007ffcc51d0000 - 0x00007ffcc5200000 	C:\WINDOWS\System32\IMM32.DLL
0x00007ffc9e7a0000 - 0x00007ffc9e83d000 	C:\Program Files\Android\Android Studio\jre\bin\msvcp140.dll
0x00007ffc729c0000 - 0x00007ffc734a5000 	C:\Program Files\Android\Android Studio\jre\bin\server\jvm.dll
0x00007ffcc49d0000 - 0x00007ffcc4a7e000 	C:\WINDOWS\System32\ADVAPI32.dll
0x00007ffcc5be0000 - 0x00007ffcc5c7c000 	C:\WINDOWS\System32\sechost.dll
0x00007ffcc4e70000 - 0x00007ffcc4f95000 	C:\WINDOWS\System32\RPCRT4.dll
0x00007ffcc5010000 - 0x00007ffcc5018000 	C:\WINDOWS\System32\PSAPI.DLL
0x00007ffcabcd0000 - 0x00007ffcabcf7000 	C:\WINDOWS\SYSTEM32\WINMM.dll
0x00007ffcbb400000 - 0x00007ffcbb40a000 	C:\WINDOWS\SYSTEM32\VERSION.dll
0x00007ffcb0ff0000 - 0x00007ffcb0ff9000 	C:\WINDOWS\SYSTEM32\WSOCK32.dll
0x00007ffcc4fa0000 - 0x00007ffcc500b000 	C:\WINDOWS\System32\WS2_32.dll
0x00007ffcc2060000 - 0x00007ffcc2072000 	C:\WINDOWS\SYSTEM32\kernel.appcore.dll
0x00007ffc729a0000 - 0x00007ffc729b1000 	C:\Program Files\Android\Android Studio\jre\bin\verify.dll
0x00007ffcc1d70000 - 0x00007ffcc1f54000 	C:\WINDOWS\SYSTEM32\DBGHELP.DLL
0x00007ffcb0f20000 - 0x00007ffcb0f4c000 	C:\WINDOWS\SYSTEM32\dbgcore.DLL
0x00007ffcc3f70000 - 0x00007ffcc3ff2000 	C:\WINDOWS\System32\bcryptPrimitives.dll
0x00007ffc72970000 - 0x00007ffc72999000 	C:\Program Files\Android\Android Studio\jre\bin\java.dll
0x00007ffca8a10000 - 0x00007ffca8a1b000 	C:\Program Files\Android\Android Studio\jre\bin\jimage.dll
0x00007ffc72950000 - 0x00007ffc72968000 	C:\Program Files\Android\Android Studio\jre\bin\zip.dll
0x00007ffcc52e0000 - 0x00007ffcc5a24000 	C:\WINDOWS\System32\SHELL32.dll
0x00007ffcc1500000 - 0x00007ffcc1c94000 	C:\WINDOWS\SYSTEM32\windows.storage.dll
0x00007ffcc5c80000 - 0x00007ffcc5fd4000 	C:\WINDOWS\System32\combase.dll
0x00007ffcc3200000 - 0x00007ffcc3230000 	C:\WINDOWS\SYSTEM32\Wldp.dll
0x00007ffcc4150000 - 0x00007ffcc41fd000 	C:\WINDOWS\System32\SHCORE.dll
0x00007ffcc47a0000 - 0x00007ffcc47f5000 	C:\WINDOWS\System32\shlwapi.dll
0x00007ffcc3750000 - 0x00007ffcc376f000 	C:\WINDOWS\SYSTEM32\profapi.dll
0x00007ffc71f90000 - 0x00007ffc71faa000 	C:\Program Files\Android\Android Studio\jre\bin\net.dll
0x00007ffcbda30000 - 0x00007ffcbdb3a000 	C:\WINDOWS\SYSTEM32\WINHTTP.dll
0x00007ffcc2f00000 - 0x00007ffcc2f6a000 	C:\WINDOWS\system32\mswsock.dll
0x00007ffc71f70000 - 0x00007ffc71f84000 	C:\Program Files\Android\Android Studio\jre\bin\nio.dll
0x00007ffca2f00000 - 0x00007ffca2f27000 	C:\Users\user\.gradle\native\e1d6ef7f7dcc3fd88c89a11ec53ec762bb8ba0a96d01ffa2cd45eb1d1d8dd5c5\windows-amd64\native-platform.dll
0x00007ffc9e370000 - 0x00007ffc9e4b4000 	C:\Users\user\.gradle\native\5664cfc778a61ccfe75a443a1ab52a65af34e5dc3c78e0209fed803814484fcb\windows-amd64\native-platform-file-events.dll
0x00007ffc87b20000 - 0x00007ffc87b2a000 	C:\Program Files\Android\Android Studio\jre\bin\management.dll
0x00007ffc87b00000 - 0x00007ffc87b0d000 	C:\Program Files\Android\Android Studio\jre\bin\management_ext.dll
0x00007ffcc30f0000 - 0x00007ffcc3108000 	C:\WINDOWS\SYSTEM32\CRYPTSP.dll
0x00007ffcc2840000 - 0x00007ffcc2874000 	C:\WINDOWS\system32\rsaenh.dll
0x00007ffcc3c40000 - 0x00007ffcc3c67000 	C:\WINDOWS\System32\bcrypt.dll
0x00007ffcc36d0000 - 0x00007ffcc36fe000 	C:\WINDOWS\SYSTEM32\USERENV.dll
0x00007ffcc3170000 - 0x00007ffcc317c000 	C:\WINDOWS\SYSTEM32\CRYPTBASE.dll
0x00007ffcc2bd0000 - 0x00007ffcc2c0b000 	C:\WINDOWS\SYSTEM32\IPHLPAPI.DLL
0x00007ffcc51c0000 - 0x00007ffcc51c8000 	C:\WINDOWS\System32\NSI.dll
0x00007ffcb2130000 - 0x00007ffcb2147000 	C:\WINDOWS\SYSTEM32\dhcpcsvc6.DLL
0x00007ffcb2d60000 - 0x00007ffcb2d7d000 	C:\WINDOWS\SYSTEM32\dhcpcsvc.DLL
0x00007ffcc2c10000 - 0x00007ffcc2cda000 	C:\WINDOWS\SYSTEM32\DNSAPI.dll

dbghelp: loaded successfully - version: 4.0.5 - missing functions: none
symbol engine: initialized successfully - sym options: 0x614 - pdb path: .;C:\Program Files\Android\Android Studio\jre\bin;C:\WINDOWS\SYSTEM32;C:\WINDOWS\WinSxS\amd64_microsoft.windows.common-controls_6595b64144ccf1df_6.0.19041.1110_none_60b5254171f9507e;C:\Program Files\Android\Android Studio\jre\bin\server;C:\Users\user\.gradle\native\e1d6ef7f7dcc3fd88c89a11ec53ec762bb8ba0a96d01ffa2cd45eb1d1d8dd5c5\windows-amd64;C:\Users\user\.gradle\native\5664cfc778a61ccfe75a443a1ab52a65af34e5dc3c78e0209fed803814484fcb\windows-amd64

VM Arguments:
jvm_args: --add-opens=java.base/java.util=ALL-UNNAMED --add-opens=java.base/java.lang=ALL-UNNAMED --add-opens=java.base/java.lang.invoke=ALL-UNNAMED --add-opens=java.base/java.util=ALL-UNNAMED --add-opens=java.prefs/java.util.prefs=ALL-UNNAMED --add-opens=java.prefs/java.util.prefs=ALL-UNNAMED --add-opens=java.base/java.nio.charset=ALL-UNNAMED --add-opens=java.base/java.net=ALL-UNNAMED --add-opens=java.base/java.util.concurrent.atomic=ALL-UNNAMED -Xmx2048m -Dfile.encoding=UTF-8 -Duser.country=IN -Duser.language=en -Duser.variant 
java_command: org.gradle.launcher.daemon.bootstrap.GradleDaemon 7.2
java_class_path (initial): C:\Users\user\.gradle\wrapper\dists\gradle-7.2-bin\2dnblmf4td7x66yl1d74lt32g\gradle-7.2\lib\gradle-launcher-7.2.jar
Launcher Type: SUN_STANDARD

[Global flags]
     intx CICompilerCount                          = 4                                         {product} {ergonomic}
     uint ConcGCThreads                            = 2                                         {product} {ergonomic}
     uint G1ConcRefinementThreads                  = 8                                         {product} {ergonomic}
   size_t G1HeapRegionSize                         = 1048576                                   {product} {ergonomic}
    uintx GCDrainStackTargetSize                   = 64                                        {product} {ergonomic}
   size_t InitialHeapSize                          = 132120576                                 {product} {ergonomic}
   size_t MarkStackSize                            = 4194304                                   {product} {ergonomic}
   size_t MaxHeapSize                              = 2147483648                                {product} {command line}
   size_t MaxNewSize                               = 1287651328                                {product} {ergonomic}
   size_t MinHeapDeltaBytes                        = 1048576                                   {product} {ergonomic}
    uintx NonNMethodCodeHeapSize                   = 5836300                                {pd product} {ergonomic}
    uintx NonProfiledCodeHeapSize                  = 122910970                              {pd product} {ergonomic}
    uintx ProfiledCodeHeapSize                     = 122910970                              {pd product} {ergonomic}
    uintx ReservedCodeCacheSize                    = 251658240                              {pd product} {ergonomic}
     bool SegmentedCodeCache                       = true                                      {product} {ergonomic}
     bool UseCompressedClassPointers               = true                                 {lp64_product} {ergonomic}
     bool UseCompressedOops                        = true                                 {lp64_product} {ergonomic}
     bool UseG1GC                                  = true                                      {product} {ergonomic}
     bool UseLargePagesIndividualAllocation        = false                                  {pd product} {ergonomic}

Logging:
Log output configuration:
 #0: stdout all=warning uptime,level,tags
 #1: stderr all=off uptime,level,tags

Environment Variables:
JAVA_HOME=C:\Program Files\Java\jdk1.8.0_251
CLASSPATH=.;
PATH=C:\Program Files\Common Files\Oracle\Java\javapath;C:\Program Files (x86)\Common Files\Oracle\Java\javapath;C:\Program Files (x86)\Intel\iCLS Client\;C:\Program Files\Intel\iCLS Client\;C:\WINDOWS\system32;C:\WINDOWS;C:\WINDOWS\System32\Wbem;C:\WINDOWS\System32\WindowsPowerShell\v1.0\;C:\WINDOWS\System32\OpenSSH\;C:\Program Files (x86)\Intel\Intel(R) Management Engine Components\DAL;C:\Program Files\Intel\Intel(R) Management Engine Components\DAL;C:\Program Files (x86)\Intel\Intel(R) Management Engine Components\IPT;C:\Program Files\Intel\Intel(R) Management Engine Components\IPT;C:\Program Files\Intel\WiFi\bin\;C:\Program Files\Common Files\Intel\WirelessCommon\;C:\Users\user\AppData\Local\Programs\Python\Python38-32;C:\Users\user\AppData\Local\Programs\Python\Python38-32\Scripts;C:\Program Files\Git\cmd;D:\flutter_windows_2.10.5-stable\flutter\bin;C:\Program Files\Java\jdk1.8.0_251\bin;C:\Program Files\nodejs\;C:\Program Files\Java\jdk1.8.0_251\bin;C:\Users\user\AppData\Local\Microsoft\WindowsApps;D:\Software;C:\Users\user\AppData\Local\Programs\Microsoft VS Code\bin;C:\Users\user\AppData\Local\GitHubDesktop\bin;D:\flutter_windows_2.10.5-stable\flutter\bin;C:\Users\user\AppData\Roaming\npm
USERNAME=user
OS=Windows_NT
PROCESSOR_IDENTIFIER=Intel64 Family 6 Model 142 Stepping 10, GenuineIntel



---------------  S Y S T E M  ---------------

OS: Windows 10 , 64 bit Build 19041 (10.0.19041.1889)
OS uptime: 4 days 17:54 hours
Hyper-V role detected

CPU:total 8 (initial active 8) (4 cores per cpu, 2 threads per core) family 6 model 142 stepping 10 microcode 0xb4, cmov, cx8, fxsr, mmx, sse, sse2, sse3, ssse3, sse4.1, sse4.2, popcnt, avx, avx2, aes, clmul, erms, 3dnowpref, lzcnt, ht, tsc, tscinvbit, bmi1, bmi2, adx, fma

Memory: 4k page, system-wide physical 8052M (419M free)
TotalPageFile size 23686M (AvailPageFile size 20M)
current process WorkingSet (physical memory assigned to process): 442M, peak: 465M
current process commit charge ("private bytes"): 547M, peak: 547M

vm_info: OpenJDK 64-Bit Server VM (11.0.12+7-b1504.28-7817840) for windows-amd64 JRE (11.0.12+7-b1504.28-7817840), built on Oct 13 2021 22:12:33 by "builder" with MS VC++ 14.0 (VS2015)

END.
