#
# There is insufficient memory for the Java Runtime Environment to continue.
# Native memory allocation (mmap) failed to map 27262976 bytes for Failed to commit area from 0x0000000087e00000 to 0x0000000089800000 of length 27262976.
# Possible reasons:
#   The system is out of physical RAM or swap space
#   The process is running with CompressedOops enabled, and the Java Heap may be blocking the growth of the native heap
# Possible solutions:
#   Reduce memory load on the system
#   Increase physical memory or swap space
#   Check if swap backing store is full
#   Decrease Java heap size (-Xmx/-Xms)
#   Decrease number of Java threads
#   Decrease Java thread stack sizes (-Xss)
#   Set larger code cache with -XX:ReservedCodeCacheSize=
#   JVM is running with Unscaled Compressed Oops mode in which the Java heap is
#     placed in the first 4GB address space. The Java Heap base address is the
#     maximum limit for the native heap growth. Please use -XX:HeapBaseMinAddress
#     to set the Java Heap base and to place the Java Heap above 4GB virtual address.
# This output file may be truncated or incomplete.
#
#  Out of Memory Error (./src/hotspot/os/windows/os_windows.cpp:3521), pid=18028, tid=8296
#
# JRE version: OpenJDK Runtime Environment (11.0.12+7) (build 11.0.12+7-b1504.28-7817840)
# Java VM: OpenJDK 64-Bit Server VM (11.0.12+7-b1504.28-7817840, mixed mode, tiered, compressed oops, g1 gc, windows-amd64)
# No core dump will be written. Minidumps are not enabled by default on client versions of Windows
#

---------------  S U M M A R Y ------------

Command Line: --add-opens=java.base/java.util=ALL-UNNAMED --add-opens=java.base/java.lang=ALL-UNNAMED --add-opens=java.base/java.lang.invoke=ALL-UNNAMED --add-opens=java.base/java.util=ALL-UNNAMED --add-opens=java.prefs/java.util.prefs=ALL-UNNAMED --add-opens=java.prefs/java.util.prefs=ALL-UNNAMED --add-opens=java.base/java.nio.charset=ALL-UNNAMED --add-opens=java.base/java.net=ALL-UNNAMED --add-opens=java.base/java.util.concurrent.atomic=ALL-UNNAMED -Xmx2048m -Dfile.encoding=UTF-8 -Duser.country=IN -Duser.language=en -Duser.variant org.gradle.launcher.daemon.bootstrap.GradleDaemon 7.2

Host: Intel(R) Core(TM) i5-8250U CPU @ 1.60GHz, 8 cores, 7G,  Windows 10 , 64 bit Build 19041 (10.0.19041.1889)
Time: Tue Aug 30 10:03:46 2022 India Standard Time elapsed time: 7.615438 seconds (0d 0h 0m 7s)

---------------  T H R E A D  ---------------

Current thread (0x000001a4fd9e6000):  VMThread "VM Thread" [stack: 0x0000009effc00000,0x0000009effd00000] [id=8296]

Stack: [0x0000009effc00000,0x0000009effd00000]
[error occurred during error reporting (printing stack bounds), id 0xc0000005, EXCEPTION_ACCESS_VIOLATION (0xc0000005) at pc=0x000001a48000112d]

Native frames: (J=compiled Java code, j=interpreted, Vv=VM code, C=native code)
V  [jvm.dll+0x5fbcea]
V  [jvm.dll+0x731905]
V  [jvm.dll+0x732f1d]
V  [jvm.dll+0x733535]
V  [jvm.dll+0x7334eb]
V  [jvm.dll+0x5fb080]
V  [jvm.dll+0x5fb818]
C  [ntdll.dll+0xa229f]
C  [ntdll.dll+0x51454]
C  [ntdll.dll+0xa0dce]
C  0x000001a48000112d

VM_Operation (0x0000009e812fc500): G1CollectForAllocation, mode: safepoint, requested by thread 0x000001a48f36e800


---------------  P R O C E S S  ---------------

Threads class SMR info:
_java_thread_list=0x000001a4feada880, length=122, elements={
0x000001a4f05af800, 0x000001a4fd9e8000, 0x000001a4fd9f2000, 0x000001a4fda00000,
0x000001a4fda00800, 0x000001a4fda02800, 0x000001a4fda09000, 0x000001a4fda0d000,
0x000001a4fda16800, 0x000001a4fe4ce800, 0x000001a490570800, 0x000001a4fe72d800,
0x000001a48f568800, 0x000001a48fe8b800, 0x000001a48fa1f800, 0x000001a49063d800,
0x000001a48f5ea000, 0x000001a4fface800, 0x000001a48f369800, 0x000001a48f36e800,
0x000001a48f36c000, 0x000001a48f36d000, 0x000001a48f36f000, 0x000001a48f370000,
0x000001a48f36a800, 0x000001a48f36b000, 0x000001a48f36d800, 0x000001a490516800,
0x000001a490517800, 0x000001a490518000, 0x000001a490513800, 0x000001a49051a000,
0x000001a490514000, 0x000001a490bc3000, 0x000001a490bc5000, 0x000001a490bc0800,
0x000001a490bbf000, 0x000001a490bc0000, 0x000001a490bc5800, 0x000001a490bc6800,
0x000001a490bc1800, 0x000001a490bc7800, 0x000001a490bc8000, 0x000001a490bc2800,
0x000001a490bc9000, 0x000001a490bc4000, 0x000001a490bca800, 0x000001a490bce000,
0x000001a490bc9800, 0x000001a490bcb800, 0x000001a490bcc000, 0x000001a490bcd000,
0x000001a490c20800, 0x000001a490c1b800, 0x000001a490c1c800, 0x000001a490c1b000,
0x000001a490c23000, 0x000001a490c1d800, 0x000001a490c1f000, 0x000001a490c22800,
0x000001a490c1e000, 0x000001a490c24000, 0x000001a490c25800, 0x000001a490c20000,
0x000001a490c24800, 0x000001a490c26800, 0x000001a490c27000, 0x000001a490c21800,
0x000001a490c28000, 0x000001a490c29800, 0x000001a490c29000, 0x000001a493470000,
0x000001a49346e000, 0x000001a493472000, 0x000001a493474800, 0x000001a49346e800,
0x000001a493473800, 0x000001a493472800, 0x000001a493475000, 0x000001a49346f800,
0x000001a493476000, 0x000001a493477000, 0x000001a493471000, 0x000001a493478800,
0x000001a49347b800, 0x000001a49347b000, 0x000001a493479000, 0x000001a49347a000,
0x000001a49347c800, 0x000001a493477800, 0x000001a490e4e800, 0x000001a490e4f800,
0x000001a490e55000, 0x000001a490e52800, 0x000001a490e51000, 0x000001a490e53800,
0x000001a490e52000, 0x000001a490e54800, 0x000001a490e56000, 0x000001a490e50800,
0x000001a490e5c800, 0x000001a490e57000, 0x000001a490e5a000, 0x000001a490e5d800,
0x000001a490e57800, 0x000001a490e5b000, 0x000001a490e5b800, 0x000001a490e58800,
0x000001a490e59800, 0x000001a492b18800, 0x000001a492b19800, 0x000001a492b1a800,
0x000001a492b1c000, 0x000001a492b1b000, 0x000001a492b1d000, 0x000001a492b18000,
0x000001a492b21800, 0x000001a492b20000, 0x000001a492b23800, 0x000001a492b1f800,
0x000001a492b1e800, 0x000001a49017f000
}

Java Threads: ( => current thread )
  0x000001a4f05af800 JavaThread "main" [_thread_blocked, id=7536, stack(0x0000009eff600000,0x0000009eff700000)]
  0x000001a4fd9e8000 JavaThread "Reference Handler" daemon [_thread_blocked, id=7108, stack(0x0000009effd00000,0x0000009effe00000)]
  0x000001a4fd9f2000 JavaThread "Finalizer" daemon [_thread_blocked, id=14720, stack(0x0000009effe00000,0x0000009efff00000)]
  0x000001a4fda00000 JavaThread "Signal Dispatcher" daemon [_thread_blocked, id=18180, stack(0x0000009efff00000,0x0000009f00000000)]
  0x000001a4fda00800 JavaThread "Attach Listener" daemon [_thread_blocked, id=18244, stack(0x0000009e80000000,0x0000009e80100000)]
  0x000001a4fda02800 JavaThread "Service Thread" daemon [_thread_blocked, id=21364, stack(0x0000009e80100000,0x0000009e80200000)]
  0x000001a4fda09000 JavaThread "C2 CompilerThread0" daemon [_thread_blocked, id=18700, stack(0x0000009e80200000,0x0000009e80300000)]
  0x000001a4fda0d000 JavaThread "C1 CompilerThread0" daemon [_thread_blocked, id=12856, stack(0x0000009e80300000,0x0000009e80400000)]
  0x000001a4fda16800 JavaThread "Sweeper thread" daemon [_thread_blocked, id=21436, stack(0x0000009e80400000,0x0000009e80500000)]
  0x000001a4fe4ce800 JavaThread "Common-Cleaner" daemon [_thread_blocked, id=3408, stack(0x0000009e80500000,0x0000009e80600000)]
  0x000001a490570800 JavaThread "Daemon health stats" [_thread_blocked, id=16876, stack(0x0000009e80b00000,0x0000009e80c00000)]
  0x000001a4fe72d800 JavaThread "Incoming local TCP Connector on port 56090" [_thread_in_native, id=7532, stack(0x0000009e80700000,0x0000009e80800000)]
  0x000001a48f568800 JavaThread "Daemon periodic checks" [_thread_blocked, id=15908, stack(0x0000009e80a00000,0x0000009e80b00000)]
  0x000001a48fe8b800 JavaThread "Daemon" [_thread_blocked, id=252, stack(0x0000009e80c00000,0x0000009e80d00000)]
  0x000001a48fa1f800 JavaThread "Handler for socket connection from /127.0.0.1:56090 to /127.0.0.1:56091" [_thread_in_native, id=12672, stack(0x0000009e80d00000,0x0000009e80e00000)]
  0x000001a49063d800 JavaThread "Cancel handler" [_thread_blocked, id=17880, stack(0x0000009e80e00000,0x0000009e80f00000)]
  0x000001a48f5ea000 JavaThread "Daemon worker" [_thread_blocked, id=17268, stack(0x0000009e80f00000,0x0000009e81000000)]
  0x000001a4fface800 JavaThread "Asynchronous log dispatcher for DefaultDaemonConnection: socket connection from /127.0.0.1:56090 to /127.0.0.1:56091" [_thread_blocked, id=18272, stack(0x0000009e81000000,0x0000009e81100000)]
  0x000001a48f369800 JavaThread "Stdin handler" [_thread_blocked, id=3156, stack(0x0000009e81100000,0x0000009e81200000)]
  0x000001a48f36e800 JavaThread "Daemon client event forwarder" [_thread_blocked, id=4136, stack(0x0000009e81200000,0x0000009e81300000)]
  0x000001a48f36c000 JavaThread "Cache worker for journal cache (C:\Users\user\.gradle\caches\journal-1)" [_thread_blocked, id=1448, stack(0x0000009e81800000,0x0000009e81900000)]
  0x000001a48f36d000 JavaThread "File lock request listener" [_thread_in_native, id=15660, stack(0x0000009e81900000,0x0000009e81a00000)]
  0x000001a48f36f000 JavaThread "Cache worker for file hash cache (C:\Users\user\.gradle\caches\7.2\fileHashes)" [_thread_blocked, id=3184, stack(0x0000009e81a00000,0x0000009e81b00000)]
  0x000001a48f370000 JavaThread "Cache worker for file hash cache (D:\Android Project\machine_enquiry\.gradle\7.2\fileHashes)" [_thread_blocked, id=6568, stack(0x0000009e81c00000,0x0000009e81d00000)]
  0x000001a48f36a800 JavaThread "File watcher server" daemon [_thread_in_native, id=14620, stack(0x0000009e81e00000,0x0000009e81f00000)]
  0x000001a48f36b000 JavaThread "File watcher consumer" daemon [_thread_blocked, id=4792, stack(0x0000009e81f00000,0x0000009e82000000)]
  0x000001a48f36d800 JavaThread "Cache worker for checksums cache (D:\Android Project\machine_enquiry\.gradle\checksums)" [_thread_blocked, id=20572, stack(0x0000009e82000000,0x0000009e82100000)]
  0x000001a490516800 JavaThread "Cache worker for cache directory md-supplier (C:\Users\user\.gradle\caches\7.2\md-supplier)" [_thread_blocked, id=15700, stack(0x0000009e82100000,0x0000009e82200000)]
  0x000001a490517800 JavaThread "Cache worker for cache directory md-rule (C:\Users\user\.gradle\caches\7.2\md-rule)" [_thread_blocked, id=18260, stack(0x0000009e82200000,0x0000009e82300000)]
  0x000001a490518000 JavaThread "Cache worker for execution history cache (C:\Users\user\.gradle\caches\7.2\executionHistory)" [_thread_blocked, id=13188, stack(0x0000009e82300000,0x0000009e82400000)]
  0x000001a490513800 JavaThread "jar transforms" [_thread_blocked, id=15196, stack(0x0000009e82400000,0x0000009e82500000)]
  0x000001a49051a000 JavaThread "jar transforms Thread 2" [_thread_blocked, id=21420, stack(0x0000009e82500000,0x0000009e82600000)]
  0x000001a490514000 JavaThread "Cache worker for file content cache (C:\Users\user\.gradle\caches\7.2\fileContent)" [_thread_blocked, id=13944, stack(0x0000009e82600000,0x0000009e82700000)]
  0x000001a490bc3000 JavaThread "Cache worker for dependencies-accessors (D:\Android Project\machine_enquiry\.gradle\7.2\dependencies-accessors)" [_thread_blocked, id=14832, stack(0x0000009e82700000,0x0000009e82800000)]
  0x000001a490bc5000 JavaThread "jar transforms Thread 3" [_thread_blocked, id=5512, stack(0x0000009e82800000,0x0000009e82900000)]
  0x000001a490bc0800 JavaThread "Cache worker for Build Output Cleanup Cache (D:\Android Project\machine_enquiry\.gradle\buildOutputCleanup)" [_thread_blocked, id=17388, stack(0x0000009e82900000,0x0000009e82a00000)]
  0x000001a490bbf000 JavaThread "Unconstrained build operations" [_thread_blocked, id=12296, stack(0x0000009e82a00000,0x0000009e82b00000)]
  0x000001a490bc0000 JavaThread "Unconstrained build operations Thread 2" [_thread_blocked, id=13916, stack(0x0000009e82b00000,0x0000009e82c00000)]
  0x000001a490bc5800 JavaThread "Unconstrained build operations Thread 3" [_thread_blocked, id=6852, stack(0x0000009e82c00000,0x0000009e82d00000)]
  0x000001a490bc6800 JavaThread "Unconstrained build operations Thread 4" [_thread_blocked, id=11680, stack(0x0000009e82d00000,0x0000009e82e00000)]
  0x000001a490bc1800 JavaThread "Unconstrained build operations Thread 5" [_thread_blocked, id=6752, stack(0x0000009e82e00000,0x0000009e82f00000)]
  0x000001a490bc7800 JavaThread "Unconstrained build operations Thread 6" [_thread_blocked, id=8784, stack(0x0000009e82f00000,0x0000009e83000000)]
  0x000001a490bc8000 JavaThread "Unconstrained build operations Thread 7" [_thread_blocked, id=18784, stack(0x0000009e83000000,0x0000009e83100000)]
  0x000001a490bc2800 JavaThread "Unconstrained build operations Thread 8" [_thread_blocked, id=16516, stack(0x0000009e83100000,0x0000009e83200000)]
  0x000001a490bc9000 JavaThread "Unconstrained build operations Thread 9" [_thread_blocked, id=17600, stack(0x0000009e83200000,0x0000009e83300000)]
  0x000001a490bc4000 JavaThread "Unconstrained build operations Thread 10" [_thread_blocked, id=12728, stack(0x0000009e83300000,0x0000009e83400000)]
  0x000001a490bca800 JavaThread "Unconstrained build operations Thread 11" [_thread_blocked, id=18772, stack(0x0000009e83400000,0x0000009e83500000)]
  0x000001a490bce000 JavaThread "Unconstrained build operations Thread 12" [_thread_blocked, id=5840, stack(0x0000009e83500000,0x0000009e83600000)]
  0x000001a490bc9800 JavaThread "Unconstrained build operations Thread 13" [_thread_blocked, id=14480, stack(0x0000009e83600000,0x0000009e83700000)]
  0x000001a490bcb800 JavaThread "Unconstrained build operations Thread 14" [_thread_blocked, id=8884, stack(0x0000009e83700000,0x0000009e83800000)]
  0x000001a490bcc000 JavaThread "Unconstrained build operations Thread 15" [_thread_blocked, id=16960, stack(0x0000009e83800000,0x0000009e83900000)]
  0x000001a490bcd000 JavaThread "Unconstrained build operations Thread 16" [_thread_blocked, id=5456, stack(0x0000009e83900000,0x0000009e83a00000)]
  0x000001a490c20800 JavaThread "Unconstrained build operations Thread 17" [_thread_blocked, id=18468, stack(0x0000009e83a00000,0x0000009e83b00000)]
  0x000001a490c1b800 JavaThread "Unconstrained build operations Thread 18" [_thread_blocked, id=15664, stack(0x0000009e83b00000,0x0000009e83c00000)]
  0x000001a490c1c800 JavaThread "Unconstrained build operations Thread 19" [_thread_blocked, id=18284, stack(0x0000009e83c00000,0x0000009e83d00000)]
  0x000001a490c1b000 JavaThread "Unconstrained build operations Thread 20" [_thread_blocked, id=20128, stack(0x0000009e83d00000,0x0000009e83e00000)]
  0x000001a490c23000 JavaThread "Unconstrained build operations Thread 21" [_thread_blocked, id=20452, stack(0x0000009e83e00000,0x0000009e83f00000)]
  0x000001a490c1d800 JavaThread "Unconstrained build operations Thread 22" [_thread_blocked, id=15440, stack(0x0000009e83f00000,0x0000009e84000000)]
  0x000001a490c1f000 JavaThread "Unconstrained build operations Thread 23" [_thread_blocked, id=18908, stack(0x0000009e84000000,0x0000009e84100000)]
  0x000001a490c22800 JavaThread "Unconstrained build operations Thread 24" [_thread_blocked, id=15916, stack(0x0000009e84100000,0x0000009e84200000)]
  0x000001a490c1e000 JavaThread "Unconstrained build operations Thread 25" [_thread_blocked, id=4068, stack(0x0000009e84200000,0x0000009e84300000)]
  0x000001a490c24000 JavaThread "Unconstrained build operations Thread 26" [_thread_blocked, id=17184, stack(0x0000009e84300000,0x0000009e84400000)]
  0x000001a490c25800 JavaThread "Unconstrained build operations Thread 27" [_thread_blocked, id=17140, stack(0x0000009e84400000,0x0000009e84500000)]
  0x000001a490c20000 JavaThread "Unconstrained build operations Thread 28" [_thread_blocked, id=15200, stack(0x0000009e84500000,0x0000009e84600000)]
  0x000001a490c24800 JavaThread "Unconstrained build operations Thread 29" [_thread_blocked, id=1696, stack(0x0000009e84600000,0x0000009e84700000)]
  0x000001a490c26800 JavaThread "Unconstrained build operations Thread 30" [_thread_blocked, id=4752, stack(0x0000009e84700000,0x0000009e84800000)]
  0x000001a490c27000 JavaThread "Unconstrained build operations Thread 31" [_thread_blocked, id=15524, stack(0x0000009e84800000,0x0000009e84900000)]
  0x000001a490c21800 JavaThread "Unconstrained build operations Thread 32" [_thread_blocked, id=16808, stack(0x0000009e84900000,0x0000009e84a00000)]
  0x000001a490c28000 JavaThread "Unconstrained build operations Thread 33" [_thread_blocked, id=18544, stack(0x0000009e84a00000,0x0000009e84b00000)]
  0x000001a490c29800 JavaThread "Unconstrained build operations Thread 34" [_thread_blocked, id=13116, stack(0x0000009e84b00000,0x0000009e84c00000)]
  0x000001a490c29000 JavaThread "Unconstrained build operations Thread 35" [_thread_blocked, id=21292, stack(0x0000009e84c00000,0x0000009e84d00000)]
  0x000001a493470000 JavaThread "Unconstrained build operations Thread 36" [_thread_blocked, id=6148, stack(0x0000009e84d00000,0x0000009e84e00000)]
  0x000001a49346e000 JavaThread "Unconstrained build operations Thread 37" [_thread_blocked, id=16304, stack(0x0000009e84e00000,0x0000009e84f00000)]
  0x000001a493472000 JavaThread "Unconstrained build operations Thread 38" [_thread_blocked, id=10244, stack(0x0000009e84f00000,0x0000009e85000000)]
  0x000001a493474800 JavaThread "Unconstrained build operations Thread 39" [_thread_blocked, id=16244, stack(0x0000009e85000000,0x0000009e85100000)]
  0x000001a49346e800 JavaThread "Unconstrained build operations Thread 40" [_thread_blocked, id=20500, stack(0x0000009e85100000,0x0000009e85200000)]
  0x000001a493473800 JavaThread "Unconstrained build operations Thread 41" [_thread_blocked, id=18668, stack(0x0000009e85200000,0x0000009e85300000)]
  0x000001a493472800 JavaThread "Unconstrained build operations Thread 42" [_thread_blocked, id=1784, stack(0x0000009e85300000,0x0000009e85400000)]
  0x000001a493475000 JavaThread "Unconstrained build operations Thread 43" [_thread_blocked, id=11352, stack(0x0000009e85400000,0x0000009e85500000)]
  0x000001a49346f800 JavaThread "Unconstrained build operations Thread 44" [_thread_blocked, id=14360, stack(0x0000009e85500000,0x0000009e85600000)]
  0x000001a493476000 JavaThread "Unconstrained build operations Thread 45" [_thread_blocked, id=21216, stack(0x0000009e85600000,0x0000009e85700000)]
  0x000001a493477000 JavaThread "Unconstrained build operations Thread 46" [_thread_blocked, id=17328, stack(0x0000009e85700000,0x0000009e85800000)]
  0x000001a493471000 JavaThread "Unconstrained build operations Thread 47" [_thread_blocked, id=10224, stack(0x0000009e85800000,0x0000009e85900000)]
  0x000001a493478800 JavaThread "Unconstrained build operations Thread 48" [_thread_blocked, id=8668, stack(0x0000009e85900000,0x0000009e85a00000)]
  0x000001a49347b800 JavaThread "Unconstrained build operations Thread 49" [_thread_blocked, id=18876, stack(0x0000009e85a00000,0x0000009e85b00000)]
  0x000001a49347b000 JavaThread "Unconstrained build operations Thread 50" [_thread_blocked, id=13052, stack(0x0000009e85b00000,0x0000009e85c00000)]
  0x000001a493479000 JavaThread "Unconstrained build operations Thread 51" [_thread_blocked, id=9744, stack(0x0000009e85c00000,0x0000009e85d00000)]
  0x000001a49347a000 JavaThread "Unconstrained build operations Thread 52" [_thread_blocked, id=7752, stack(0x0000009e85d00000,0x0000009e85e00000)]
  0x000001a49347c800 JavaThread "Unconstrained build operations Thread 53" [_thread_blocked, id=18492, stack(0x0000009e85e00000,0x0000009e85f00000)]
  0x000001a493477800 JavaThread "Unconstrained build operations Thread 54" [_thread_blocked, id=12088, stack(0x0000009e85f00000,0x0000009e86000000)]
  0x000001a490e4e800 JavaThread "Unconstrained build operations Thread 55" [_thread_blocked, id=7900, stack(0x0000009e86000000,0x0000009e86100000)]
  0x000001a490e4f800 JavaThread "Unconstrained build operations Thread 56" [_thread_blocked, id=19840, stack(0x0000009e86100000,0x0000009e86200000)]
  0x000001a490e55000 JavaThread "Unconstrained build operations Thread 57" [_thread_blocked, id=19252, stack(0x0000009e86200000,0x0000009e86300000)]
  0x000001a490e52800 JavaThread "Unconstrained build operations Thread 58" [_thread_blocked, id=20796, stack(0x0000009e86300000,0x0000009e86400000)]
  0x000001a490e51000 JavaThread "Unconstrained build operations Thread 59" [_thread_blocked, id=4724, stack(0x0000009e86400000,0x0000009e86500000)]
  0x000001a490e53800 JavaThread "Unconstrained build operations Thread 60" [_thread_blocked, id=8952, stack(0x0000009e86500000,0x0000009e86600000)]
  0x000001a490e52000 JavaThread "Unconstrained build operations Thread 61" [_thread_blocked, id=15804, stack(0x0000009e86600000,0x0000009e86700000)]
  0x000001a490e54800 JavaThread "Unconstrained build operations Thread 62" [_thread_blocked, id=16120, stack(0x0000009e86700000,0x0000009e86800000)]
  0x000001a490e56000 JavaThread "Unconstrained build operations Thread 63" [_thread_blocked, id=9852, stack(0x0000009e86800000,0x0000009e86900000)]
  0x000001a490e50800 JavaThread "Unconstrained build operations Thread 64" [_thread_blocked, id=18092, stack(0x0000009e86900000,0x0000009e86a00000)]
  0x000001a490e5c800 JavaThread "Unconstrained build operations Thread 65" [_thread_blocked, id=15044, stack(0x0000009e86a00000,0x0000009e86b00000)]
  0x000001a490e57000 JavaThread "Unconstrained build operations Thread 66" [_thread_blocked, id=21480, stack(0x0000009e86b00000,0x0000009e86c00000)]
  0x000001a490e5a000 JavaThread "Unconstrained build operations Thread 67" [_thread_blocked, id=8416, stack(0x0000009e86c00000,0x0000009e86d00000)]
  0x000001a490e5d800 JavaThread "Unconstrained build operations Thread 68" [_thread_blocked, id=19888, stack(0x0000009e86d00000,0x0000009e86e00000)]
  0x000001a490e57800 JavaThread "Unconstrained build operations Thread 69" [_thread_blocked, id=14208, stack(0x0000009e86e00000,0x0000009e86f00000)]
  0x000001a490e5b000 JavaThread "Unconstrained build operations Thread 70" [_thread_blocked, id=17548, stack(0x0000009e86f00000,0x0000009e87000000)]
  0x000001a490e5b800 JavaThread "Unconstrained build operations Thread 71" [_thread_blocked, id=4228, stack(0x0000009e87000000,0x0000009e87100000)]
  0x000001a490e58800 JavaThread "Unconstrained build operations Thread 72" [_thread_blocked, id=19652, stack(0x0000009e87100000,0x0000009e87200000)]
  0x000001a490e59800 JavaThread "Unconstrained build operations Thread 73" [_thread_blocked, id=3848, stack(0x0000009e87200000,0x0000009e87300000)]
  0x000001a492b18800 JavaThread "Unconstrained build operations Thread 74" [_thread_blocked, id=2284, stack(0x0000009e87300000,0x0000009e87400000)]
  0x000001a492b19800 JavaThread "Unconstrained build operations Thread 75" [_thread_blocked, id=21076, stack(0x0000009e87400000,0x0000009e87500000)]
  0x000001a492b1a800 JavaThread "Unconstrained build operations Thread 76" [_thread_blocked, id=17796, stack(0x0000009e87500000,0x0000009e87600000)]
  0x000001a492b1c000 JavaThread "Unconstrained build operations Thread 77" [_thread_blocked, id=17692, stack(0x0000009e87600000,0x0000009e87700000)]
  0x000001a492b1b000 JavaThread "Unconstrained build operations Thread 78" [_thread_blocked, id=6164, stack(0x0000009e87700000,0x0000009e87800000)]
  0x000001a492b1d000 JavaThread "Unconstrained build operations Thread 79" [_thread_blocked, id=11464, stack(0x0000009e87800000,0x0000009e87900000)]
  0x000001a492b18000 JavaThread "Unconstrained build operations Thread 80" [_thread_blocked, id=14716, stack(0x0000009e87900000,0x0000009e87a00000)]
  0x000001a492b21800 JavaThread "jar transforms Thread 4" [_thread_blocked, id=17044, stack(0x0000009e87a00000,0x0000009e87b00000)]
  0x000001a492b20000 JavaThread "jar transforms Thread 5" [_thread_blocked, id=10268, stack(0x0000009e87b00000,0x0000009e87c00000)]
  0x000001a492b23800 JavaThread "jar transforms Thread 6" [_thread_blocked, id=12904, stack(0x0000009e87c00000,0x0000009e87d00000)]
  0x000001a492b1f800 JavaThread "jar transforms Thread 7" [_thread_blocked, id=14684, stack(0x0000009e87d00000,0x0000009e87e00000)]
  0x000001a492b1e800 JavaThread "jar transforms Thread 8" [_thread_blocked, id=14068, stack(0x0000009e87e00000,0x0000009e87f00000)]
  0x000001a49017f000 JavaThread "C2 CompilerThread1" daemon [_thread_blocked, id=20804, stack(0x0000009e81d00000,0x0000009e81e00000)]

Other Threads:
=>0x000001a4fd9e6000 VMThread "VM Thread" [stack: 0x0000009effc00000,0x0000009effd00000] [id=8296]
  0x000001a4fe4e9800 WatcherThread [stack: 0x0000009e80600000,0x0000009e80700000] [id=13900]
  0x000001a4f05c9000 GCTaskThread "GC Thread#0" [stack: 0x0000009eff700000,0x0000009eff800000] [id=10924]
  0x000001a4fe558800 GCTaskThread "GC Thread#1" [stack: 0x0000009e80800000,0x0000009e80900000] [id=6636]
  0x000001a4fe55b800 GCTaskThread "GC Thread#2" [stack: 0x0000009e80900000,0x0000009e80a00000] [id=17164]
  0x000001a4fe55b000 GCTaskThread "GC Thread#3" [stack: 0x0000009e81300000,0x0000009e81400000] [id=18228]
  0x000001a4fe55d000 GCTaskThread "GC Thread#4" [stack: 0x0000009e81400000,0x0000009e81500000] [id=20188]
  0x000001a4fe55a000 GCTaskThread "GC Thread#5" [stack: 0x0000009e81500000,0x0000009e81600000] [id=20684]
  0x000001a4fe55e000 GCTaskThread "GC Thread#6" [stack: 0x0000009e81600000,0x0000009e81700000] [id=2112]
  0x000001a4fe557800 GCTaskThread "GC Thread#7" [stack: 0x0000009e81700000,0x0000009e81800000] [id=8556]
  0x000001a4f05f9800 ConcurrentGCThread "G1 Main Marker" [stack: 0x0000009eff800000,0x0000009eff900000] [id=8164]
  0x000001a4f05fb000 ConcurrentGCThread "G1 Conc#0" [stack: 0x0000009eff900000,0x0000009effa00000] [id=17252]
  0x000001a4fe55e800 ConcurrentGCThread "G1 Conc#1" [stack: 0x0000009e81b00000,0x0000009e81c00000] [id=13768]
  0x000001a4fd830800 ConcurrentGCThread "G1 Refine#0" [stack: 0x0000009effa00000,0x0000009effb00000] [id=11604]
  0x000001a4fd831000 ConcurrentGCThread "G1 Young RemSet Sampling" [stack: 0x0000009effb00000,0x0000009effc00000] [id=21020]

Threads with active compile tasks:
C2 CompilerThread0   7649 5372       4       java.util.regex.Pattern::compile (498 bytes)
C2 CompilerThread1   7649 5349       4       java.lang.PublicMethods::merge (81 bytes)

VM state:at safepoint (normal execution)

VM Mutex/Monitor currently owned by a thread:  ([mutex/lock_event])
[0x000001a4f05aaaf0] Threads_lock - owner thread: 0x000001a4fd9e6000
[0x000001a4f05a9e00] Heap_lock - owner thread: 0x000001a48f36e800

Heap address: 0x0000000080000000, size: 2048 MB, Compressed Oops mode: 32-bit
Narrow klass base: 0x0000000000000000, Narrow klass shift: 3
Compressed class space size: 1073741824 Address: 0x0000000100000000

Heap:
 garbage-first heap   total 155648K, used 50176K [0x0000000080000000, 0x0000000100000000)
  region size 1024K, 9 young (9216K), 9 survivors (9216K)
 Metaspace       used 48353K, capacity 49723K, committed 49920K, reserved 1093632K
  class space    used 6168K, capacity 6653K, committed 6656K, reserved 1048576K
Heap Regions: E=young(eden), S=young(survivor), O=old, HS=humongous(starts), HC=humongous(continues), CS=collection set, F=free, A=archive, TAMS=top-at-mark-start (previous, next)
|   0|0x0000000080000000, 0x0000000080100000, 0x0000000080100000|100%| O|  |TAMS 0x0000000080100000, 0x0000000080000000| Untracked 
|   1|0x0000000080100000, 0x0000000080200000, 0x0000000080200000|100%| O|  |TAMS 0x0000000080200000, 0x0000000080100000| Untracked 
|   2|0x0000000080200000, 0x0000000080300000, 0x0000000080300000|100%| O|  |TAMS 0x0000000080300000, 0x0000000080200000| Untracked 
|   3|0x0000000080300000, 0x0000000080400000, 0x0000000080400000|100%|HS|  |TAMS 0x0000000080400000, 0x0000000080300000| Complete 
|   4|0x0000000080400000, 0x0000000080500000, 0x0000000080500000|100%|HC|  |TAMS 0x0000000080500000, 0x0000000080400000| Complete 
|   5|0x0000000080500000, 0x0000000080600000, 0x0000000080600000|100%|HC|  |TAMS 0x0000000080600000, 0x0000000080500000| Complete 
|   6|0x0000000080600000, 0x0000000080700000, 0x0000000080700000|100%| O|  |TAMS 0x0000000080700000, 0x0000000080600000| Untracked 
|   7|0x0000000080700000, 0x0000000080800000, 0x0000000080800000|100%| O|  |TAMS 0x0000000080800000, 0x0000000080700000| Untracked 
|   8|0x0000000080800000, 0x0000000080900000, 0x0000000080900000|100%| O|  |TAMS 0x0000000080900000, 0x0000000080800000| Untracked 
|   9|0x0000000080900000, 0x0000000080a00000, 0x0000000080a00000|100%| O|  |TAMS 0x0000000080a00000, 0x0000000080900000| Untracked 
|  10|0x0000000080a00000, 0x0000000080b00000, 0x0000000080b00000|100%| O|  |TAMS 0x0000000080b00000, 0x0000000080a00000| Untracked 
|  11|0x0000000080b00000, 0x0000000080c00000, 0x0000000080c00000|100%| O|  |TAMS 0x0000000080c00000, 0x0000000080b00000| Untracked 
|  12|0x0000000080c00000, 0x0000000080d00000, 0x0000000080d00000|100%| O|  |TAMS 0x0000000080d00000, 0x0000000080c00000| Untracked 
|  13|0x0000000080d00000, 0x0000000080e00000, 0x0000000080e00000|100%| O|  |TAMS 0x0000000080e00000, 0x0000000080d00000| Untracked 
|  14|0x0000000080e00000, 0x0000000080f00000, 0x0000000080f00000|100%| O|  |TAMS 0x0000000080f00000, 0x0000000080e00000| Untracked 
|  15|0x0000000080f00000, 0x0000000081000000, 0x0000000081000000|100%| O|  |TAMS 0x0000000080f5d000, 0x0000000080f00000| Untracked 
|  16|0x0000000081000000, 0x0000000081100000, 0x0000000081100000|100%|HS|  |TAMS 0x0000000081000000, 0x0000000081000000| Complete 
|  17|0x0000000081100000, 0x0000000081200000, 0x0000000081200000|100%| O|  |TAMS 0x0000000081100000, 0x0000000081100000| Untracked 
|  18|0x0000000081200000, 0x0000000081300000, 0x0000000081300000|100%| O|  |TAMS 0x0000000081200000, 0x0000000081200000| Untracked 
|  19|0x0000000081300000, 0x0000000081400000, 0x0000000081400000|100%| O|  |TAMS 0x0000000081300000, 0x0000000081300000| Untracked 
|  20|0x0000000081400000, 0x0000000081500000, 0x0000000081500000|100%| O|  |TAMS 0x0000000081400000, 0x0000000081400000| Untracked 
|  21|0x0000000081500000, 0x0000000081600000, 0x0000000081600000|100%| O|  |TAMS 0x0000000081500000, 0x0000000081500000| Untracked 
|  22|0x0000000081600000, 0x0000000081700000, 0x0000000081700000|100%| O|  |TAMS 0x0000000081600000, 0x0000000081600000| Untracked 
|  23|0x0000000081700000, 0x0000000081800000, 0x0000000081800000|100%| O|  |TAMS 0x0000000081700000, 0x0000000081700000| Untracked 
|  24|0x0000000081800000, 0x0000000081900000, 0x0000000081900000|100%| O|  |TAMS 0x0000000081800000, 0x0000000081800000| Untracked 
|  25|0x0000000081900000, 0x0000000081a00000, 0x0000000081a00000|100%| O|  |TAMS 0x0000000081900000, 0x0000000081900000| Untracked 
|  26|0x0000000081a00000, 0x0000000081b00000, 0x0000000081b00000|100%| O|  |TAMS 0x0000000081a00000, 0x0000000081a00000| Untracked 
|  27|0x0000000081b00000, 0x0000000081c00000, 0x0000000081c00000|100%| O|  |TAMS 0x0000000081b00000, 0x0000000081b00000| Untracked 
|  28|0x0000000081c00000, 0x0000000081d00000, 0x0000000081d00000|100%|HS|  |TAMS 0x0000000081c00000, 0x0000000081c00000| Complete 
|  29|0x0000000081d00000, 0x0000000081e00000, 0x0000000081e00000|100%|HS|  |TAMS 0x0000000081d00000, 0x0000000081d00000| Complete 
|  30|0x0000000081e00000, 0x0000000081f00000, 0x0000000081f00000|100%|HS|  |TAMS 0x0000000081e00000, 0x0000000081e00000| Complete 
|  31|0x0000000081f00000, 0x0000000082000000, 0x0000000082000000|100%|HS|  |TAMS 0x0000000081f00000, 0x0000000081f00000| Complete 
|  32|0x0000000082000000, 0x0000000082100000, 0x0000000082100000|100%|HC|  |TAMS 0x0000000082000000, 0x0000000082000000| Complete 
|  33|0x0000000082100000, 0x0000000082200000, 0x0000000082200000|100%|HC|  |TAMS 0x0000000082100000, 0x0000000082100000| Complete 
|  34|0x0000000082200000, 0x0000000082300000, 0x0000000082300000|100%|HS|  |TAMS 0x0000000082200000, 0x0000000082200000| Complete 
|  35|0x0000000082300000, 0x0000000082400000, 0x0000000082400000|100%|HC|  |TAMS 0x0000000082300000, 0x0000000082300000| Complete 
|  36|0x0000000082400000, 0x0000000082500000, 0x0000000082500000|100%| O|  |TAMS 0x0000000082400000, 0x0000000082400000| Untracked 
|  37|0x0000000082500000, 0x0000000082600000, 0x0000000082600000|100%| O|  |TAMS 0x0000000082500000, 0x0000000082500000| Untracked 
|  38|0x0000000082600000, 0x0000000082700000, 0x0000000082700000|100%| O|  |TAMS 0x0000000082600000, 0x0000000082600000| Untracked 
|  39|0x0000000082700000, 0x0000000082800000, 0x0000000082800000|100%| O|  |TAMS 0x0000000082700000, 0x0000000082700000| Untracked 
|  40|0x0000000082800000, 0x0000000082800000, 0x0000000082900000|  0%| F|  |TAMS 0x0000000082800000, 0x0000000082800000| Untracked 
|  41|0x0000000082900000, 0x0000000082900000, 0x0000000082a00000|  0%| F|  |TAMS 0x0000000082900000, 0x0000000082900000| Untracked 
|  42|0x0000000082a00000, 0x0000000082a00000, 0x0000000082b00000|  0%| F|  |TAMS 0x0000000082a00000, 0x0000000082a00000| Untracked 
|  43|0x0000000082b00000, 0x0000000082b00000, 0x0000000082c00000|  0%| F|  |TAMS 0x0000000082b00000, 0x0000000082b00000| Untracked 
|  44|0x0000000082c00000, 0x0000000082c00000, 0x0000000082d00000|  0%| F|  |TAMS 0x0000000082c00000, 0x0000000082c00000| Untracked 
|  45|0x0000000082d00000, 0x0000000082d00000, 0x0000000082e00000|  0%| F|  |TAMS 0x0000000082d00000, 0x0000000082d00000| Untracked 
|  46|0x0000000082e00000, 0x0000000082e00000, 0x0000000082f00000|  0%| F|  |TAMS 0x0000000082e00000, 0x0000000082e00000| Untracked 
|  47|0x0000000082f00000, 0x0000000083000000, 0x0000000083000000|100%| S|CS|TAMS 0x0000000082f00000, 0x0000000082f00000| Complete 
|  48|0x0000000083000000, 0x0000000083100000, 0x0000000083100000|100%| S|CS|TAMS 0x0000000083000000, 0x0000000083000000| Complete 
|  49|0x0000000083100000, 0x0000000083200000, 0x0000000083200000|100%| S|CS|TAMS 0x0000000083100000, 0x0000000083100000| Complete 
|  50|0x0000000083200000, 0x0000000083300000, 0x0000000083300000|100%| S|CS|TAMS 0x0000000083200000, 0x0000000083200000| Complete 
|  51|0x0000000083300000, 0x0000000083400000, 0x0000000083400000|100%| S|CS|TAMS 0x0000000083300000, 0x0000000083300000| Complete 
|  52|0x0000000083400000, 0x0000000083500000, 0x0000000083500000|100%| S|CS|TAMS 0x0000000083400000, 0x0000000083400000| Complete 
|  53|0x0000000083500000, 0x0000000083600000, 0x0000000083600000|100%| S|CS|TAMS 0x0000000083500000, 0x0000000083500000| Complete 
|  54|0x0000000083600000, 0x0000000083700000, 0x0000000083700000|100%| S|CS|TAMS 0x0000000083600000, 0x0000000083600000| Complete 
|  55|0x0000000083700000, 0x0000000083800000, 0x0000000083800000|100%| S|CS|TAMS 0x0000000083700000, 0x0000000083700000| Complete 
|  56|0x0000000083800000, 0x0000000083800000, 0x0000000083900000|  0%| F|  |TAMS 0x0000000083800000, 0x0000000083800000| Untracked 
|  57|0x0000000083900000, 0x0000000083900000, 0x0000000083a00000|  0%| F|  |TAMS 0x0000000083900000, 0x0000000083900000| Untracked 
|  58|0x0000000083a00000, 0x0000000083a00000, 0x0000000083b00000|  0%| F|  |TAMS 0x0000000083a00000, 0x0000000083a00000| Untracked 
|  59|0x0000000083b00000, 0x0000000083b00000, 0x0000000083c00000|  0%| F|  |TAMS 0x0000000083b00000, 0x0000000083b00000| Untracked 
|  60|0x0000000083c00000, 0x0000000083c00000, 0x0000000083d00000|  0%| F|  |TAMS 0x0000000083c00000, 0x0000000083c00000| Untracked 
|  61|0x0000000083d00000, 0x0000000083d00000, 0x0000000083e00000|  0%| F|  |TAMS 0x0000000083d00000, 0x0000000083d00000| Untracked 
|  62|0x0000000083e00000, 0x0000000083e00000, 0x0000000083f00000|  0%| F|  |TAMS 0x0000000083e00000, 0x0000000083e00000| Untracked 
|  63|0x0000000083f00000, 0x0000000083f00000, 0x0000000084000000|  0%| F|  |TAMS 0x0000000083f00000, 0x0000000083f00000| Untracked 
|  64|0x0000000084000000, 0x0000000084000000, 0x0000000084100000|  0%| F|  |TAMS 0x0000000084000000, 0x0000000084000000| Untracked 
|  65|0x0000000084100000, 0x0000000084100000, 0x0000000084200000|  0%| F|  |TAMS 0x0000000084100000, 0x0000000084100000| Untracked 
|  66|0x0000000084200000, 0x0000000084200000, 0x0000000084300000|  0%| F|  |TAMS 0x0000000084200000, 0x0000000084200000| Untracked 
|  67|0x0000000084300000, 0x0000000084300000, 0x0000000084400000|  0%| F|  |TAMS 0x0000000084300000, 0x0000000084300000| Untracked 
|  68|0x0000000084400000, 0x0000000084400000, 0x0000000084500000|  0%| F|  |TAMS 0x0000000084400000, 0x0000000084400000| Untracked 
|  69|0x0000000084500000, 0x0000000084500000, 0x0000000084600000|  0%| F|  |TAMS 0x0000000084500000, 0x0000000084500000| Untracked 
|  70|0x0000000084600000, 0x0000000084600000, 0x0000000084700000|  0%| F|  |TAMS 0x0000000084600000, 0x0000000084600000| Untracked 
|  71|0x0000000084700000, 0x0000000084700000, 0x0000000084800000|  0%| F|  |TAMS 0x0000000084700000, 0x0000000084700000| Untracked 
|  72|0x0000000084800000, 0x0000000084800000, 0x0000000084900000|  0%| F|  |TAMS 0x0000000084800000, 0x0000000084800000| Untracked 
|  73|0x0000000084900000, 0x0000000084900000, 0x0000000084a00000|  0%| F|  |TAMS 0x0000000084900000, 0x0000000084900000| Untracked 
|  74|0x0000000084a00000, 0x0000000084a00000, 0x0000000084b00000|  0%| F|  |TAMS 0x0000000084a00000, 0x0000000084a00000| Untracked 
|  75|0x0000000084b00000, 0x0000000084b00000, 0x0000000084c00000|  0%| F|  |TAMS 0x0000000084b00000, 0x0000000084b00000| Untracked 
|  76|0x0000000084c00000, 0x0000000084c00000, 0x0000000084d00000|  0%| F|  |TAMS 0x0000000084c00000, 0x0000000084c00000| Untracked 
|  77|0x0000000084d00000, 0x0000000084d00000, 0x0000000084e00000|  0%| F|  |TAMS 0x0000000084d00000, 0x0000000084d00000| Untracked 
|  78|0x0000000084e00000, 0x0000000084e00000, 0x0000000084f00000|  0%| F|  |TAMS 0x0000000084e00000, 0x0000000084e00000| Untracked 
|  79|0x0000000084f00000, 0x0000000084f00000, 0x0000000085000000|  0%| F|  |TAMS 0x0000000084f00000, 0x0000000084f00000| Untracked 
|  80|0x0000000085000000, 0x0000000085000000, 0x0000000085100000|  0%| F|  |TAMS 0x0000000085000000, 0x0000000085000000| Untracked 
|  81|0x0000000085100000, 0x0000000085100000, 0x0000000085200000|  0%| F|  |TAMS 0x0000000085100000, 0x0000000085100000| Untracked 
|  82|0x0000000085200000, 0x0000000085200000, 0x0000000085300000|  0%| F|  |TAMS 0x0000000085200000, 0x0000000085200000| Untracked 
|  83|0x0000000085300000, 0x0000000085300000, 0x0000000085400000|  0%| F|  |TAMS 0x0000000085300000, 0x0000000085300000| Untracked 
|  84|0x0000000085400000, 0x0000000085400000, 0x0000000085500000|  0%| F|  |TAMS 0x0000000085400000, 0x0000000085400000| Untracked 
|  85|0x0000000085500000, 0x0000000085500000, 0x0000000085600000|  0%| F|  |TAMS 0x0000000085500000, 0x0000000085500000| Untracked 
|  86|0x0000000085600000, 0x0000000085600000, 0x0000000085700000|  0%| F|  |TAMS 0x0000000085600000, 0x0000000085600000| Untracked 
|  87|0x0000000085700000, 0x0000000085700000, 0x0000000085800000|  0%| F|  |TAMS 0x0000000085700000, 0x0000000085700000| Untracked 
|  88|0x0000000085800000, 0x0000000085800000, 0x0000000085900000|  0%| F|  |TAMS 0x0000000085800000, 0x0000000085800000| Untracked 
|  89|0x0000000085900000, 0x0000000085900000, 0x0000000085a00000|  0%| F|  |TAMS 0x0000000085900000, 0x0000000085900000| Untracked 
|  90|0x0000000085a00000, 0x0000000085a00000, 0x0000000085b00000|  0%| F|  |TAMS 0x0000000085a00000, 0x0000000085a00000| Untracked 
|  91|0x0000000085b00000, 0x0000000085b00000, 0x0000000085c00000|  0%| F|  |TAMS 0x0000000085b00000, 0x0000000085b00000| Untracked 
|  92|0x0000000085c00000, 0x0000000085c00000, 0x0000000085d00000|  0%| F|  |TAMS 0x0000000085c00000, 0x0000000085c00000| Untracked 
|  93|0x0000000085d00000, 0x0000000085d00000, 0x0000000085e00000|  0%| F|  |TAMS 0x0000000085d00000, 0x0000000085d00000| Untracked 
|  94|0x0000000085e00000, 0x0000000085e00000, 0x0000000085f00000|  0%| F|  |TAMS 0x0000000085e00000, 0x0000000085e00000| Untracked 
|  95|0x0000000085f00000, 0x0000000085f00000, 0x0000000086000000|  0%| F|  |TAMS 0x0000000085f00000, 0x0000000085f00000| Untracked 
|  96|0x0000000086000000, 0x0000000086000000, 0x0000000086100000|  0%| F|  |TAMS 0x0000000086000000, 0x0000000086000000| Untracked 
|  97|0x0000000086100000, 0x0000000086100000, 0x0000000086200000|  0%| F|  |TAMS 0x0000000086100000, 0x0000000086100000| Untracked 
|  98|0x0000000086200000, 0x0000000086200000, 0x0000000086300000|  0%| F|  |TAMS 0x0000000086200000, 0x0000000086200000| Untracked 
|  99|0x0000000086300000, 0x0000000086300000, 0x0000000086400000|  0%| F|  |TAMS 0x0000000086300000, 0x0000000086300000| Untracked 
| 100|0x0000000086400000, 0x0000000086400000, 0x0000000086500000|  0%| F|  |TAMS 0x0000000086400000, 0x0000000086400000| Untracked 
| 101|0x0000000086500000, 0x0000000086500000, 0x0000000086600000|  0%| F|  |TAMS 0x0000000086500000, 0x0000000086500000| Untracked 
| 102|0x0000000086600000, 0x0000000086600000, 0x0000000086700000|  0%| F|  |TAMS 0x0000000086600000, 0x0000000086600000| Untracked 
| 103|0x0000000086700000, 0x0000000086700000, 0x0000000086800000|  0%| F|  |TAMS 0x0000000086700000, 0x0000000086700000| Untracked 
| 104|0x0000000086800000, 0x0000000086800000, 0x0000000086900000|  0%| F|  |TAMS 0x0000000086800000, 0x0000000086800000| Untracked 
| 105|0x0000000086900000, 0x0000000086900000, 0x0000000086a00000|  0%| F|  |TAMS 0x0000000086900000, 0x0000000086900000| Untracked 
| 106|0x0000000086a00000, 0x0000000086a00000, 0x0000000086b00000|  0%| F|  |TAMS 0x0000000086a00000, 0x0000000086a00000| Untracked 
| 107|0x0000000086b00000, 0x0000000086b00000, 0x0000000086c00000|  0%| F|  |TAMS 0x0000000086b00000, 0x0000000086b00000| Untracked 
| 108|0x0000000086c00000, 0x0000000086c00000, 0x0000000086d00000|  0%| F|  |TAMS 0x0000000086c00000, 0x0000000086c00000| Untracked 
| 109|0x0000000086d00000, 0x0000000086d00000, 0x0000000086e00000|  0%| F|  |TAMS 0x0000000086d00000, 0x0000000086d00000| Untracked 
| 110|0x0000000086e00000, 0x0000000086e00000, 0x0000000086f00000|  0%| F|  |TAMS 0x0000000086e00000, 0x0000000086e00000| Untracked 
| 111|0x0000000086f00000, 0x0000000086f00000, 0x0000000087000000|  0%| F|  |TAMS 0x0000000086f00000, 0x0000000086f00000| Untracked 
| 112|0x0000000087000000, 0x0000000087000000, 0x0000000087100000|  0%| F|  |TAMS 0x0000000087000000, 0x0000000087000000| Untracked 
| 113|0x0000000087100000, 0x0000000087100000, 0x0000000087200000|  0%| F|  |TAMS 0x0000000087100000, 0x0000000087100000| Untracked 
| 114|0x0000000087200000, 0x0000000087200000, 0x0000000087300000|  0%| F|  |TAMS 0x0000000087200000, 0x0000000087200000| Untracked 
| 115|0x0000000087300000, 0x0000000087300000, 0x0000000087400000|  0%| F|  |TAMS 0x0000000087300000, 0x0000000087300000| Untracked 
| 116|0x0000000087400000, 0x0000000087400000, 0x0000000087500000|  0%| F|  |TAMS 0x0000000087400000, 0x0000000087400000| Untracked 
| 117|0x0000000087500000, 0x0000000087500000, 0x0000000087600000|  0%| F|  |TAMS 0x0000000087500000, 0x0000000087500000| Untracked 
| 118|0x0000000087600000, 0x0000000087600000, 0x0000000087700000|  0%| F|  |TAMS 0x0000000087600000, 0x0000000087600000| Untracked 
| 119|0x0000000087700000, 0x0000000087700000, 0x0000000087800000|  0%| F|  |TAMS 0x0000000087700000, 0x0000000087700000| Untracked 
| 120|0x0000000087800000, 0x0000000087800000, 0x0000000087900000|  0%| F|  |TAMS 0x0000000087800000, 0x0000000087800000| Untracked 
| 121|0x0000000087900000, 0x0000000087900000, 0x0000000087a00000|  0%| F|  |TAMS 0x0000000087900000, 0x0000000087900000| Untracked 
| 122|0x0000000087a00000, 0x0000000087a00000, 0x0000000087b00000|  0%| F|  |TAMS 0x0000000087a00000, 0x0000000087a00000| Untracked 
| 123|0x0000000087b00000, 0x0000000087b00000, 0x0000000087c00000|  0%| F|  |TAMS 0x0000000087b00000, 0x0000000087b00000| Untracked 
| 124|0x0000000087c00000, 0x0000000087c00000, 0x0000000087d00000|  0%| F|  |TAMS 0x0000000087c00000, 0x0000000087c00000| Untracked 
| 125|0x0000000087d00000, 0x0000000087d00000, 0x0000000087e00000|  0%| F|  |TAMS 0x0000000087d00000, 0x0000000087d00000| Untracked 

Card table byte_map: [0x000001a4f6700000,0x000001a4f6b00000] _byte_map_base: 0x000001a4f6300000

Marking Bits (Prev, Next): (CMBitMap*) 0x000001a4f05f0bd8, (CMBitMap*) 0x000001a4f05f0c10
 Prev Bits: [0x000001a4f6f00000, 0x000001a4f8f00000)
 Next Bits: [0x000001a4f8f00000, 0x000001a4faf00000)

Polling page: 0x000001a4f0690000

Metaspace:

Usage:
  Non-class:     42.06 MB capacity,    41.20 MB ( 98%) used,   758.24 KB (  2%) free+waste,   126.88 KB ( <1%) overhead. 
      Class:      6.50 MB capacity,     6.02 MB ( 93%) used,   424.16 KB (  6%) free+waste,    60.25 KB ( <1%) overhead. 
       Both:     48.56 MB capacity,    47.22 MB ( 97%) used,     1.15 MB (  2%) free+waste,   187.13 KB ( <1%) overhead. 

Virtual space:
  Non-class space:       44.00 MB reserved,      42.25 MB ( 96%) committed 
      Class space:        1.00 GB reserved,       6.50 MB ( <1%) committed 
             Both:        1.04 GB reserved,      48.75 MB (  5%) committed 

Chunk freelists:
   Non-Class:  2.00 KB
       Class:  3.00 KB
        Both:  5.00 KB

MaxMetaspaceSize: 17179869184.00 GB
CompressedClassSpaceSize: 1.00 GB
Initial GC threshold: 20.80 MB
Current GC threshold: 58.88 MB
CDS: off

CodeHeap 'non-profiled nmethods': size=120000Kb used=2980Kb max_used=2980Kb free=117020Kb
 bounds [0x000001a487ad0000, 0x000001a487dc0000, 0x000001a48f000000]
CodeHeap 'profiled nmethods': size=120000Kb used=10890Kb max_used=10890Kb free=109109Kb
 bounds [0x000001a4805a0000, 0x000001a481050000, 0x000001a487ad0000]
CodeHeap 'non-nmethods': size=5760Kb used=2292Kb max_used=2335Kb free=3467Kb
 bounds [0x000001a480000000, 0x000001a480270000, 0x000001a4805a0000]
 total_blobs=6165 nmethods=5379 adapters=698
 compilation: enabled
              stopped_count=0, restarted_count=0
 full_count=0

Compilation events (20 events):
Event: 7.571 Thread 0x000001a4fda0d000 5375       3       com.sun.beans.introspect.PropertyInfo::getWriteMethod (19 bytes)
Event: 7.571 Thread 0x000001a4fda0d000 nmethod 5375 0x000001a48103e690 code [0x000001a48103e840, 0x000001a48103e9b8]
Event: 7.571 Thread 0x000001a4fda0d000 5376       3       com.sun.beans.introspect.PropertyInfo::isConstrained (101 bytes)
Event: 7.571 Thread 0x000001a4fda0d000 nmethod 5376 0x000001a48103ea90 code [0x000001a48103ec60, 0x000001a48103ef18]
Event: 7.571 Thread 0x000001a4fda0d000 5379       3       java.util.regex.Pattern$TreeInfo::<init> (9 bytes)
Event: 7.571 Thread 0x000001a4fda0d000 nmethod 5379 0x000001a48103f010 code [0x000001a48103f1c0, 0x000001a48103f398]
Event: 7.571 Thread 0x000001a4fda0d000 5378       3       sun.reflect.generics.reflectiveObjects.LazyReflectiveObjectGenerator::<init> (10 bytes)
Event: 7.571 Thread 0x000001a4fda0d000 nmethod 5378 0x000001a48103f490 code [0x000001a48103f640, 0x000001a48103f7f8]
Event: 7.573 Thread 0x000001a4fda0d000 5382       3       java.util.Hashtable$EntrySet::<init> (10 bytes)
Event: 7.573 Thread 0x000001a4fda0d000 nmethod 5382 0x000001a48103f890 code [0x000001a48103fa60, 0x000001a48103fcd8]
Event: 7.584 Thread 0x000001a4fda0d000 5383       3       groovy.lang.MetaClassImpl$$Lambda$285/0x00000001004b7440::apply (12 bytes)
Event: 7.584 Thread 0x000001a4fda0d000 nmethod 5383 0x000001a48103fe10 code [0x000001a481040020, 0x000001a481040418]
Event: 7.584 Thread 0x000001a4fda0d000 5384       3       groovy.lang.MetaClassImpl::lambda$getPropName$1 (27 bytes)
Event: 7.584 Thread 0x000001a4fda0d000 nmethod 5384 0x000001a481040590 code [0x000001a481040780, 0x000001a4810409f8]
Event: 7.589 Thread 0x000001a4fda0d000 5385       3       org.gradle.tooling.internal.provider.runner.SubtreeFilteringBuildOperationListener::started (118 bytes)
Event: 7.590 Thread 0x000001a4fda0d000 nmethod 5385 0x000001a481040b90 code [0x000001a481040e20, 0x000001a481041b08]
Event: 7.592 Thread 0x000001a4fda0d000 5388       3       java.lang.invoke.BoundMethodHandle::editor (8 bytes)
Event: 7.592 Thread 0x000001a4fda0d000 nmethod 5388 0x000001a481041f10 code [0x000001a481042100, 0x000001a481042488]
Event: 7.593 Thread 0x000001a4fda0d000 5389       3       java.util.concurrent.atomic.AtomicBoolean::set (14 bytes)
Event: 7.594 Thread 0x000001a4fda0d000 nmethod 5389 0x000001a481042610 code [0x000001a4810427c0, 0x000001a481042918]

GC Heap History (15 events):
Event: 0.897 GC heap before
{Heap before GC invocations=0 (full 0):
 garbage-first heap   total 129024K, used 29696K [0x0000000080000000, 0x0000000100000000)
  region size 1024K, 24 young (24576K), 0 survivors (0K)
 Metaspace       used 10249K, capacity 10491K, committed 10624K, reserved 1058816K
  class space    used 1073K, capacity 1141K, committed 1152K, reserved 1048576K
}
Event: 0.903 GC heap after
{Heap after GC invocations=1 (full 0):
 garbage-first heap   total 129024K, used 9411K [0x0000000080000000, 0x0000000100000000)
  region size 1024K, 3 young (3072K), 3 survivors (3072K)
 Metaspace       used 10249K, capacity 10491K, committed 10624K, reserved 1058816K
  class space    used 1073K, capacity 1141K, committed 1152K, reserved 1048576K
}
Event: 2.627 GC heap before
{Heap before GC invocations=1 (full 0):
 garbage-first heap   total 129024K, used 83139K [0x0000000080000000, 0x0000000100000000)
  region size 1024K, 75 young (76800K), 3 survivors (3072K)
 Metaspace       used 17599K, capacity 17992K, committed 18176K, reserved 1064960K
  class space    used 2085K, capacity 2219K, committed 2304K, reserved 1048576K
}
Event: 2.634 GC heap after
{Heap after GC invocations=2 (full 0):
 garbage-first heap   total 129024K, used 15799K [0x0000000080000000, 0x0000000100000000)
  region size 1024K, 10 young (10240K), 10 survivors (10240K)
 Metaspace       used 17599K, capacity 17992K, committed 18176K, reserved 1064960K
  class space    used 2085K, capacity 2219K, committed 2304K, reserved 1048576K
}
Event: 2.949 GC heap before
{Heap before GC invocations=2 (full 0):
 garbage-first heap   total 129024K, used 41399K [0x0000000080000000, 0x0000000100000000)
  region size 1024K, 36 young (36864K), 10 survivors (10240K)
 Metaspace       used 20680K, capacity 21081K, committed 21248K, reserved 1067008K
  class space    used 2545K, capacity 2695K, committed 2816K, reserved 1048576K
}
Event: 2.957 GC heap after
{Heap after GC invocations=3 (full 0):
 garbage-first heap   total 129024K, used 16846K [0x0000000080000000, 0x0000000100000000)
  region size 1024K, 2 young (2048K), 2 survivors (2048K)
 Metaspace       used 20680K, capacity 21081K, committed 21248K, reserved 1067008K
  class space    used 2545K, capacity 2695K, committed 2816K, reserved 1048576K
}
Event: 3.664 GC heap before
{Heap before GC invocations=4 (full 0):
 garbage-first heap   total 129024K, used 82382K [0x0000000080000000, 0x0000000100000000)
  region size 1024K, 66 young (67584K), 2 survivors (2048K)
 Metaspace       used 26822K, capacity 27377K, committed 27648K, reserved 1073152K
  class space    used 3539K, capacity 3739K, committed 3840K, reserved 1048576K
}
Event: 3.668 GC heap after
{Heap after GC invocations=5 (full 0):
 garbage-first heap   total 129024K, used 19024K [0x0000000080000000, 0x0000000100000000)
  region size 1024K, 4 young (4096K), 4 survivors (4096K)
 Metaspace       used 26822K, capacity 27377K, committed 27648K, reserved 1073152K
  class space    used 3539K, capacity 3739K, committed 3840K, reserved 1048576K
}
Event: 4.402 GC heap before
{Heap before GC invocations=5 (full 0):
 garbage-first heap   total 129024K, used 66128K [0x0000000080000000, 0x0000000100000000)
  region size 1024K, 51 young (52224K), 4 survivors (4096K)
 Metaspace       used 35028K, capacity 35786K, committed 35840K, reserved 1081344K
  class space    used 4560K, capacity 4863K, committed 4864K, reserved 1048576K
}
Event: 4.409 GC heap after
{Heap after GC invocations=6 (full 0):
 garbage-first heap   total 129024K, used 22270K [0x0000000080000000, 0x0000000100000000)
  region size 1024K, 7 young (7168K), 7 survivors (7168K)
 Metaspace       used 35028K, capacity 35786K, committed 35840K, reserved 1081344K
  class space    used 4560K, capacity 4863K, committed 4864K, reserved 1048576K
}
Event: 5.055 GC heap before
{Heap before GC invocations=7 (full 0):
 garbage-first heap   total 129024K, used 93950K [0x0000000080000000, 0x0000000100000000)
  region size 1024K, 75 young (76800K), 7 survivors (7168K)
 Metaspace       used 40049K, capacity 40992K, committed 41088K, reserved 1085440K
  class space    used 5129K, capacity 5465K, committed 5504K, reserved 1048576K
}
Event: 5.066 GC heap after
{Heap after GC invocations=8 (full 0):
 garbage-first heap   total 129024K, used 27782K [0x0000000080000000, 0x0000000100000000)
  region size 1024K, 9 young (9216K), 9 survivors (9216K)
 Metaspace       used 40049K, capacity 40992K, committed 41088K, reserved 1085440K
  class space    used 5129K, capacity 5465K, committed 5504K, reserved 1048576K
}
Event: 6.189 GC heap before
{Heap before GC invocations=8 (full 0):
 garbage-first heap   total 129024K, used 96390K [0x0000000080000000, 0x0000000100000000)
  region size 1024K, 75 young (76800K), 9 survivors (9216K)
 Metaspace       used 46066K, capacity 47340K, committed 47488K, reserved 1089536K
  class space    used 5925K, capacity 6401K, committed 6528K, reserved 1048576K
}
Event: 6.197 GC heap after
{Heap after GC invocations=9 (full 0):
 garbage-first heap   total 129024K, used 30094K [0x0000000080000000, 0x0000000100000000)
  region size 1024K, 4 young (4096K), 4 survivors (4096K)
 Metaspace       used 46066K, capacity 47340K, committed 47488K, reserved 1089536K
  class space    used 5925K, capacity 6401K, committed 6528K, reserved 1048576K
}
Event: 7.595 GC heap before
{Heap before GC invocations=9 (full 0):
 garbage-first heap   total 129024K, used 105870K [0x0000000080000000, 0x0000000100000000)
  region size 1024K, 70 young (71680K), 4 survivors (4096K)
 Metaspace       used 48353K, capacity 49723K, committed 49920K, reserved 1093632K
  class space    used 6168K, capacity 6653K, committed 6656K, reserved 1048576K
}

Deoptimization events (20 events):
Event: 7.325 Thread 0x000001a48f5ea000 DEOPT PACKING pc=0x000001a480ff5204 sp=0x0000009e80ff1b50
Event: 7.325 Thread 0x000001a48f5ea000 DEOPT UNPACKING pc=0x000001a48004a95e sp=0x0000009e80ff1128 mode 0
Event: 7.379 Thread 0x000001a48f5ea000 DEOPT PACKING pc=0x000001a480ff5204 sp=0x0000009e80ff1a20
Event: 7.379 Thread 0x000001a48f5ea000 DEOPT UNPACKING pc=0x000001a48004a95e sp=0x0000009e80ff0ff8 mode 0
Event: 7.408 Thread 0x000001a48f5ea000 DEOPT PACKING pc=0x000001a480ff5204 sp=0x0000009e80ff1a20
Event: 7.408 Thread 0x000001a48f5ea000 DEOPT UNPACKING pc=0x000001a48004a95e sp=0x0000009e80ff0ff8 mode 0
Event: 7.465 Thread 0x000001a48f5ea000 DEOPT PACKING pc=0x000001a480ff5204 sp=0x0000009e80ff1a20
Event: 7.465 Thread 0x000001a48f5ea000 DEOPT UNPACKING pc=0x000001a48004a95e sp=0x0000009e80ff0ff8 mode 0
Event: 7.542 Thread 0x000001a48f5ea000 Uncommon trap: trap_request=0xffffff4d fr.pc=0x000001a487d88990 relative=0x00000000000001d0
Event: 7.542 Thread 0x000001a48f5ea000 Uncommon trap: reason=unstable_if action=reinterpret pc=0x000001a487d88990 method=com.google.common.collect.RegularImmutableMap.get(Ljava/lang/Object;[Lcom/google/common/collect/ImmutableMapEntry;I)Ljava/lang/Object; @ 5 c2
Event: 7.542 Thread 0x000001a48f5ea000 DEOPT PACKING pc=0x000001a487d88990 sp=0x0000009e80ff7d70
Event: 7.542 Thread 0x000001a48f5ea000 DEOPT UNPACKING pc=0x000001a48004a1af sp=0x0000009e80ff7c98 mode 2
Event: 7.592 Thread 0x000001a48f5ea000 Uncommon trap: trap_request=0xffffff4d fr.pc=0x000001a487d1301c relative=0x000000000000007c
Event: 7.592 Thread 0x000001a48f5ea000 Uncommon trap: reason=unstable_if action=reinterpret pc=0x000001a487d1301c method=java.util.Spliterator.getExactSizeIfKnown()J @ 9 c2
Event: 7.592 Thread 0x000001a48f5ea000 DEOPT PACKING pc=0x000001a487d1301c sp=0x0000009e80ffb1c0
Event: 7.592 Thread 0x000001a48f5ea000 DEOPT UNPACKING pc=0x000001a48004a1af sp=0x0000009e80ffb158 mode 2
Event: 7.594 Thread 0x000001a48f36e800 Uncommon trap: trap_request=0xffffff6e fr.pc=0x000001a487da09a0 relative=0x00000000000007c0
Event: 7.594 Thread 0x000001a48f36e800 Uncommon trap: reason=speculate_class_check action=maybe_recompile pc=0x000001a487da09a0 method=sun.security.provider.DigestBase.implCompressMultiBlock([BII)I @ 11 c2
Event: 7.594 Thread 0x000001a48f36e800 DEOPT PACKING pc=0x000001a487da09a0 sp=0x0000009e812fcdd0
Event: 7.594 Thread 0x000001a48f36e800 DEOPT UNPACKING pc=0x000001a48004a1af sp=0x0000009e812fcd08 mode 2

Classes redefined (0 events):
No events

Internal exceptions (20 events):
Event: 7.314 Thread 0x000001a48f5ea000 Exception <a 'java/security/PrivilegedActionException'{0x0000000084a89a30}> (0x0000000084a89a30) thrown at [./src/hotspot/share/prims/jvm.cpp, line 1306]
Event: 7.314 Thread 0x000001a48f5ea000 Exception <a 'java/security/PrivilegedActionException'{0x0000000084a8c6d8}> (0x0000000084a8c6d8) thrown at [./src/hotspot/share/prims/jvm.cpp, line 1306]
Event: 7.314 Thread 0x000001a48f5ea000 Exception <a 'java/security/PrivilegedActionException'{0x0000000084a8d998}> (0x0000000084a8d998) thrown at [./src/hotspot/share/prims/jvm.cpp, line 1306]
Event: 7.521 Thread 0x000001a48f5ea000 Exception <a 'java/lang/ClassNotFoundException'{0x0000000084494360}: org/gradle/api/internal/project/DefaultProject_DecoratedBeanInfo> (0x0000000084494360) thrown at [./src/hotspot/share/classfile/systemDictionary.cpp, line 231]
Event: 7.522 Thread 0x000001a48f5ea000 Exception <a 'java/lang/ClassNotFoundException'{0x00000000844c2dd0}: org/gradle/api/internal/project/DefaultProjectBeanInfo> (0x00000000844c2dd0) thrown at [./src/hotspot/share/classfile/systemDictionary.cpp, line 231]
Event: 7.522 Thread 0x000001a48f5ea000 Exception <a 'java/lang/ClassNotFoundException'{0x00000000844f1438}: org/gradle/api/internal/project/DefaultProjectCustomizer> (0x00000000844f1438) thrown at [./src/hotspot/share/classfile/systemDictionary.cpp, line 231]
Event: 7.525 Thread 0x000001a48f5ea000 Exception <a 'java/lang/ClassNotFoundException'{0x00000000843b4768}: org/gradle/api/internal/project/DefaultProject_DecoratedCustomizer> (0x00000000843b4768) thrown at [./src/hotspot/share/classfile/systemDictionary.cpp, line 231]
Event: 7.542 Thread 0x000001a48f5ea000 Implicit null exception at 0x000001a487d887f8 to 0x000001a487d88978
Event: 7.563 Thread 0x000001a48f5ea000 Exception <a 'java/lang/ClassNotFoundException'{0x0000000083f2c230}: org/gradle/api/tasks/Delete_DecoratedBeanInfo> (0x0000000083f2c230) thrown at [./src/hotspot/share/classfile/systemDictionary.cpp, line 231]
Event: 7.564 Thread 0x000001a48f5ea000 Exception <a 'java/lang/ClassNotFoundException'{0x0000000083f56990}: org/gradle/api/tasks/DeleteBeanInfo> (0x0000000083f56990) thrown at [./src/hotspot/share/classfile/systemDictionary.cpp, line 231]
Event: 7.564 Thread 0x000001a48f5ea000 Exception <a 'java/lang/ClassNotFoundException'{0x0000000083f84bc8}: org/gradle/api/internal/ConventionTaskBeanInfo> (0x0000000083f84bc8) thrown at [./src/hotspot/share/classfile/systemDictionary.cpp, line 231]
Event: 7.565 Thread 0x000001a48f5ea000 Exception <a 'java/lang/ClassNotFoundException'{0x0000000083faf450}: org/gradle/api/DefaultTaskBeanInfo> (0x0000000083faf450) thrown at [./src/hotspot/share/classfile/systemDictionary.cpp, line 231]
Event: 7.566 Thread 0x000001a48f5ea000 Exception <a 'java/lang/ClassNotFoundException'{0x0000000083fddb50}: org/gradle/api/internal/AbstractTaskBeanInfo> (0x0000000083fddb50) thrown at [./src/hotspot/share/classfile/systemDictionary.cpp, line 231]
Event: 7.566 Thread 0x000001a48f5ea000 Exception <a 'java/lang/ClassNotFoundException'{0x0000000083e0cd60}: org/gradle/api/internal/AbstractTaskCustomizer> (0x0000000083e0cd60) thrown at [./src/hotspot/share/classfile/systemDictionary.cpp, line 231]
Event: 7.569 Thread 0x000001a48f5ea000 Exception <a 'java/lang/ClassNotFoundException'{0x0000000083e80370}: org/gradle/api/DefaultTaskCustomizer> (0x0000000083e80370) thrown at [./src/hotspot/share/classfile/systemDictionary.cpp, line 231]
Event: 7.571 Thread 0x000001a48f5ea000 Exception <a 'java/lang/ClassNotFoundException'{0x0000000083d03288}: org/gradle/api/internal/ConventionTaskCustomizer> (0x0000000083d03288) thrown at [./src/hotspot/share/classfile/systemDictionary.cpp, line 231]
Event: 7.573 Thread 0x000001a48f5ea000 Exception <a 'java/lang/ClassNotFoundException'{0x0000000083d3bff0}: org/gradle/api/tasks/DeleteCustomizer> (0x0000000083d3bff0) thrown at [./src/hotspot/share/classfile/systemDictionary.cpp, line 231]
Event: 7.574 Thread 0x000001a48f5ea000 Exception <a 'java/lang/ClassNotFoundException'{0x0000000083d7be10}: org/gradle/api/tasks/Delete_DecoratedCustomizer> (0x0000000083d7be10) thrown at [./src/hotspot/share/classfile/systemDictionary.cpp, line 231]
Event: 7.591 Thread 0x000001a48f5ea000 Exception <a 'java/lang/NoSuchMethodError'{0x0000000083c95af0}: 'long java.lang.invoke.DirectMethodHandle$Holder.invokeVirtual(java.lang.Object, java.lang.Object)'> (0x0000000083c95af0) thrown at [./src/hotspot/share/interpreter/linkResolver.cpp, line 773]
Event: 7.594 Thread 0x000001a48f36e800 Exception <a 'java/lang/NoSuchMethodError'{0x00000000859687b0}: <clinit>> (0x00000000859687b0) thrown at [./src/hotspot/share/prims/jni.cpp, line 1365]

Events (20 events):
Event: 7.590 loading class org/gradle/configuration/project/ConfigureProjectBuildOperationType done
Event: 7.590 loading class org/gradle/configuration/project/ConfigureProjectBuildOperationType$Result
Event: 7.590 loading class org/gradle/configuration/project/ConfigureProjectBuildOperationType$Result done
Event: 7.591 loading class org/gradle/configuration/project/ConfigureProjectBuildOperationType$1
Event: 7.591 loading class org/gradle/configuration/project/ConfigureProjectBuildOperationType$1 done
Event: 7.591 loading class org/gradle/tooling/internal/provider/runner/ClientForwardingProjectConfigurationOperationListener$PluginApplicationResult
Event: 7.591 loading class org/gradle/tooling/internal/provider/runner/ClientForwardingProjectConfigurationOperationListener$PluginApplicationResult done
Event: 7.591 loading class org/gradle/tooling/internal/protocol/events/InternalProjectConfigurationResult$InternalPluginApplicationResult
Event: 7.591 loading class org/gradle/tooling/internal/protocol/events/InternalProjectConfigurationResult$InternalPluginApplicationResult done
Event: 7.591 loading class org/gradle/tooling/internal/provider/runner/ClientForwardingProjectConfigurationOperationListener$PluginApplicationResult
Event: 7.591 loading class org/gradle/tooling/internal/provider/runner/ClientForwardingProjectConfigurationOperationListener$PluginApplicationResult done
Event: 7.592 loading class org/gradle/internal/build/event/types/DefaultPluginApplicationResult
Event: 7.592 loading class org/gradle/internal/build/event/types/DefaultPluginApplicationResult done
Event: 7.593 loading class org/gradle/internal/build/event/types/DefaultOperationFinishedProgressEvent
Event: 7.593 loading class org/gradle/internal/build/event/types/DefaultOperationFinishedProgressEvent done
Event: 7.594 loading class org/gradle/api/internal/project/DefaultCrossProjectModelAccess
Event: 7.594 loading class org/gradle/api/internal/project/DefaultCrossProjectModelAccess done
Event: 7.594 loading class org/gradle/internal/Factory
Event: 7.594 loading class org/gradle/internal/Factory done
Event: 7.594 Executing VM operation: G1CollectForAllocation


Dynamic libraries:
0x00007ff7d5e50000 - 0x00007ff7d5e5a000 	C:\Program Files\Android\Android Studio\jre\bin\java.exe
0x00007ffcc60f0000 - 0x00007ffcc62e8000 	C:\WINDOWS\SYSTEM32\ntdll.dll
0x00007ffcc4d40000 - 0x00007ffcc4dfd000 	C:\WINDOWS\System32\KERNEL32.DLL
0x00007ffcc3810000 - 0x00007ffcc3ade000 	C:\WINDOWS\System32\KERNELBASE.dll
0x00007ffcc3d10000 - 0x00007ffcc3e10000 	C:\WINDOWS\System32\ucrtbase.dll
0x00007ffcbe930000 - 0x00007ffcbe949000 	C:\Program Files\Android\Android Studio\jre\bin\jli.dll
0x00007ffcbd070000 - 0x00007ffcbd087000 	C:\Program Files\Android\Android Studio\jre\bin\VCRUNTIME140.dll
0x00007ffcc4800000 - 0x00007ffcc49a0000 	C:\WINDOWS\System32\USER32.dll
0x00007ffcc4070000 - 0x00007ffcc4092000 	C:\WINDOWS\System32\win32u.dll
0x00007ffcc49a0000 - 0x00007ffcc49ca000 	C:\WINDOWS\System32\GDI32.dll
0x00007ffcc3e60000 - 0x00007ffcc3f6b000 	C:\WINDOWS\System32\gdi32full.dll
0x00007ffcadc80000 - 0x00007ffcadf1a000 	C:\WINDOWS\WinSxS\amd64_microsoft.windows.common-controls_6595b64144ccf1df_6.0.19041.1110_none_60b5254171f9507e\COMCTL32.dll
0x00007ffcc3c70000 - 0x00007ffcc3d0d000 	C:\WINDOWS\System32\msvcp_win.dll
0x00007ffcc4290000 - 0x00007ffcc432e000 	C:\WINDOWS\System32\msvcrt.dll
0x00007ffcc51d0000 - 0x00007ffcc5200000 	C:\WINDOWS\System32\IMM32.DLL
0x00007ffc9f5f0000 - 0x00007ffc9f68d000 	C:\Program Files\Android\Android Studio\jre\bin\msvcp140.dll
0x00007ffc729c0000 - 0x00007ffc734a5000 	C:\Program Files\Android\Android Studio\jre\bin\server\jvm.dll
0x00007ffcc49d0000 - 0x00007ffcc4a7e000 	C:\WINDOWS\System32\ADVAPI32.dll
0x00007ffcc5be0000 - 0x00007ffcc5c7c000 	C:\WINDOWS\System32\sechost.dll
0x00007ffcc4e70000 - 0x00007ffcc4f95000 	C:\WINDOWS\System32\RPCRT4.dll
0x00007ffcc5010000 - 0x00007ffcc5018000 	C:\WINDOWS\System32\PSAPI.DLL
0x00007ffcabcd0000 - 0x00007ffcabcf7000 	C:\WINDOWS\SYSTEM32\WINMM.dll
0x00007ffcb0ff0000 - 0x00007ffcb0ff9000 	C:\WINDOWS\SYSTEM32\WSOCK32.dll
0x00007ffcbb400000 - 0x00007ffcbb40a000 	C:\WINDOWS\SYSTEM32\VERSION.dll
0x00007ffcc4fa0000 - 0x00007ffcc500b000 	C:\WINDOWS\System32\WS2_32.dll
0x00007ffcc2060000 - 0x00007ffcc2072000 	C:\WINDOWS\SYSTEM32\kernel.appcore.dll
0x00007ffc729a0000 - 0x00007ffc729b1000 	C:\Program Files\Android\Android Studio\jre\bin\verify.dll
0x00007ffcc1d70000 - 0x00007ffcc1f54000 	C:\WINDOWS\SYSTEM32\DBGHELP.DLL
0x00007ffcb0f20000 - 0x00007ffcb0f4c000 	C:\WINDOWS\SYSTEM32\dbgcore.DLL
0x00007ffcc3f70000 - 0x00007ffcc3ff2000 	C:\WINDOWS\System32\bcryptPrimitives.dll
0x00007ffc72970000 - 0x00007ffc72999000 	C:\Program Files\Android\Android Studio\jre\bin\java.dll
0x00007ffca8a10000 - 0x00007ffca8a1b000 	C:\Program Files\Android\Android Studio\jre\bin\jimage.dll
0x00007ffc72950000 - 0x00007ffc72968000 	C:\Program Files\Android\Android Studio\jre\bin\zip.dll
0x00007ffcc52e0000 - 0x00007ffcc5a24000 	C:\WINDOWS\System32\SHELL32.dll
0x00007ffcc1500000 - 0x00007ffcc1c94000 	C:\WINDOWS\SYSTEM32\windows.storage.dll
0x00007ffcc5c80000 - 0x00007ffcc5fd4000 	C:\WINDOWS\System32\combase.dll
0x00007ffcc3200000 - 0x00007ffcc3230000 	C:\WINDOWS\SYSTEM32\Wldp.dll
0x00007ffcc4150000 - 0x00007ffcc41fd000 	C:\WINDOWS\System32\SHCORE.dll
0x00007ffcc47a0000 - 0x00007ffcc47f5000 	C:\WINDOWS\System32\shlwapi.dll
0x00007ffcc3750000 - 0x00007ffcc376f000 	C:\WINDOWS\SYSTEM32\profapi.dll
0x00007ffc71f90000 - 0x00007ffc71faa000 	C:\Program Files\Android\Android Studio\jre\bin\net.dll
0x00007ffcbda30000 - 0x00007ffcbdb3a000 	C:\WINDOWS\SYSTEM32\WINHTTP.dll
0x00007ffcc2f00000 - 0x00007ffcc2f6a000 	C:\WINDOWS\system32\mswsock.dll
0x00007ffc71f70000 - 0x00007ffc71f84000 	C:\Program Files\Android\Android Studio\jre\bin\nio.dll
0x00007ffca2f00000 - 0x00007ffca2f27000 	C:\Users\user\.gradle\native\e1d6ef7f7dcc3fd88c89a11ec53ec762bb8ba0a96d01ffa2cd45eb1d1d8dd5c5\windows-amd64\native-platform.dll
0x00007ffc9e6f0000 - 0x00007ffc9e834000 	C:\Users\user\.gradle\native\5664cfc778a61ccfe75a443a1ab52a65af34e5dc3c78e0209fed803814484fcb\windows-amd64\native-platform-file-events.dll
0x00007ffc87b20000 - 0x00007ffc87b2a000 	C:\Program Files\Android\Android Studio\jre\bin\management.dll
0x00007ffc87b00000 - 0x00007ffc87b0d000 	C:\Program Files\Android\Android Studio\jre\bin\management_ext.dll
0x00007ffcc30f0000 - 0x00007ffcc3108000 	C:\WINDOWS\SYSTEM32\CRYPTSP.dll
0x00007ffcc2840000 - 0x00007ffcc2874000 	C:\WINDOWS\system32\rsaenh.dll
0x00007ffcc3c40000 - 0x00007ffcc3c67000 	C:\WINDOWS\System32\bcrypt.dll
0x00007ffcc36d0000 - 0x00007ffcc36fe000 	C:\WINDOWS\SYSTEM32\USERENV.dll
0x00007ffcc3170000 - 0x00007ffcc317c000 	C:\WINDOWS\SYSTEM32\CRYPTBASE.dll
0x00007ffcc2bd0000 - 0x00007ffcc2c0b000 	C:\WINDOWS\SYSTEM32\IPHLPAPI.DLL
0x00007ffcc51c0000 - 0x00007ffcc51c8000 	C:\WINDOWS\System32\NSI.dll
0x00007ffcb2130000 - 0x00007ffcb2147000 	C:\WINDOWS\SYSTEM32\dhcpcsvc6.DLL
0x00007ffcb2d60000 - 0x00007ffcb2d7d000 	C:\WINDOWS\SYSTEM32\dhcpcsvc.DLL
0x00007ffcc2c10000 - 0x00007ffcc2cda000 	C:\WINDOWS\SYSTEM32\DNSAPI.dll

dbghelp: loaded successfully - version: 4.0.5 - missing functions: none
symbol engine: initialized successfully - sym options: 0x614 - pdb path: .;C:\Program Files\Android\Android Studio\jre\bin;C:\WINDOWS\SYSTEM32;C:\WINDOWS\WinSxS\amd64_microsoft.windows.common-controls_6595b64144ccf1df_6.0.19041.1110_none_60b5254171f9507e;C:\Program Files\Android\Android Studio\jre\bin\server;C:\Users\user\.gradle\native\e1d6ef7f7dcc3fd88c89a11ec53ec762bb8ba0a96d01ffa2cd45eb1d1d8dd5c5\windows-amd64;C:\Users\user\.gradle\native\5664cfc778a61ccfe75a443a1ab52a65af34e5dc3c78e0209fed803814484fcb\windows-amd64

VM Arguments:
jvm_args: --add-opens=java.base/java.util=ALL-UNNAMED --add-opens=java.base/java.lang=ALL-UNNAMED --add-opens=java.base/java.lang.invoke=ALL-UNNAMED --add-opens=java.base/java.util=ALL-UNNAMED --add-opens=java.prefs/java.util.prefs=ALL-UNNAMED --add-opens=java.prefs/java.util.prefs=ALL-UNNAMED --add-opens=java.base/java.nio.charset=ALL-UNNAMED --add-opens=java.base/java.net=ALL-UNNAMED --add-opens=java.base/java.util.concurrent.atomic=ALL-UNNAMED -Xmx2048m -Dfile.encoding=UTF-8 -Duser.country=IN -Duser.language=en -Duser.variant 
java_command: org.gradle.launcher.daemon.bootstrap.GradleDaemon 7.2
java_class_path (initial): C:\Users\user\.gradle\wrapper\dists\gradle-7.2-bin\2dnblmf4td7x66yl1d74lt32g\gradle-7.2\lib\gradle-launcher-7.2.jar
Launcher Type: SUN_STANDARD

[Global flags]
     intx CICompilerCount                          = 4                                         {product} {ergonomic}
     uint ConcGCThreads                            = 2                                         {product} {ergonomic}
     uint G1ConcRefinementThreads                  = 8                                         {product} {ergonomic}
   size_t G1HeapRegionSize                         = 1048576                                   {product} {ergonomic}
    uintx GCDrainStackTargetSize                   = 64                                        {product} {ergonomic}
   size_t InitialHeapSize                          = 132120576                                 {product} {ergonomic}
   size_t MarkStackSize                            = 4194304                                   {product} {ergonomic}
   size_t MaxHeapSize                              = 2147483648                                {product} {command line}
   size_t MaxNewSize                               = 1287651328                                {product} {ergonomic}
   size_t MinHeapDeltaBytes                        = 1048576                                   {product} {ergonomic}
    uintx NonNMethodCodeHeapSize                   = 5836300                                {pd product} {ergonomic}
    uintx NonProfiledCodeHeapSize                  = 122910970                              {pd product} {ergonomic}
    uintx ProfiledCodeHeapSize                     = 122910970                              {pd product} {ergonomic}
    uintx ReservedCodeCacheSize                    = 251658240                              {pd product} {ergonomic}
     bool SegmentedCodeCache                       = true                                      {product} {ergonomic}
     bool UseCompressedClassPointers               = true                                 {lp64_product} {ergonomic}
     bool UseCompressedOops                        = true                                 {lp64_product} {ergonomic}
     bool UseG1GC                                  = true                                      {product} {ergonomic}
     bool UseLargePagesIndividualAllocation        = false                                  {pd product} {ergonomic}

Logging:
Log output configuration:
 #0: stdout all=warning uptime,level,tags
 #1: stderr all=off uptime,level,tags

Environment Variables:
JAVA_HOME=C:\Program Files\Java\jdk1.8.0_251
CLASSPATH=.;
PATH=C:\Program Files\Common Files\Oracle\Java\javapath;C:\Program Files (x86)\Common Files\Oracle\Java\javapath;C:\Program Files (x86)\Intel\iCLS Client\;C:\Program Files\Intel\iCLS Client\;C:\WINDOWS\system32;C:\WINDOWS;C:\WINDOWS\System32\Wbem;C:\WINDOWS\System32\WindowsPowerShell\v1.0\;C:\WINDOWS\System32\OpenSSH\;C:\Program Files (x86)\Intel\Intel(R) Management Engine Components\DAL;C:\Program Files\Intel\Intel(R) Management Engine Components\DAL;C:\Program Files (x86)\Intel\Intel(R) Management Engine Components\IPT;C:\Program Files\Intel\Intel(R) Management Engine Components\IPT;C:\Program Files\Intel\WiFi\bin\;C:\Program Files\Common Files\Intel\WirelessCommon\;C:\Users\user\AppData\Local\Programs\Python\Python38-32;C:\Users\user\AppData\Local\Programs\Python\Python38-32\Scripts;C:\Program Files\Git\cmd;D:\flutter_windows_2.10.5-stable\flutter\bin;C:\Program Files\Java\jdk1.8.0_251\bin;C:\Program Files\nodejs\;C:\Program Files\Java\jdk1.8.0_251\bin;C:\Users\user\AppData\Local\Microsoft\WindowsApps;D:\Software;C:\Users\user\AppData\Local\Programs\Microsoft VS Code\bin;C:\Users\user\AppData\Local\GitHubDesktop\bin;D:\flutter_windows_2.10.5-stable\flutter\bin;C:\Users\user\AppData\Roaming\npm
USERNAME=user
OS=Windows_NT
PROCESSOR_IDENTIFIER=Intel64 Family 6 Model 142 Stepping 10, GenuineIntel



---------------  S Y S T E M  ---------------

OS: Windows 10 , 64 bit Build 19041 (10.0.19041.1889)
OS uptime: 4 days 17:51 hours
Hyper-V role detected

CPU:total 8 (initial active 8) (4 cores per cpu, 2 threads per core) family 6 model 142 stepping 10 microcode 0xb4, cmov, cx8, fxsr, mmx, sse, sse2, sse3, ssse3, sse4.1, sse4.2, popcnt, avx, avx2, aes, clmul, erms, 3dnowpref, lzcnt, ht, tsc, tscinvbit, bmi1, bmi2, adx, fma

Memory: 4k page, system-wide physical 8052M (466M free)
TotalPageFile size 23686M (AvailPageFile size 10M)
current process WorkingSet (physical memory assigned to process): 303M, peak: 303M
current process commit charge ("private bytes"): 343M, peak: 366M

vm_info: OpenJDK 64-Bit Server VM (11.0.12+7-b1504.28-7817840) for windows-amd64 JRE (11.0.12+7-b1504.28-7817840), built on Oct 13 2021 22:12:33 by "builder" with MS VC++ 14.0 (VS2015)

END.
